{"prompt": "You are an expert in Windows Event Log generation for cybersecurity detection. Your task is to create synthetic Windows event logs for a given MITRE ATT&CK technique using the provided base log template.\n\n----\nMITRE Technique Context:\n- ID: t1134.002\n- Name: Create Process with Token\n- Description: Adversaries may create a new process with an existing token to escalate privileges and bypass access controls. Processes can be created with the token and resulting security context of another user using features such as <code>CreateProcessWithTokenW</code> and <code>runas</code>.(Citation: Microsoft RunAs)\n\nCreating processes with a token not associated with the current user may require the credentials of the target user, specific privileges to impersonate that user, or access to the token to be used. For example, the token could be duplicated via [Token Impersonation/Theft](https://attack.mitre.org/techniques/T1134/001) or created via [Make and Impersonate Token](https://attack.mitre.org/techniques/T1134/003) before being used to create a process.\n\nWhile this technique is distinct from [Token Impersonation/Theft](https://attack.mitre.org/techniques/T1134/001), the techniques can be used in conjunction where a token is duplicated and then used to create a new process.\n----\n\nInstructions:\n- Base Log: The following is a structured base log extracted from a detection rule or Sigma rule. It describes a specific adversarial behavior mapped to a MITRE ATT&CK technique.\nInstructions for log generation:\n\n- Use the “fields” section as the canonical definition of the event log. All generated logs must match the criteria or patterns in this section, as these define the critical field names, values, and detection logic (e.g., what file was created, which command was executed).\n- You may refer to the “fieldguidance” section only to clarify the meaning or value patterns of fields (such as “contains,” “ends with,” etc.). This section is for your understanding and **should not** appear in output logs.\n- Ignore the “condition” and “message” fields; they are not required for log generation.\n- “tactic” and “technique” fields indicate MITRE ATT&CK context. The technique (e.g., T1001.003) will be further described below.\n- Other fields such as \"description\", \"channel\", and additional metadata provide context, but only vary contextually appropriate fields such as usernames, hostnames, timestamps, and file paths in your outputs to simulate natural diversity.\n\nBase Log Template:\n{\n  \"channel\": \"process_creation\",\n  \"description\": \"Detection of child processes spawned with SYSTEM privileges by parents with LOCAL SERVICE or NETWORK SERVICE accounts\",\n  \"tactic\": \"Privilege Escalation\",\n  \"technique\": [\n    \"t1134.002\"\n  ],\n  \"fields\": {\n    \"selection\": {\n      \"ParentUser|contains\": \"AUTHORI\",\n      \"ParentUser|endswith\": \"\\\\LOCAL SERVICE\",\n      \"User|contains\": \"AUTORI\",\n      \"User|endswith\": \"\\\\SYSTEM\",\n      \"IntegrityLevel\": \"S-1-16-16384\"\n    }\n  }\n}\n\n- Your output: Generate 5 realistic, unique Windows event logs in JSON, each conforming to the structure and critical fields of the base log and aligned to the MITRE technique below.\n  - Each log should reflect possible real-world variations (e.g., file names, paths, user names, timestamps), but must keep the core malicious behavior described in \"fields\". Output exactly 5 unique Windows event logs in JSON format, each as a single-line JSON object.", "response": "{\"SourceName\":\"Microsoft-Windows-Sysmon\",\"ProviderGuid\":\"{5770385f-c22a-43e0-bf4c-06f5698ffbd9}\",\"Level\":\"4\",\"Keywords\":\"0x8000000000000000\",\"Channel\":\"Microsoft-Windows-Sysmon/Operational\",\"Hostname\":\"CORP-WS01.corp.local\",\"TimeCreated\":\"2024-07-31T08:10:12.101Z\",\"@timestamp\":\"2024-07-31T08:10:12.101Z\",\"EventID\":7,\"Message\":\"Process created with SYSTEM privileges by LOCAL SERVICE\\r\\nParentUser: NT AUTHORITY\\\\LOCAL SERVICE\\r\\nUser: NT AUTHORITY\\\\SYSTEM\\r\\nIntegrityLevel: S-1-16-16384\\r\\nImage: C:\\\\Windows\\\\System32\\\\cmd.exe\\r\\nProcessId: 4101\",\"Task\":\"7\",\"RuleName\":\"-\",\"UtcTime\":\"2024-07-31 08:10:12.100\",\"ProcessGuid\":\"{a1b2c3d4-1111-2222-3333-000000000001}\",\"ProcessId\":\"4101\",\"Image\":\"C:\\\\Windows\\\\System32\\\\cmd.exe\",\"ParentUser\":\"NT AUTHORITY\\\\LOCAL SERVICE\",\"User\":\"NT AUTHORITY\\\\SYSTEM\",\"IntegrityLevel\":\"S-1-16-16384\",\"Hashes\":\"SHA1=F1A2B3C4D5E6F7890A1B2C3D4E5F67890A1B2C3D,MD5=1234ABCD5678EF9012345678ABCDEF90\"}\n{\"SourceName\":\"Microsoft-Windows-Sysmon\",\"ProviderGuid\":\"{5770385f-c22a-43e0-bf4c-06f5698ffbd9}\",\"Level\":\"4\",\"Keywords\":\"0x8000000000000000\",\"Channel\":\"Microsoft-Windows-Sysmon/Operational\",\"Hostname\":\"LAB-WS02.lab.local\",\"TimeCreated\":\"2024-07-31T09:22:21.202Z\",\"@timestamp\":\"2024-07-31T09:22:21.202Z\",\"EventID\":7,\"Message\":\"Process created with SYSTEM privileges by LOCAL SERVICE\\r\\nParentUser: NT AUTHORITY\\\\LOCAL SERVICE\\r\\nUser: NT AUTHORITY\\\\SYSTEM\\r\\nIntegrityLevel: S-1-16-16384\\r\\nImage: C:\\\\Windows\\\\System32\\\\powershell.exe\\r\\nProcessId: 4202\",\"Task\":\"7\",\"RuleName\":\"-\",\"UtcTime\":\"2024-07-31 09:22:21.200\",\"ProcessGuid\":\"{b2c3d4e5-2222-3333-4444-000000000002}\",\"ProcessId\":\"4202\",\"Image\":\"C:\\\\Windows\\\\System32\\\\powershell.exe\",\"ParentUser\":\"NT AUTHORITY\\\\LOCAL SERVICE\",\"User\":\"NT AUTHORITY\\\\SYSTEM\",\"IntegrityLevel\":\"S-1-16-16384\",\"Hashes\":\"SHA1=9B8C7D6E5F4A3B2C1D0E9F8A7B6C5D4E3F2A1B0C,MD5=5678EF9012345678ABCDEF9012345678\"}\n{\"SourceName\":\"Microsoft-Windows-Sysmon\",\"ProviderGuid\":\"{5770385f-c22a-43e0-bf4c-06f5698ffbd9}\",\"Level\":\"4\",\"Keywords\":\"0x8000000000000000\",\"Channel\":\"Microsoft-Windows-Sysmon/Operational\",\"Hostname\":\"ENTERPRISE-DC03.enterprise.local\",\"TimeCreated\":\"2024-07-31T10:33:32.303Z\",\"@timestamp\":\"2024-07-31T10:33:32.303Z\",\"EventID\":7,\"Message\":\"Process created with SYSTEM privileges by LOCAL SERVICE\\r\\nParentUser: NT AUTHORITY\\\\LOCAL SERVICE\\r\\nUser: NT AUTHORITY\\\\SYSTEM\\r\\nIntegrityLevel: S-1-16-16384\\r\\nImage: C:\\\\Windows\\\\System32\\\\regedit.exe\\r\\nProcessId: 4303\",\"Task\":\"7\",\"RuleName\":\"-\",\"UtcTime\":\"2024-07-31 10:33:32.300\",\"ProcessGuid\":\"{c3d4e5f6-3333-4444-5555-000000000003}\",\"ProcessId\":\"4303\",\"Image\":\"C:\\\\Windows\\\\System32\\\\regedit.exe\",\"ParentUser\":\"NT AUTHORITY\\\\LOCAL SERVICE\",\"User\":\"NT AUTHORITY\\\\SYSTEM\",\"IntegrityLevel\":\"S-1-16-16384\",\"Hashes\":\"SHA1=ABCDEF1234567890ABCDEF1234567890ABCDEF12,MD5=ABCDEF9012345678ABCDEF9012345678\"}\n{\"SourceName\":\"Microsoft-Windows-Sysmon\",\"ProviderGuid\":\"{5770385f-c22a-43e0-bf4c-06f5698ffbd9}\",\"Level\":\"4\",\"Keywords\":\"0x8000000000000000\",\"Channel\":\"Microsoft-Windows-Sysmon/Operational\",\"Hostname\":\"BRANCH-WS04.branch.local\",\"TimeCreated\":\"2024-07-31T11:44:43.404Z\",\"@timestamp\":\"2024-07-31T11:44:43.404Z\",\"EventID\":7,\"Message\":\"Process created with SYSTEM privileges by LOCAL SERVICE\\r\\nParentUser: NT AUTHORITY\\\\LOCAL SERVICE\\r\\nUser: NT AUTHORITY\\\\SYSTEM\\r\\nIntegrityLevel: S-1-16-16384\\r\\nImage: C:\\\\Windows\\\\System32\\\\taskmgr.exe\\r\\nProcessId: 4404\",\"Task\":\"7\",\"RuleName\":\"-\",\"UtcTime\":\"2024-07-31 11:44:43.400\",\"ProcessGuid\":\"{d4e5f6a7-4444-5555-6666-000000000004}\",\"ProcessId\":\"4404\",\"Image\":\"C:\\\\Windows\\\\System32\\\\taskmgr.exe\",\"ParentUser\":\"NT AUTHORITY\\\\LOCAL SERVICE\",\"User\":\"NT AUTHORITY\\\\SYSTEM\",\"IntegrityLevel\":\"S-1-16-16384\",\"Hashes\":\"SHA1=FEDCBA0987654321FEDCBA0987654321FEDCBA09,MD5=FEDCBA0987654321FEDCBA0987654321\"}\n{\"SourceName\":\"Microsoft-Windows-Sysmon\",\"ProviderGuid\":\"{5770385f-c22a-43e0-bf4c-06f5698ffbd9}\",\"Level\":\"4\",\"Keywords\":\"0x8000000000000000\",\"Channel\":\"Microsoft-Windows-Sysmon/Operational\",\"Hostname\":\"USER1-PC.user1.local\",\"TimeCreated\":\"2024-07-31T12:55:54.505Z\",\"@timestamp\":\"2024-07-31T12:55:54.505Z\",\"EventID\":7,\"Message\":\"Process created with SYSTEM privileges by LOCAL SERVICE\\r\\nParentUser: NT AUTHORITY\\\\LOCAL SERVICE\\r\\nUser: NT AUTHORITY\\\\SYSTEM\\r\\nIntegrityLevel: S-1-16-16384\\r\\nImage: C:\\\\Windows\\\\System32\\\\notepad.exe\\r\\nProcessId: 4505\",\"Task\":\"7\",\"RuleName\":\"-\",\"UtcTime\":\"2024-07-31 12:55:54.500\",\"ProcessGuid\":\"{e5f6a789-5555-6666-7777-000000000005}\",\"ProcessId\":\"4505\",\"Image\":\"C:\\\\Windows\\\\System32\\\\notepad.exe\",\"ParentUser\":\"NT AUTHORITY\\\\LOCAL SERVICE\",\"User\":\"NT AUTHORITY\\\\SYSTEM\",\"IntegrityLevel\":\"S-1-16-16384\",\"Hashes\":\"SHA1=0123456789ABCDEF0123456789ABCDEF01234567,MD5=0123456789ABCDEF0123456789ABCDEF\"}"}