{"SourceName": "Microsoft-Windows-Sysmon", "ProviderGuid": "{5770385f-c22a-43e0-bf4c-06f5698ffbd9}", "Level": "4", "Keywords": "0x8000000000000000", "Channel": "Microsoft-Windows-Sysmon/Operational", "Hostname": "DESKTOP-CQF82L6", "TimeCreated": "2022-07-05T02:00:49.906Z", "@timestamp": "2022-07-05T02:00:49.906Z", "EventID": 10, "Message": "Process accessed:\r\nRuleName: -\r\nUtcTime: 2022-07-05 21:00:49.893\r\nSourceProcessGUID: {01e2a015-d09e-62bd-3700-000000000700}\r\nSourceProcessId: 1636\r\nSourceThreadId: 6640\r\nSourceImage: C:\\Windows\\system32\\svchost.exe\r\nTargetProcessGUID: {01e2a015-69c5-62c0-5f05-000000000700}\r\nTargetProcessId: 6288\r\nTargetImage: C:\\Windows\\system32\\svchost.exe\r\nGrantedAccess: 0x1000\r\nCallTrace: C:\\Windows\\SYSTEM32\\ntdll.dll+9de14|C:\\Windows\\System32\\RPCRT4.dll+3c344|C:\\Windows\\System32\\combase.dll+3943c|c:\\windows\\system32\\windows.staterepository.dll+2bd0b|c:\\windows\\system32\\windows.staterepository.dll+25e82|C:\\Windows\\System32\\RPCRT4.dll+79633|C:\\Windows\\System32\\RPCRT4.dll+dd77b|C:\\Windows\\System32\\RPCRT4.dll+1ba89|C:\\Windows\\System32\\combase.dll+2333c|C:\\Windows\\System32\\RPCRT4.dll+5b89b|C:\\Windows\\System32\\combase.dll+d02b3|C:\\Windows\\System32\\combase.dll+d003e|C:\\Windows\\System32\\combase.dll+2b9b6|C:\\Windows\\System32\\combase.dll+9ad83|C:\\Windows\\System32\\combase.dll+1cf7d|C:\\Windows\\System32\\combase.dll+760f6|C:\\Windows\\System32\\combase.dll+fc274|C:\\Windows\\System32\\combase.dll+780b9|C:\\Windows\\System32\\RPCRT4.dll+5a408|C:\\Windows\\System32\\RPCRT4.dll+3a266|C:\\Windows\\System32\\RPCRT4.dll+39e96|C:\\Windows\\System32\\RPCRT4.dll+4885f|C:\\Windows\\System32\\RPCRT4.dll+47e18|C:\\Windows\\System32\\RPCRT4.dll+47401\r\nSourceUser: NT AUTHORITY\\SYSTEM\r\nTargetUser: NT AUTHORITY\\SYSTEM", "Task": "10", "RuleName": "-", "UtcTime": "2022-07-05 21:00:49.893", "SourceProcessGUID": "{01e2a015-d09e-62bd-3700-000000000700}", "SourceProcessId": "1636", "SourceThreadId": "6640", "SourceImage": "C:\\Windows\\system32\\svchost.exe", "TargetProcessGUID": "{01e2a015-69c5-62c0-5f05-000000000700}", "TargetProcessId": "6288", "TargetImage": "C:\\Windows\\system32\\svchost.exe", "GrantedAccess": "0x1000", "CallTrace": "C:\\Windows\\SYSTEM32\\ntdll.dll+9de14|C:\\Windows\\System32\\RPCRT4.dll+3c344|C:\\Windows\\System32\\combase.dll+3943c|c:\\windows\\system32\\windows.staterepository.dll+2bd0b|c:\\windows\\system32\\windows.staterepository.dll+25e82|C:\\Windows\\System32\\RPCRT4.dll+79633|C:\\Windows\\System32\\RPCRT4.dll+dd77b|C:\\Windows\\System32\\RPCRT4.dll+1ba89|C:\\Windows\\System32\\combase.dll+2333c|C:\\Windows\\System32\\RPCRT4.dll+5b89b|C:\\Windows\\System32\\combase.dll+d02b3|C:\\Windows\\System32\\combase.dll+d003e|C:\\Windows\\System32\\combase.dll+2b9b6|C:\\Windows\\System32\\combase.dll+9ad83|C:\\Windows\\System32\\combase.dll+1cf7d|C:\\Windows\\System32\\combase.dll+760f6|C:\\Windows\\System32\\combase.dll+fc274|C:\\Windows\\System32\\combase.dll+780b9|C:\\Windows\\System32\\RPCRT4.dll+5a408|C:\\Windows\\System32\\RPCRT4.dll+3a266|C:\\Windows\\System32\\RPCRT4.dll+39e96|C:\\Windows\\System32\\RPCRT4.dll+4885f|C:\\Windows\\System32\\RPCRT4.dll+47e18|C:\\Windows\\System32\\RPCRT4.dll+47401", "SourceUser": "NT AUTHORITY\\SYSTEM", "TargetUser": "NT AUTHORITY\\SYSTEM"}
{"RecordNumber":222,"EventRecordId":3333,"TimeCreated":"2019-09-23 09:18:55.0000000","EventId":1040,"Level":"Info","Provider":"MsiInstaller","Channel":"Application","ProcessId":0,"ThreadId":0,"Computer":"User-PC","ChunkNumber":1,"UserId":"S-1-5-21-1302019708-1500728564-335382590-1000","MapDescription":"Installer Started","UserName":NaN,"RemoteHost":NaN,"PayloadData1":NaN,"PayloadData2":NaN,"PayloadData3":NaN,"PayloadData4":NaN,"PayloadData5":NaN,"PayloadData6":NaN,"ExecutableInfo":"C:\\MSOCache\\All Users\\{90140000-002C-0419-0000-0000000FF1CE}-C\\Proofing.msi","HiddenRecord":false,"SourceFile":"C:\\Users\\AHMED\\Desktop\\new-approch\\EVTX-ATTACK-SAMPLES\\Execution\\rogue_msi_url_1040_1042.evtx","Keywords":"0x80000000000000","ExtraDataOffset":0,"Payload":"{\"EventData\":{\"Data\":\"C:\\\\MSOCache\\\\All Users\\\\{90140000-002C-0419-0000-0000000FF1CE}-C\\\\Proofing.msi, 3700, (NULL), (NULL), (NULL), (NULL)\",\"Binary\":\"\"}}"}
{"SourceName": "Microsoft-Windows-Sysmon", "ProviderGuid": "{5770385f-c22a-43e0-bf4c-06f5698ffbd9}", "Level": "4", "Keywords": "0x8000000000000000", "Channel": "Microsoft-Windows-Sysmon/Operational", "Hostname": "Pedro01", "TimeCreated": "2022-08-08T01:39:15.182Z", "@timestamp": "2022-08-08T01:39:15.182Z", "EventID": 10, "Message": "Process accessed:\r\nRuleName: -\r\nUtcTime: 2022-08-08 20:39:15.169\r\nSourceProcessGUID: {625b42a0-6b34-62e9-0c00-000000000900}\r\nSourceProcessId: 604\r\nSourceThreadId: 9500\r\nSourceImage: C:\\Windows\\system32\\lsass.exe\r\nTargetProcessGUID: {625b42a0-bf2d-62ea-6005-000000000900}\r\nTargetProcessId: 2716\r\nTargetImage: C:\\Windows\\system32\\svchost.exe\r\nGrantedAccess: 0x1000\r\nCallTrace: C:\\Windows\\SYSTEM32\\ntdll.dll+9c524|C:\\Windows\\System32\\KERNELBASE.dll+2730e|C:\\Windows\\system32\\lsasrv.dll+34e42|C:\\Windows\\system32\\lsasrv.dll+34c57|C:\\Windows\\system32\\lsasrv.dll+34bb9|C:\\Windows\\System32\\RPCRT4.dll+76963|C:\\Windows\\System32\\RPCRT4.dll+da036|C:\\Windows\\System32\\RPCRT4.dll+37a5c|C:\\Windows\\System32\\RPCRT4.dll+548d8|C:\\Windows\\System32\\RPCRT4.dll+2c931|C:\\Windows\\System32\\RPCRT4.dll+2c1eb|C:\\Windows\\System32\\RPCRT4.dll+1a86f|C:\\Windows\\System32\\RPCRT4.dll+19d1a|C:\\Windows\\System32\\RPCRT4.dll+19301|C:\\Windows\\System32\\RPCRT4.dll+18d6e|C:\\Windows\\System32\\RPCRT4.dll+169a5|C:\\Windows\\SYSTEM32\\ntdll.dll+333fd|C:\\Windows\\SYSTEM32\\ntdll.dll+34152|C:\\Windows\\System32\\KERNEL32.DLL+17944|C:\\Windows\\SYSTEM32\\ntdll.dll+6ce71\r\nSourceUser: NT AUTHORITY\\SYSTEM\r\nTargetUser: NT AUTHORITY\\SYSTEM", "Task": "10", "RuleName": "-", "UtcTime": "2022-08-08 20:39:15.169", "SourceProcessGUID": "{625b42a0-6b34-62e9-0c00-000000000900}", "SourceProcessId": "604", "SourceThreadId": "9500", "SourceImage": "C:\\Windows\\system32\\lsass.exe", "TargetProcessGUID": "{625b42a0-bf2d-62ea-6005-000000000900}", "TargetProcessId": "2716", "TargetImage": "C:\\Windows\\system32\\svchost.exe", "GrantedAccess": "0x1000", "CallTrace": "C:\\Windows\\SYSTEM32\\ntdll.dll+9c524|C:\\Windows\\System32\\KERNELBASE.dll+2730e|C:\\Windows\\system32\\lsasrv.dll+34e42|C:\\Windows\\system32\\lsasrv.dll+34c57|C:\\Windows\\system32\\lsasrv.dll+34bb9|C:\\Windows\\System32\\RPCRT4.dll+76963|C:\\Windows\\System32\\RPCRT4.dll+da036|C:\\Windows\\System32\\RPCRT4.dll+37a5c|C:\\Windows\\System32\\RPCRT4.dll+548d8|C:\\Windows\\System32\\RPCRT4.dll+2c931|C:\\Windows\\System32\\RPCRT4.dll+2c1eb|C:\\Windows\\System32\\RPCRT4.dll+1a86f|C:\\Windows\\System32\\RPCRT4.dll+19d1a|C:\\Windows\\System32\\RPCRT4.dll+19301|C:\\Windows\\System32\\RPCRT4.dll+18d6e|C:\\Windows\\System32\\RPCRT4.dll+169a5|C:\\Windows\\SYSTEM32\\ntdll.dll+333fd|C:\\Windows\\SYSTEM32\\ntdll.dll+34152|C:\\Windows\\System32\\KERNEL32.DLL+17944|C:\\Windows\\SYSTEM32\\ntdll.dll+6ce71", "SourceUser": "NT AUTHORITY\\SYSTEM", "TargetUser": "NT AUTHORITY\\SYSTEM"}
{"SourceName": "Microsoft-Windows-Sysmon", "ProviderGuid": "{5770385f-c22a-43e0-bf4c-06f5698ffbd9}", "Level": "4", "Keywords": "0x8000000000000000", "Channel": "Microsoft-Windows-Sysmon/Operational", "Hostname": "Pedro01", "TimeCreated": "2022-08-03T04:19:04.905Z", "@timestamp": "2022-08-03T04:19:04.905Z", "EventID": 10, "Message": "Process accessed:\r\nRuleName: -\r\nUtcTime: 2022-08-03 23:19:04.898\r\nSourceProcessGUID: {625b42a0-6b36-62e9-1b00-000000000900}\r\nSourceProcessId: 1048\r\nSourceThreadId: 1244\r\nSourceImage: C:\\Windows\\System32\\VBoxService.exe\r\nTargetProcessGUID: {625b42a0-49cb-62e9-7d01-000000000900}\r\nTargetProcessId: 6864\r\nTargetImage: C:\\Windows\\system32\\svchost.exe\r\nGrantedAccess: 0x1400\r\nCallTrace: C:\\Windows\\SYSTEM32\\ntdll.dll+9c524|C:\\Windows\\System32\\KERNELBASE.dll+2730e|C:\\Windows\\System32\\VBoxService.exe+13357|C:\\Windows\\System32\\VBoxService.exe+145a9|C:\\Windows\\System32\\VBoxService.exe+1487e|C:\\Windows\\System32\\VBoxService.exe+102bb|C:\\Windows\\System32\\VBoxService.exe+10dc0|C:\\Windows\\System32\\VBoxService.exe+17ee|C:\\Windows\\System32\\VBoxService.exe+3234f|C:\\Windows\\System32\\VBoxService.exe+35f1c|C:\\Windows\\System32\\VBoxService.exe+103663|C:\\Windows\\System32\\VBoxService.exe+1036f7|C:\\Windows\\System32\\KERNEL32.DLL+17944|C:\\Windows\\SYSTEM32\\ntdll.dll+6ce71\r\nSourceUser: NT AUTHORITY\\SYSTEM\r\nTargetUser: NT AUTHORITY\\SYSTEM", "Task": "10", "RuleName": "-", "UtcTime": "2022-08-03 23:19:04.898", "SourceProcessGUID": "{625b42a0-6b36-62e9-1b00-000000000900}", "SourceProcessId": "1048", "SourceThreadId": "1244", "SourceImage": "C:\\Windows\\System32\\VBoxService.exe", "TargetProcessGUID": "{625b42a0-49cb-62e9-7d01-000000000900}", "TargetProcessId": "6864", "TargetImage": "C:\\Windows\\system32\\svchost.exe", "GrantedAccess": "0x1400", "CallTrace": "C:\\Windows\\SYSTEM32\\ntdll.dll+9c524|C:\\Windows\\System32\\KERNELBASE.dll+2730e|C:\\Windows\\System32\\VBoxService.exe+13357|C:\\Windows\\System32\\VBoxService.exe+145a9|C:\\Windows\\System32\\VBoxService.exe+1487e|C:\\Windows\\System32\\VBoxService.exe+102bb|C:\\Windows\\System32\\VBoxService.exe+10dc0|C:\\Windows\\System32\\VBoxService.exe+17ee|C:\\Windows\\System32\\VBoxService.exe+3234f|C:\\Windows\\System32\\VBoxService.exe+35f1c|C:\\Windows\\System32\\VBoxService.exe+103663|C:\\Windows\\System32\\VBoxService.exe+1036f7|C:\\Windows\\System32\\KERNEL32.DLL+17944|C:\\Windows\\SYSTEM32\\ntdll.dll+6ce71", "SourceUser": "NT AUTHORITY\\SYSTEM", "TargetUser": "NT AUTHORITY\\SYSTEM"}
{"Keywords": -9223372036854775808, "SeverityValue": 2, "EventReceivedTime": "2020-09-18 13:08:20", "EventID": 9, "ProviderGuid": "{5770385F-C22A-43E0-BF4C-06F5698FFBD9}", "ExecutionProcessID": 3392, "Channel": "Microsoft-Windows-Sysmon/Operational", "host": "wec.internal.cloudapp.net", "AccountType": "User", "UserID": "S-1-5-18", "ProcessGuid": "{d273d0f0-e84d-5f64-0100-000000000800}", "ThreadID": 5552, "EventType": "INFO", "Opcode": "Info", "EventTime": "2020-09-18 13:06:26", "@timestamp": "2020-09-18T17:08:20.313Z", "SourceModuleType": "im_msvistalog", "port": 64545, "AccountName": "SYSTEM", "RecordNumber": 1711292, "Task": 9, "Domain": "NT AUTHORITY", "@version": "1", "OpcodeValue": 0, "Device": "\\Device\\HarddiskVolume3", "SourceModuleName": "eventlog", "Severity": "INFO", "SourceName": "Microsoft-Windows-Sysmon", "Version": 2, "Image": "System", "Category": "RawAccessRead detected (rule: RawAccessRead)", "UtcTime": "2020-09-18 17:06:26.163", "Hostname": "WORKSTATION6.theshire.local", "RuleName": "-", "tags": ["mordorDataset"]}
{"SourceName": "Microsoft-Windows-Sysmon", "ProviderGuid": "{5770385f-c22a-43e0-bf4c-06f5698ffbd9}", "Level": "4", "Keywords": "0x8000000000000000", "Channel": "Microsoft-Windows-Sysmon/Operational", "Hostname": "Pedro01", "TimeCreated": "2022-08-03T04:56:20.496Z", "@timestamp": "2022-08-03T04:56:20.496Z", "EventID": 12, "Message": "Registry object added or deleted:\r\nRuleName: -\r\nEventType: CreateKey\r\nUtcTime: 2022-08-03 23:56:20.459\r\nProcessGuid: {625b42a0-0b23-62eb-9405-000000000900}\r\nProcessId: 1340\r\nImage: C:\\Users\\IT01-Pedro\\Downloads\\payload.exe\r\nTargetObject: HKU\\S-1-5-21-968647429-258479840-2507984072-1001\\Software\\Microsoft\\SystemCertificates\\Disallowed\r\nUser: PEDRO01\\pedro", "Task": "12", "RuleName": "-", "EventType": "CreateKey", "UtcTime": "2022-08-03 23:56:20.459", "ProcessGuid": "{625b42a0-0b23-62eb-9405-000000000900}", "ProcessId": "1340", "Image": "C:\\Users\\IT01-Pedro\\Downloads\\payload.exe", "TargetObject": "HKU\\S-1-5-21-968647429-258479840-2507984072-1001\\Software\\Microsoft\\SystemCertificates\\Disallowed", "User": "PEDRO01\\pedro"}
{"SourceName": "Microsoft-Windows-Sysmon", "ProviderGuid": "{5770385f-c22a-43e0-bf4c-06f5698ffbd9}", "Level": "4", "Keywords": "0x8000000000000000", "Channel": "Microsoft-Windows-Sysmon/Operational", "Hostname": "pedro-computer", "TimeCreated": "2022-08-18T05:35:15.394Z", "@timestamp": "2022-08-18T05:35:15.394Z", "EventID": 10, "Message": "Process accessed:\r\nRuleName: -\r\nUtcTime: 2022-08-19 00:35:15.390\r\nSourceProcessGUID: {564ff025-a9e3-62fe-1e00-000000000700}\r\nSourceProcessId: 1172\r\nSourceThreadId: 1204\r\nSourceImage: C:\\Windows\\System32\\VBoxService.exe\r\nTargetProcessGUID: {564ff025-a9db-62fe-0d00-000000000700}\r\nTargetProcessId: 708\r\nTargetImage: C:\\Windows\\system32\\svchost.exe\r\nGrantedAccess: 0x1400\r\nCallTrace: C:\\Windows\\SYSTEM32\\ntdll.dll+9c524|C:\\Windows\\System32\\KERNELBASE.dll+2730e|C:\\Windows\\System32\\VBoxService.exe+13317|C:\\Windows\\System32\\VBoxService.exe+14569|C:\\Windows\\System32\\VBoxService.exe+1483e|C:\\Windows\\System32\\VBoxService.exe+1027b|C:\\Windows\\System32\\VBoxService.exe+10d80|C:\\Windows\\System32\\VBoxService.exe+17ee|C:\\Windows\\System32\\VBoxService.exe+3230f|C:\\Windows\\System32\\VBoxService.exe+35edc|C:\\Windows\\System32\\VBoxService.exe+103653|C:\\Windows\\System32\\VBoxService.exe+1036e7|C:\\Windows\\System32\\KERNEL32.DLL+17944|C:\\Windows\\SYSTEM32\\ntdll.dll+6ce71", "Task": "10", "RuleName": "-", "UtcTime": "2022-08-19 00:35:15.390", "SourceProcessGUID": "{564ff025-a9e3-62fe-1e00-000000000700}", "SourceProcessId": "1172", "SourceThreadId": "1204", "SourceImage": "C:\\Windows\\System32\\VBoxService.exe", "TargetProcessGUID": "{564ff025-a9db-62fe-0d00-000000000700}", "TargetProcessId": "708", "TargetImage": "C:\\Windows\\system32\\svchost.exe", "GrantedAccess": "0x1400", "CallTrace": "C:\\Windows\\SYSTEM32\\ntdll.dll+9c524|C:\\Windows\\System32\\KERNELBASE.dll+2730e|C:\\Windows\\System32\\VBoxService.exe+13317|C:\\Windows\\System32\\VBoxService.exe+14569|C:\\Windows\\System32\\VBoxService.exe+1483e|C:\\Windows\\System32\\VBoxService.exe+1027b|C:\\Windows\\System32\\VBoxService.exe+10d80|C:\\Windows\\System32\\VBoxService.exe+17ee|C:\\Windows\\System32\\VBoxService.exe+3230f|C:\\Windows\\System32\\VBoxService.exe+35edc|C:\\Windows\\System32\\VBoxService.exe+103653|C:\\Windows\\System32\\VBoxService.exe+1036e7|C:\\Windows\\System32\\KERNEL32.DLL+17944|C:\\Windows\\SYSTEM32\\ntdll.dll+6ce71"}
{"@timestamp": "2020-10-22T08:30:40.408Z", "ProcessId": "5384", "OpcodeValue": 0, "AccountName": "SYSTEM", "port": 58121, "AccountType": "User", "Severity": "INFO", "TargetObject": "HKU\\S-1-5-21-2323213074-4052461197-1785501644-1104\\Software\\Microsoft\\Windows\\CurrentVersion\\Internet Settings\\Lockdown_Zones\\1", "EventTime": "2020-10-22 04:30:00", "SourceName": "Microsoft-Windows-Sysmon", "ProviderGuid": "{5770385F-C22A-43E0-BF4C-06F5698FFBD9}", "Channel": "Microsoft-Windows-Sysmon/Operational", "Image": "C:\\windows\\System32\\WindowsPowerShell\\v1.0\\powershell.exe", "EventReceivedTime": "2020-10-22 04:30:40", "ExecutionProcessID": 3616, "UtcTime": "2020-10-22 08:30:00.318", "EventID": 12, "Category": "Registry object added or deleted (rule: RegistryEvent)", "tags": ["mordorDataset"], "SeverityValue": 2, "Keywords": -9223372036854775808, "EventType": "CreateKey", "Version": 2, "SourceModuleName": "eventlog", "SourceModuleType": "im_msvistalog", "Domain": "NT AUTHORITY", "host": "wec.internal.cloudapp.net", "EventTypeOrignal": "INFO", "RecordNumber": 747650, "ThreadID": 4132, "Task": 12, "Message": "Registry object added or deleted:\r\nRuleName: -\r\nEventType: CreateKey\r\nUtcTime: 2020-10-22 08:30:00.318\r\nProcessGuid: {fddc55f3-4306-5f91-1906-000000000400}\r\nProcessId: 5384\r\nImage: C:\\windows\\System32\\WindowsPowerShell\\v1.0\\powershell.exe\r\nTargetObject: HKU\\S-1-5-21-2323213074-4052461197-1785501644-1104\\Software\\Microsoft\\Windows\\CurrentVersion\\Internet Settings\\Lockdown_Zones\\1", "Hostname": "MORDORDC.theshire.local", "RuleName": "-", "@version": "1", "UserID": "S-1-5-18", "ProcessGuid": "{fddc55f3-4306-5f91-1906-000000000400}", "Opcode": "Info"}
{"SourceName": "Microsoft-Windows-Sysmon", "ProviderGuid": "{5770385f-c22a-43e0-bf4c-06f5698ffbd9}", "Level": "4", "Keywords": "0x8000000000000000", "Channel": "Microsoft-Windows-Sysmon/Operational", "Hostname": "Pedro01", "TimeCreated": "2022-08-03T07:31:36.897Z", "@timestamp": "2022-08-03T07:31:36.897Z", "EventID": 10, "Message": "Process accessed:\r\nRuleName: -\r\nUtcTime: 2022-08-04 02:31:36.846\r\nSourceProcessGUID: {625b42a0-6b36-62e9-1b00-000000000900}\r\nSourceProcessId: 1048\r\nSourceThreadId: 1244\r\nSourceImage: C:\\Windows\\System32\\VBoxService.exe\r\nTargetProcessGUID: {625b42a0-4119-62e9-5b00-000000000900}\r\nTargetProcessId: 3772\r\nTargetImage: C:\\Windows\\system32\\svchost.exe\r\nGrantedAccess: 0x1400\r\nCallTrace: C:\\Windows\\SYSTEM32\\ntdll.dll+9c524|C:\\Windows\\System32\\KERNELBASE.dll+2730e|C:\\Windows\\System32\\VBoxService.exe+13357|C:\\Windows\\System32\\VBoxService.exe+145d4|C:\\Windows\\System32\\VBoxService.exe+1487e|C:\\Windows\\System32\\VBoxService.exe+102bb|C:\\Windows\\System32\\VBoxService.exe+10dc0|C:\\Windows\\System32\\VBoxService.exe+17ee|C:\\Windows\\System32\\VBoxService.exe+3234f|C:\\Windows\\System32\\VBoxService.exe+35f1c|C:\\Windows\\System32\\VBoxService.exe+103663|C:\\Windows\\System32\\VBoxService.exe+1036f7|C:\\Windows\\System32\\KERNEL32.DLL+17944|C:\\Windows\\SYSTEM32\\ntdll.dll+6ce71\r\nSourceUser: NT AUTHORITY\\SYSTEM\r\nTargetUser: NT AUTHORITY\\SYSTEM", "Task": "10", "RuleName": "-", "UtcTime": "2022-08-04 02:31:36.846", "SourceProcessGUID": "{625b42a0-6b36-62e9-1b00-000000000900}", "SourceProcessId": "1048", "SourceThreadId": "1244", "SourceImage": "C:\\Windows\\System32\\VBoxService.exe", "TargetProcessGUID": "{625b42a0-4119-62e9-5b00-000000000900}", "TargetProcessId": "3772", "TargetImage": "C:\\Windows\\system32\\svchost.exe", "GrantedAccess": "0x1400", "CallTrace": "C:\\Windows\\SYSTEM32\\ntdll.dll+9c524|C:\\Windows\\System32\\KERNELBASE.dll+2730e|C:\\Windows\\System32\\VBoxService.exe+13357|C:\\Windows\\System32\\VBoxService.exe+145d4|C:\\Windows\\System32\\VBoxService.exe+1487e|C:\\Windows\\System32\\VBoxService.exe+102bb|C:\\Windows\\System32\\VBoxService.exe+10dc0|C:\\Windows\\System32\\VBoxService.exe+17ee|C:\\Windows\\System32\\VBoxService.exe+3234f|C:\\Windows\\System32\\VBoxService.exe+35f1c|C:\\Windows\\System32\\VBoxService.exe+103663|C:\\Windows\\System32\\VBoxService.exe+1036f7|C:\\Windows\\System32\\KERNEL32.DLL+17944|C:\\Windows\\SYSTEM32\\ntdll.dll+6ce71", "SourceUser": "NT AUTHORITY\\SYSTEM", "TargetUser": "NT AUTHORITY\\SYSTEM"}
{"SourceName": "Microsoft-Windows-Sysmon", "ProviderGuid": "{5770385f-c22a-43e0-bf4c-06f5698ffbd9}", "Level": "4", "Keywords": "0x8000000000000000", "Channel": "Microsoft-Windows-Sysmon/Operational", "Hostname": "pedro-computer", "TimeCreated": "2022-08-18T06:58:49.830Z", "@timestamp": "2022-08-18T06:58:49.830Z", "EventID": 10, "Message": "Process accessed:\r\nRuleName: -\r\nUtcTime: 2022-08-18 13:58:49.752\r\nSourceProcessGUID: {564ff025-4d71-62fe-1e00-000000000600}\r\nSourceProcessId: 1136\r\nSourceThreadId: 1164\r\nSourceImage: C:\\Windows\\System32\\VBoxService.exe\r\nTargetProcessGUID: {564ff025-2349-62fe-3c00-000000000600}\r\nTargetProcessId: 2168\r\nTargetImage: C:\\Windows\\System32\\spoolsv.exe\r\nGrantedAccess: 0x1400\r\nCallTrace: C:\\Windows\\SYSTEM32\\ntdll.dll+9c524|C:\\Windows\\System32\\KERNELBASE.dll+2730e|C:\\Windows\\System32\\VBoxService.exe+13317|C:\\Windows\\System32\\VBoxService.exe+145bf|C:\\Windows\\System32\\VBoxService.exe+1483e|C:\\Windows\\System32\\VBoxService.exe+1027b|C:\\Windows\\System32\\VBoxService.exe+10d80|C:\\Windows\\System32\\VBoxService.exe+17ee|C:\\Windows\\System32\\VBoxService.exe+3230f|C:\\Windows\\System32\\VBoxService.exe+35edc|C:\\Windows\\System32\\VBoxService.exe+103653|C:\\Windows\\System32\\VBoxService.exe+1036e7|C:\\Windows\\System32\\KERNEL32.DLL+17944|C:\\Windows\\SYSTEM32\\ntdll.dll+6ce71", "Task": "10", "RuleName": "-", "UtcTime": "2022-08-18 13:58:49.752", "SourceProcessGUID": "{564ff025-4d71-62fe-1e00-000000000600}", "SourceProcessId": "1136", "SourceThreadId": "1164", "SourceImage": "C:\\Windows\\System32\\VBoxService.exe", "TargetProcessGUID": "{564ff025-2349-62fe-3c00-000000000600}", "TargetProcessId": "2168", "TargetImage": "C:\\Windows\\System32\\spoolsv.exe", "GrantedAccess": "0x1400", "CallTrace": "C:\\Windows\\SYSTEM32\\ntdll.dll+9c524|C:\\Windows\\System32\\KERNELBASE.dll+2730e|C:\\Windows\\System32\\VBoxService.exe+13317|C:\\Windows\\System32\\VBoxService.exe+145bf|C:\\Windows\\System32\\VBoxService.exe+1483e|C:\\Windows\\System32\\VBoxService.exe+1027b|C:\\Windows\\System32\\VBoxService.exe+10d80|C:\\Windows\\System32\\VBoxService.exe+17ee|C:\\Windows\\System32\\VBoxService.exe+3230f|C:\\Windows\\System32\\VBoxService.exe+35edc|C:\\Windows\\System32\\VBoxService.exe+103653|C:\\Windows\\System32\\VBoxService.exe+1036e7|C:\\Windows\\System32\\KERNEL32.DLL+17944|C:\\Windows\\SYSTEM32\\ntdll.dll+6ce71"}
{"Keywords": -9223372036854775808, "SeverityValue": 2, "TargetObject": "HKLM\\DRIVERS\\DriverDatabase\\DriverPackages", "EventTypeOrignal": "INFO", "EventID": 12, "ProviderGuid": "{5770385F-C22A-43E0-BF4C-06F5698FFBD9}", "ExecutionProcessID": 3392, "host": "wec.internal.cloudapp.net", "Channel": "Microsoft-Windows-Sysmon/Operational", "UserID": "S-1-5-18", "AccountType": "User", "ThreadID": 5552, "ProcessGuid": "{d273d0f0-e865-5f64-0c00-000000000800}", "EventReceivedTime": "2020-09-18 13:08:37", "Opcode": "Info", "EventTime": "2020-09-18 13:06:54", "@timestamp": "2020-09-18T17:08:37.301Z", "SourceModuleType": "im_msvistalog", "port": 64545, "AccountName": "SYSTEM", "RecordNumber": 1716849, "Task": 12, "Domain": "NT AUTHORITY", "@version": "1", "OpcodeValue": 0, "SourceModuleName": "eventlog", "Severity": "INFO", "SourceName": "Microsoft-Windows-Sysmon", "Version": 2, "Image": "C:\\windows\\system32\\WerFault.exe", "Category": "Registry object added or deleted (rule: RegistryEvent)", "UtcTime": "2020-09-18 17:06:54.875", "Hostname": "WORKSTATION6.theshire.local", "RuleName": "-", "tags": ["mordorDataset"]}
{"SourceName": "Microsoft-Windows-Sysmon", "ProviderGuid": "{5770385f-c22a-43e0-bf4c-06f5698ffbd9}", "Level": "4", "Keywords": "0x8000000000000000", "Channel": "Microsoft-Windows-Sysmon/Operational", "Hostname": "WORKSTATION5", "TimeCreated": "2021-06-11T09:07:38.204Z", "@timestamp": "2021-06-11T09:07:38.204Z", "EventID": 10, "Message": "Process accessed:\r\nRuleName: MsMpEng\r\nUtcTime: 2021-06-12 01:07:38.197\r\nSourceProcessGUID: {e2c04bb9-a3f6-60c3-8600-000000000300}\r\nSourceProcessId: 4752\r\nSourceThreadId: 6660\r\nSourceImage: C:\\Windows\\system32\\wbem\\wmiprvse.exe\r\nTargetProcessGUID: {e2c04bb9-a3f1-60c3-6e00-000000000300}\r\nTargetProcessId: 3824\r\nTargetImage: C:\\Windows\\system32\\svchost.exe\r\nGrantedAccess: 0x1410\r\nCallTrace: C:\\Windows\\SYSTEM32\\ntdll.dll+9d364|C:\\Windows\\System32\\KERNELBASE.dll+305ee|C:\\Windows\\system32\\wbem\\cimwin32.dll+f46e|C:\\Windows\\system32\\wbem\\cimwin32.dll+faf5|C:\\Windows\\SYSTEM32\\framedynos.dll+5722|C:\\Windows\\SYSTEM32\\framedynos.dll+6ead|C:\\Windows\\system32\\wbem\\wmiprvse.exe+8ad1|C:\\Windows\\system32\\wbem\\wmiprvse.exe+8753|C:\\Windows\\System32\\RPCRT4.dll+78553|C:\\Windows\\System32\\RPCRT4.dll+12779|C:\\Windows\\System32\\combase.dll+a8c82|C:\\Windows\\System32\\RPCRT4.dll+5f1db|C:\\Windows\\System32\\combase.dll+2b363|C:\\Windows\\System32\\combase.dll+2b153|C:\\Windows\\System32\\combase.dll+ab606|C:\\Windows\\System32\\combase.dll+2f1aa|C:\\Windows\\System32\\combase.dll+a772d|C:\\Windows\\System32\\combase.dll+423fc|C:\\Windows\\System32\\combase.dll+42e10|C:\\Windows\\System32\\combase.dll+44448|C:\\Windows\\System32\\RPCRT4.dll+598c8|C:\\Windows\\System32\\RPCRT4.dll+48041|C:\\Windows\\System32\\RPCRT4.dll+47b90|C:\\Windows\\System32\\RPCRT4.dll+1c9bf", "Task": "10", "RuleName": "MsMpEng", "UtcTime": "2021-06-12 01:07:38.197", "SourceProcessGUID": "{e2c04bb9-a3f6-60c3-8600-000000000300}", "SourceProcessId": "4752", "SourceThreadId": "6660", "SourceImage": "C:\\Windows\\system32\\wbem\\wmiprvse.exe", "TargetProcessGUID": "{e2c04bb9-a3f1-60c3-6e00-000000000300}", "TargetProcessId": "3824", "TargetImage": "C:\\Windows\\system32\\svchost.exe", "GrantedAccess": "0x1410", "CallTrace": "C:\\Windows\\SYSTEM32\\ntdll.dll+9d364|C:\\Windows\\System32\\KERNELBASE.dll+305ee|C:\\Windows\\system32\\wbem\\cimwin32.dll+f46e|C:\\Windows\\system32\\wbem\\cimwin32.dll+faf5|C:\\Windows\\SYSTEM32\\framedynos.dll+5722|C:\\Windows\\SYSTEM32\\framedynos.dll+6ead|C:\\Windows\\system32\\wbem\\wmiprvse.exe+8ad1|C:\\Windows\\system32\\wbem\\wmiprvse.exe+8753|C:\\Windows\\System32\\RPCRT4.dll+78553|C:\\Windows\\System32\\RPCRT4.dll+12779|C:\\Windows\\System32\\combase.dll+a8c82|C:\\Windows\\System32\\RPCRT4.dll+5f1db|C:\\Windows\\System32\\combase.dll+2b363|C:\\Windows\\System32\\combase.dll+2b153|C:\\Windows\\System32\\combase.dll+ab606|C:\\Windows\\System32\\combase.dll+2f1aa|C:\\Windows\\System32\\combase.dll+a772d|C:\\Windows\\System32\\combase.dll+423fc|C:\\Windows\\System32\\combase.dll+42e10|C:\\Windows\\System32\\combase.dll+44448|C:\\Windows\\System32\\RPCRT4.dll+598c8|C:\\Windows\\System32\\RPCRT4.dll+48041|C:\\Windows\\System32\\RPCRT4.dll+47b90|C:\\Windows\\System32\\RPCRT4.dll+1c9bf"}
{"SourceName": "Microsoft-Windows-Sysmon", "ProviderGuid": "{5770385f-c22a-43e0-bf4c-06f5698ffbd9}", "Level": "4", "Keywords": "0x8000000000000000", "Channel": "Microsoft-Windows-Sysmon/Operational", "Hostname": "WORKSTATION5.theshire.local", "TimeCreated": "2020-12-19T07:50:18.080Z", "@timestamp": "2020-12-19T07:50:18.080Z", "EventID": 10, "Message": "Process accessed:\r\nRuleName: -\r\nUtcTime: 2020-12-19 12:50:18.076\r\nSourceProcessGUID: {67e11d8c-876a-5fd0-1100-000000000700}\r\nSourceProcessId: 980\r\nSourceThreadId: 4164\r\nSourceImage: C:\\windows\\system32\\svchost.exe\r\nTargetProcessGUID: {67e11d8c-f70a-5fdd-a997-000000000700}\r\nTargetProcessId: 7444\r\nTargetImage: C:\\windows\\system32\\cscript.exe\r\nGrantedAccess: 0x100000\r\nCallTrace: C:\\windows\\SYSTEM32\\ntdll.dll+9d784|C:\\windows\\System32\\RPCRT4.dll+2d354|c:\\windows\\system32\\rpcss.dll+315c9|c:\\windows\\system32\\rpcss.dll+30c5b|C:\\windows\\System32\\RPCRT4.dll+76ba3|C:\\windows\\System32\\RPCRT4.dll+13653|C:\\windows\\System32\\RPCRT4.dll+1457a|C:\\windows\\System32\\RPCRT4.dll+549f8|C:\\windows\\System32\\RPCRT4.dll+2c9b1|C:\\windows\\System32\\RPCRT4.dll+2c26b|C:\\windows\\System32\\RPCRT4.dll+1a8cf|C:\\windows\\System32\\RPCRT4.dll+19d7a|C:\\windows\\System32\\RPCRT4.dll+19361|C:\\windows\\System32\\RPCRT4.dll+18dce|C:\\windows\\System32\\RPCRT4.dll+16a05|C:\\windows\\SYSTEM32\\ntdll.dll+333ed|C:\\windows\\SYSTEM32\\ntdll.dll+34142|C:\\windows\\System32\\KERNEL32.DLL+17c24|C:\\windows\\SYSTEM32\\ntdll.dll+6d4d1", "Task": "10", "RuleName": "-", "UtcTime": "2020-12-19 12:50:18.076", "SourceProcessGUID": "{67e11d8c-876a-5fd0-1100-000000000700}", "SourceProcessId": "980", "SourceThreadId": "4164", "SourceImage": "C:\\windows\\system32\\svchost.exe", "TargetProcessGUID": "{67e11d8c-f70a-5fdd-a997-000000000700}", "TargetProcessId": "7444", "TargetImage": "C:\\windows\\system32\\cscript.exe", "GrantedAccess": "0x100000", "CallTrace": "C:\\windows\\SYSTEM32\\ntdll.dll+9d784|C:\\windows\\System32\\RPCRT4.dll+2d354|c:\\windows\\system32\\rpcss.dll+315c9|c:\\windows\\system32\\rpcss.dll+30c5b|C:\\windows\\System32\\RPCRT4.dll+76ba3|C:\\windows\\System32\\RPCRT4.dll+13653|C:\\windows\\System32\\RPCRT4.dll+1457a|C:\\windows\\System32\\RPCRT4.dll+549f8|C:\\windows\\System32\\RPCRT4.dll+2c9b1|C:\\windows\\System32\\RPCRT4.dll+2c26b|C:\\windows\\System32\\RPCRT4.dll+1a8cf|C:\\windows\\System32\\RPCRT4.dll+19d7a|C:\\windows\\System32\\RPCRT4.dll+19361|C:\\windows\\System32\\RPCRT4.dll+18dce|C:\\windows\\System32\\RPCRT4.dll+16a05|C:\\windows\\SYSTEM32\\ntdll.dll+333ed|C:\\windows\\SYSTEM32\\ntdll.dll+34142|C:\\windows\\System32\\KERNEL32.DLL+17c24|C:\\windows\\SYSTEM32\\ntdll.dll+6d4d1"}
{"SourceName": "Microsoft-Windows-Sysmon", "ProviderGuid": "{5770385f-c22a-43e0-bf4c-06f5698ffbd9}", "Level": "4", "Keywords": "0x8000000000000000", "Channel": "Microsoft-Windows-Sysmon/Operational", "Hostname": "Pedro01", "TimeCreated": "2022-08-04T08:37:10.347Z", "@timestamp": "2022-08-04T08:37:10.347Z", "EventID": 10, "Message": "Process accessed:\r\nRuleName: -\r\nUtcTime: 2022-08-04 15:37:10.337\r\nSourceProcessGUID: {625b42a0-6b36-62e9-1b00-000000000900}\r\nSourceProcessId: 1048\r\nSourceThreadId: 1244\r\nSourceImage: C:\\Windows\\System32\\VBoxService.exe\r\nTargetProcessGUID: {625b42a0-4828-62e9-6101-000000000900}\r\nTargetProcessId: 5512\r\nTargetImage: C:\\Windows\\system32\\svchost.exe\r\nGrantedAccess: 0x1400\r\nCallTrace: C:\\Windows\\SYSTEM32\\ntdll.dll+9c524|C:\\Windows\\System32\\KERNELBASE.dll+2730e|C:\\Windows\\System32\\VBoxService.exe+13357|C:\\Windows\\System32\\VBoxService.exe+145d4|C:\\Windows\\System32\\VBoxService.exe+1487e|C:\\Windows\\System32\\VBoxService.exe+102bb|C:\\Windows\\System32\\VBoxService.exe+10dc0|C:\\Windows\\System32\\VBoxService.exe+17ee|C:\\Windows\\System32\\VBoxService.exe+3234f|C:\\Windows\\System32\\VBoxService.exe+35f1c|C:\\Windows\\System32\\VBoxService.exe+103663|C:\\Windows\\System32\\VBoxService.exe+1036f7|C:\\Windows\\System32\\KERNEL32.DLL+17944|C:\\Windows\\SYSTEM32\\ntdll.dll+6ce71\r\nSourceUser: NT AUTHORITY\\SYSTEM\r\nTargetUser: NT AUTHORITY\\SYSTEM", "Task": "10", "RuleName": "-", "UtcTime": "2022-08-04 15:37:10.337", "SourceProcessGUID": "{625b42a0-6b36-62e9-1b00-000000000900}", "SourceProcessId": "1048", "SourceThreadId": "1244", "SourceImage": "C:\\Windows\\System32\\VBoxService.exe", "TargetProcessGUID": "{625b42a0-4828-62e9-6101-000000000900}", "TargetProcessId": "5512", "TargetImage": "C:\\Windows\\system32\\svchost.exe", "GrantedAccess": "0x1400", "CallTrace": "C:\\Windows\\SYSTEM32\\ntdll.dll+9c524|C:\\Windows\\System32\\KERNELBASE.dll+2730e|C:\\Windows\\System32\\VBoxService.exe+13357|C:\\Windows\\System32\\VBoxService.exe+145d4|C:\\Windows\\System32\\VBoxService.exe+1487e|C:\\Windows\\System32\\VBoxService.exe+102bb|C:\\Windows\\System32\\VBoxService.exe+10dc0|C:\\Windows\\System32\\VBoxService.exe+17ee|C:\\Windows\\System32\\VBoxService.exe+3234f|C:\\Windows\\System32\\VBoxService.exe+35f1c|C:\\Windows\\System32\\VBoxService.exe+103663|C:\\Windows\\System32\\VBoxService.exe+1036f7|C:\\Windows\\System32\\KERNEL32.DLL+17944|C:\\Windows\\SYSTEM32\\ntdll.dll+6ce71", "SourceUser": "NT AUTHORITY\\SYSTEM", "TargetUser": "NT AUTHORITY\\SYSTEM"}
{"tags": ["mordorDataset"], "TargetProcessGUID": "{49a15388-5ccf-5f2b-5502-000000000400}", "@version": "1", "EventType": "INFO", "Version": 3, "ThreadID": 4496, "EventTime": "2020-08-06 03:20:26", "Task": 10, "AccountType": "User", "SourceProcessGUID": "{49a15388-5c39-5f2b-1000-000000000400}", "CallTrace": "C:\\windows\\SYSTEM32\\ntdll.dll+9c534|C:\\windows\\SYSTEM32\\psmserviceexthost.dll+222a3|C:\\windows\\SYSTEM32\\psmserviceexthost.dll+1a172|C:\\windows\\SYSTEM32\\psmserviceexthost.dll+19e3b|C:\\windows\\SYSTEM32\\psmserviceexthost.dll+19318|C:\\windows\\SYSTEM32\\ntdll.dll+3081d|C:\\windows\\SYSTEM32\\ntdll.dll+345b4|C:\\windows\\System32\\KERNEL32.DLL+17bd4|C:\\windows\\SYSTEM32\\ntdll.dll+6ce51", "Channel": "Microsoft-Windows-Sysmon/Operational", "SourceName": "Microsoft-Windows-Sysmon", "OpcodeValue": 0, "Hostname": "WORKSTATION6.theshire.local", "@timestamp": "2020-08-06T07:20:28.031Z", "Message": "Process accessed:\r\nRuleName: -\r\nUtcTime: 2020-08-06 07:20:26.622\r\nSourceProcessGUID: {49a15388-5c39-5f2b-1000-000000000400}\r\nSourceProcessId: 896\r\nSourceThreadId: 1068\r\nSourceImage: C:\\windows\\system32\\svchost.exe\r\nTargetProcessGUID: {49a15388-5ccf-5f2b-5502-000000000400}\r\nTargetProcessId: 3120\r\nTargetImage: C:\\windows\\System32\\svchost.exe\r\nGrantedAccess: 0x1000\r\nCallTrace: C:\\windows\\SYSTEM32\\ntdll.dll+9c534|C:\\windows\\SYSTEM32\\psmserviceexthost.dll+222a3|C:\\windows\\SYSTEM32\\psmserviceexthost.dll+1a172|C:\\windows\\SYSTEM32\\psmserviceexthost.dll+19e3b|C:\\windows\\SYSTEM32\\psmserviceexthost.dll+19318|C:\\windows\\SYSTEM32\\ntdll.dll+3081d|C:\\windows\\SYSTEM32\\ntdll.dll+345b4|C:\\windows\\System32\\KERNEL32.DLL+17bd4|C:\\windows\\SYSTEM32\\ntdll.dll+6ce51", "SourceModuleName": "eventlog", "ProcessId": "896", "SourceImage": "C:\\windows\\system32\\svchost.exe", "EventReceivedTime": "2020-08-06 03:20:28", "port": 60122, "AccountName": "SYSTEM", "UtcTime": "2020-08-06 07:20:26.622", "GrantedAccess": "0x1000", "Domain": "NT AUTHORITY", "ExecutionProcessID": 3432, "host": "wec.internal.cloudapp.net", "SourceProcessId": "896", "SourceThreadId": "1068", "Severity": "INFO", "TargetProcessId": "3120", "SeverityValue": 2, "EventID": 10, "UserID": "S-1-5-18", "ProviderGuid": "{5770385F-C22A-43E0-BF4C-06F5698FFBD9}", "RecordNumber": 322258, "SourceModuleType": "im_msvistalog", "Keywords": -9223372036854775808, "TargetImage": "C:\\windows\\System32\\svchost.exe", "RuleName": "-"}
{"SourceName": "Microsoft-Windows-Sysmon", "ProviderGuid": "{5770385F-C22A-43E0-BF4C-06F5698FFBD9}", "Level": "4", "Keywords": "0x8000000000000000", "Channel": "Microsoft-Windows-Sysmon/Operational", "Hostname": "MXS01.azsentinel.local", "TimeCreated": "2021-03-14T01:40:11.627Z", "@timestamp": "2021-03-14T01:40:11.627Z", "EventID": 10, "Message": "Process accessed:\r\nRuleName: -\r\nUtcTime: 2021-03-14 06:40:11.611\r\nSourceProcessGUID: {6004D249-095E-604D-6B19-000000000900}\r\nSourceProcessId: 12860\r\nSourceThreadId: 12996\r\nSourceImage: C:\\Windows\\system32\\rundll32.exe\r\nTargetProcessGUID: {6004D249-0939-604D-4A19-000000000900}\r\nTargetProcessId: 8352\r\nTargetImage: C:\\Program Files\\Microsoft\\Exchange Server\\V15\\Bin\\MSExchangeCompliance.exe\r\nGrantedAccess: 0x1400\r\nCallTrace: C:\\Windows\\SYSTEM32\\ntdll.dll+a6084|C:\\Windows\\System32\\KERNELBASE.dll+221bd|C:\\Windows\\Microsoft.NET\\Framework64\\v4.0.30319\\CorperfmonExt.dll+3b59|C:\\Windows\\Microsoft.NET\\Framework64\\v4.0.30319\\CorperfmonExt.dll+414d|C:\\Windows\\Microsoft.NET\\Framework64\\v4.0.30319\\CorperfmonExt.dll+d007|C:\\Windows\\Microsoft.NET\\Framework64\\v4.0.30319\\CorperfmonExt.dll+cb01|C:\\Windows\\Microsoft.NET\\Framework64\\v4.0.30319\\CorperfmonExt.dll+2f5e|C:\\Windows\\Microsoft.NET\\Framework64\\v4.0.30319\\CorperfmonExt.dll+27fe|C:\\Windows\\Microsoft.NET\\Framework64\\v4.0.30319\\CorperfmonExt.dll+1607|C:\\Windows\\system32\\mscoree.dll+1a755|C:\\Windows\\System32\\ADVAPI32.dll+12060|C:\\Windows\\System32\\ADVAPI32.dll+116b5|C:\\Windows\\System32\\KERNELBASE.dll+23d79|C:\\Windows\\System32\\KERNELBASE.dll+2332d|C:\\Windows\\system32\\pdh.dll+63ec|C:\\Windows\\system32\\pdh.dll+56ad|C:\\Windows\\system32\\pdh.dll+149a9|C:\\Windows\\system32\\pdh.dll+1b4fa|C:\\Windows\\system32\\pla.dll+faeff|C:\\Windows\\system32\\pla.dll+f23be|C:\\Windows\\System32\\KERNEL32.DLL+84d4|C:\\Windows\\SYSTEM32\\ntdll.dll+51821", "Task": "10", "RuleName": "-", "UtcTime": "2021-03-14 06:40:11.611", "SourceProcessGUID": "{6004D249-095E-604D-6B19-000000000900}", "SourceProcessId": "12860", "SourceThreadId": "12996", "SourceImage": "C:\\Windows\\system32\\rundll32.exe", "TargetProcessGUID": "{6004D249-0939-604D-4A19-000000000900}", "TargetProcessId": "8352", "TargetImage": "C:\\Program Files\\Microsoft\\Exchange Server\\V15\\Bin\\MSExchangeCompliance.exe", "GrantedAccess": "0x1400", "CallTrace": "C:\\Windows\\SYSTEM32\\ntdll.dll+a6084|C:\\Windows\\System32\\KERNELBASE.dll+221bd|C:\\Windows\\Microsoft.NET\\Framework64\\v4.0.30319\\CorperfmonExt.dll+3b59|C:\\Windows\\Microsoft.NET\\Framework64\\v4.0.30319\\CorperfmonExt.dll+414d|C:\\Windows\\Microsoft.NET\\Framework64\\v4.0.30319\\CorperfmonExt.dll+d007|C:\\Windows\\Microsoft.NET\\Framework64\\v4.0.30319\\CorperfmonExt.dll+cb01|C:\\Windows\\Microsoft.NET\\Framework64\\v4.0.30319\\CorperfmonExt.dll+2f5e|C:\\Windows\\Microsoft.NET\\Framework64\\v4.0.30319\\CorperfmonExt.dll+27fe|C:\\Windows\\Microsoft.NET\\Framework64\\v4.0.30319\\CorperfmonExt.dll+1607|C:\\Windows\\system32\\mscoree.dll+1a755|C:\\Windows\\System32\\ADVAPI32.dll+12060|C:\\Windows\\System32\\ADVAPI32.dll+116b5|C:\\Windows\\System32\\KERNELBASE.dll+23d79|C:\\Windows\\System32\\KERNELBASE.dll+2332d|C:\\Windows\\system32\\pdh.dll+63ec|C:\\Windows\\system32\\pdh.dll+56ad|C:\\Windows\\system32\\pdh.dll+149a9|C:\\Windows\\system32\\pdh.dll+1b4fa|C:\\Windows\\system32\\pla.dll+faeff|C:\\Windows\\system32\\pla.dll+f23be|C:\\Windows\\System32\\KERNEL32.DLL+84d4|C:\\Windows\\SYSTEM32\\ntdll.dll+51821"}
