{"SourceName": "Microsoft-Windows-Sysmon", "ProviderGuid": "{5770385f-c22a-43e0-bf4c-06f5698ffbd9}", "Level": "4", "Keywords": "0x8000000000000000", "Channel": "Microsoft-Windows-Sysmon/Operational", "Hostname": "Pedro01", "TimeCreated": "2022-08-03T04:02:01.201Z", "@timestamp": "2022-08-03T04:02:01.201Z", "EventID": 10, "Message": "Process accessed:\r\nRuleName: -\r\nUtcTime: 2022-08-03 23:02:01.186\r\nSourceProcessGUID: {625b42a0-6b36-62e9-1b00-000000000900}\r\nSourceProcessId: 1048\r\nSourceThreadId: 1244\r\nSourceImage: C:\\Windows\\System32\\VBoxService.exe\r\nTargetProcessGUID: {625b42a0-4109-62e9-2700-000000000900}\r\nTargetProcessId: 1428\r\nTargetImage: C:\\Windows\\System32\\svchost.exe\r\nGrantedAccess: 0x1400\r\nCallTrace: C:\\Windows\\SYSTEM32\\ntdll.dll+9c524|C:\\Windows\\System32\\KERNELBASE.dll+2730e|C:\\Windows\\System32\\VBoxService.exe+13357|C:\\Windows\\System32\\VBoxService.exe+145d4|C:\\Windows\\System32\\VBoxService.exe+1487e|C:\\Windows\\System32\\VBoxService.exe+102bb|C:\\Windows\\System32\\VBoxService.exe+10dc0|C:\\Windows\\System32\\VBoxService.exe+17ee|C:\\Windows\\System32\\VBoxService.exe+3234f|C:\\Windows\\System32\\VBoxService.exe+35f1c|C:\\Windows\\System32\\VBoxService.exe+103663|C:\\Windows\\System32\\VBoxService.exe+1036f7|C:\\Windows\\System32\\KERNEL32.DLL+17944|C:\\Windows\\SYSTEM32\\ntdll.dll+6ce71\r\nSourceUser: NT AUTHORITY\\SYSTEM\r\nTargetUser: NT AUTHORITY\\SYSTEM", "Task": "10", "RuleName": "-", "UtcTime": "2022-08-03 23:02:01.186", "SourceProcessGUID": "{625b42a0-6b36-62e9-1b00-000000000900}", "SourceProcessId": "1048", "SourceThreadId": "1244", "SourceImage": "C:\\Windows\\System32\\VBoxService.exe", "TargetProcessGUID": "{625b42a0-4109-62e9-2700-000000000900}", "TargetProcessId": "1428", "TargetImage": "C:\\Windows\\System32\\svchost.exe", "GrantedAccess": "0x1400", "CallTrace": "C:\\Windows\\SYSTEM32\\ntdll.dll+9c524|C:\\Windows\\System32\\KERNELBASE.dll+2730e|C:\\Windows\\System32\\VBoxService.exe+13357|C:\\Windows\\System32\\VBoxService.exe+145d4|C:\\Windows\\System32\\VBoxService.exe+1487e|C:\\Windows\\System32\\VBoxService.exe+102bb|C:\\Windows\\System32\\VBoxService.exe+10dc0|C:\\Windows\\System32\\VBoxService.exe+17ee|C:\\Windows\\System32\\VBoxService.exe+3234f|C:\\Windows\\System32\\VBoxService.exe+35f1c|C:\\Windows\\System32\\VBoxService.exe+103663|C:\\Windows\\System32\\VBoxService.exe+1036f7|C:\\Windows\\System32\\KERNEL32.DLL+17944|C:\\Windows\\SYSTEM32\\ntdll.dll+6ce71", "SourceUser": "NT AUTHORITY\\SYSTEM", "TargetUser": "NT AUTHORITY\\SYSTEM"}
{"RecordNumber":48,"EventRecordId":198239047,"TimeCreated":"2019-03-25 12:33:44.8166570","EventId":5136,"Level":"LogAlways","Provider":"Microsoft-Windows-Security-Auditing","Channel":"Security","ProcessId":444,"ThreadId":3616,"Computer":"DC1.insecurebank.local","ChunkNumber":0,"UserId":NaN,"MapDescription":"A directory service object was modified","UserName":"insecurebank\\bob","RemoteHost":NaN,"PayloadData1":"DSName: insecurebank.local","PayloadData2":"ObjectDN: CN={6AC1786C-016F-11D2-945F-00C04FB984F9},CN=POLICIES,CN=SYSTEM,DC=INSECUREBANK,DC=LOCAL","PayloadData3":"ObjectClass: groupPolicyContainer","PayloadData4":"AttributeLDAPDisplayName: versionNumber","PayloadData5":NaN,"PayloadData6":NaN,"ExecutableInfo":NaN,"HiddenRecord":false,"SourceFile":"C:\\Users\\AHMED\\Desktop\\new-approch\\EVTX-ATTACK-SAMPLES\\Credential Access\\ACL_ForcePwd_SPNAdd_User_Computer_Accounts.evtx","Keywords":"Audit success","ExtraDataOffset":0,"Payload":"{\"EventData\":{\"Data\":[{\"@Name\":\"OpCorrelationID\",\"#text\":\"7a0ddd82-407e-41da-83b1-014a84297ab8\"},{\"@Name\":\"AppCorrelationID\",\"#text\":\"-\"},{\"@Name\":\"SubjectUserSid\",\"#text\":\"S-1-5-21-738609754-2819869699-4189121830-1108\"},{\"@Name\":\"SubjectUserName\",\"#text\":\"bob\"},{\"@Name\":\"SubjectDomainName\",\"#text\":\"insecurebank\"},{\"@Name\":\"SubjectLogonId\",\"#text\":\"0x8D7099\"},{\"@Name\":\"DSName\",\"#text\":\"insecurebank.local\"},{\"@Name\":\"DSType\",\"#text\":\"%%14676\"},{\"@Name\":\"ObjectDN\",\"#text\":\"CN={6AC1786C-016F-11D2-945F-00C04FB984F9},CN=POLICIES,CN=SYSTEM,DC=INSECUREBANK,DC=LOCAL\"},{\"@Name\":\"ObjectGUID\",\"#text\":\"6cdecdb5-7515-4511-8141-c34a7c3d4a0a\"},{\"@Name\":\"ObjectClass\",\"#text\":\"groupPolicyContainer\"},{\"@Name\":\"AttributeLDAPDisplayName\",\"#text\":\"versionNumber\"},{\"@Name\":\"AttributeSyntaxOID\",\"#text\":\"2.5.5.9\"},{\"@Name\":\"AttributeValue\",\"#text\":\"9\"},{\"@Name\":\"OperationType\",\"#text\":\"%%14674\"}]}}"}
{"Channel": "Microsoft-Windows-Sysmon/Operational", "Domain": "NT AUTHORITY", "RecordNumber": 688140, "ProviderGuid": "{5770385F-C22A-43E0-BF4C-06F5698FFBD9}", "SeverityValue": 2, "TargetObject": "HKLM\\SOFTWARE\\Microsoft\\SecurityManager", "ProcessGuid": "{42c2e005-a298-5f7e-1100-000000000400}", "Hostname": "WORKSTATION5.theshire.local", "ExecutionProcessID": 3120, "Message": "Registry object added or deleted:\r\nRuleName: -\r\nEventType: CreateKey\r\nUtcTime: 2020-10-09 22:32:07.228\r\nProcessGuid: {42c2e005-a298-5f7e-1100-000000000400}\r\nProcessId: 988\r\nImage: C:\\windows\\system32\\svchost.exe\r\nTargetObject: HKLM\\SOFTWARE\\Microsoft\\SecurityManager", "ProcessId": "988", "RuleName": "-", "SourceName": "Microsoft-Windows-Sysmon", "SourceModuleName": "eventlog", "Task": 12, "EventTypeOrignal": "INFO", "EventTime": "2020-10-09 18:32:07", "UserID": "S-1-5-18", "@timestamp": "2020-10-09T22:32:10.177Z", "Severity": "INFO", "host": "wec.internal.cloudapp.net", "port": 58623, "Category": "Registry object added or deleted (rule: RegistryEvent)", "EventReceivedTime": "2020-10-09 18:32:10", "tags": ["mordorDataset"], "ThreadID": 820, "Version": 2, "OpcodeValue": 0, "Image": "C:\\windows\\system32\\svchost.exe", "@version": "1", "EventType": "CreateKey", "Keywords": -9223372036854775808, "Opcode": "Info", "EventID": 12, "AccountName": "SYSTEM", "AccountType": "User", "UtcTime": "2020-10-09 22:32:07.228", "SourceModuleType": "im_msvistalog"}
{"SourceName": "Microsoft-Windows-Sysmon", "ProviderGuid": "{5770385f-c22a-43e0-bf4c-06f5698ffbd9}", "Level": "4", "Keywords": "0x8000000000000000", "Channel": "Microsoft-Windows-Sysmon/Operational", "Hostname": "pedro-computer", "TimeCreated": "2022-08-18T03:47:53.294Z", "@timestamp": "2022-08-18T03:47:53.294Z", "EventID": 10, "Message": "Process accessed:\r\nRuleName: -\r\nUtcTime: 2022-08-18 22:47:53.285\r\nSourceProcessGUID: {564ff025-a9e3-62fe-1e00-000000000700}\r\nSourceProcessId: 1172\r\nSourceThreadId: 1204\r\nSourceImage: C:\\Windows\\System32\\VBoxService.exe\r\nTargetProcessGUID: {564ff025-7fb4-62fe-1f00-000000000700}\r\nTargetProcessId: 1208\r\nTargetImage: C:\\Windows\\System32\\svchost.exe\r\nGrantedAccess: 0x1400\r\nCallTrace: C:\\Windows\\SYSTEM32\\ntdll.dll+9c524|C:\\Windows\\System32\\KERNELBASE.dll+2730e|C:\\Windows\\System32\\VBoxService.exe+13317|C:\\Windows\\System32\\VBoxService.exe+145bf|C:\\Windows\\System32\\VBoxService.exe+1483e|C:\\Windows\\System32\\VBoxService.exe+1027b|C:\\Windows\\System32\\VBoxService.exe+10d80|C:\\Windows\\System32\\VBoxService.exe+17ee|C:\\Windows\\System32\\VBoxService.exe+3230f|C:\\Windows\\System32\\VBoxService.exe+35edc|C:\\Windows\\System32\\VBoxService.exe+103653|C:\\Windows\\System32\\VBoxService.exe+1036e7|C:\\Windows\\System32\\KERNEL32.DLL+17944|C:\\Windows\\SYSTEM32\\ntdll.dll+6ce71", "Task": "10", "RuleName": "-", "UtcTime": "2022-08-18 22:47:53.285", "SourceProcessGUID": "{564ff025-a9e3-62fe-1e00-000000000700}", "SourceProcessId": "1172", "SourceThreadId": "1204", "SourceImage": "C:\\Windows\\System32\\VBoxService.exe", "TargetProcessGUID": "{564ff025-7fb4-62fe-1f00-000000000700}", "TargetProcessId": "1208", "TargetImage": "C:\\Windows\\System32\\svchost.exe", "GrantedAccess": "0x1400", "CallTrace": "C:\\Windows\\SYSTEM32\\ntdll.dll+9c524|C:\\Windows\\System32\\KERNELBASE.dll+2730e|C:\\Windows\\System32\\VBoxService.exe+13317|C:\\Windows\\System32\\VBoxService.exe+145bf|C:\\Windows\\System32\\VBoxService.exe+1483e|C:\\Windows\\System32\\VBoxService.exe+1027b|C:\\Windows\\System32\\VBoxService.exe+10d80|C:\\Windows\\System32\\VBoxService.exe+17ee|C:\\Windows\\System32\\VBoxService.exe+3230f|C:\\Windows\\System32\\VBoxService.exe+35edc|C:\\Windows\\System32\\VBoxService.exe+103653|C:\\Windows\\System32\\VBoxService.exe+1036e7|C:\\Windows\\System32\\KERNEL32.DLL+17944|C:\\Windows\\SYSTEM32\\ntdll.dll+6ce71"}
{"SourceName": "Microsoft-Windows-Sysmon", "ProviderGuid": "{5770385f-c22a-43e0-bf4c-06f5698ffbd9}", "Level": "4", "Keywords": "0x8000000000000000", "Channel": "Microsoft-Windows-Sysmon/Operational", "Hostname": "Pedro01", "TimeCreated": "2022-08-08T12:49:08.633Z", "@timestamp": "2022-08-08T12:49:08.633Z", "EventID": 26, "Message": "File Delete logged:\r\nRuleName: -\r\nUtcTime: 2022-08-08 19:49:08.621\r\nProcessGuid: {625b42a0-67af-62f1-2500-000000000b00}\r\nProcessId: 1396\r\nUser: NT AUTHORITY\\SYSTEM\r\nImage: C:\\Windows\\system32\\svchost.exe\r\nTargetFilename: C:\\Windows\\Prefetch\\PAYLOAD.EXE-AF5401FF.pf\r\nHashes: SHA1=07A64EDB2A94DFB781A4A32BD207C8B175815E23,MD5=A75C131DDC19138570C0C1041134F439,SHA256=E43BA3C75FB49A4908B424C6AAC9C240C2A8199FABC9509898E82C6CA695442A,IMPHASH=00000000000000000000000000000000\r\nIsExecutable: false", "Task": "26", "RuleName": "-", "UtcTime": "2022-08-08 19:49:08.621", "ProcessGuid": "{625b42a0-67af-62f1-2500-000000000b00}", "ProcessId": "1396", "User": "NT AUTHORITY\\SYSTEM", "Image": "C:\\Windows\\system32\\svchost.exe", "TargetFilename": "C:\\Windows\\Prefetch\\PAYLOAD.EXE-AF5401FF.pf", "Hashes": "SHA1=07A64EDB2A94DFB781A4A32BD207C8B175815E23,MD5=A75C131DDC19138570C0C1041134F439,SHA256=E43BA3C75FB49A4908B424C6AAC9C240C2A8199FABC9509898E82C6CA695442A,IMPHASH=00000000000000000000000000000000", "IsExecutable": "false"}
{"@timestamp": "2020-10-22T08:30:11.742Z", "ProcessId": "1556", "OpcodeValue": 0, "AccountName": "SYSTEM", "port": 58121, "AccountType": "User", "Severity": "INFO", "TargetObject": "HKU\\S-1-5-21-2323213074-4052461197-1785501644-1104\\Software\\Microsoft\\Windows\\CurrentVersion\\Explorer\\FileExts", "EventTime": "2020-10-22 04:29:56", "SourceName": "Microsoft-Windows-Sysmon", "ProviderGuid": "{5770385F-C22A-43E0-BF4C-06F5698FFBD9}", "Channel": "Microsoft-Windows-Sysmon/Operational", "Image": "C:\\windows\\system32\\svchost.exe", "EventReceivedTime": "2020-10-22 04:30:11", "ExecutionProcessID": 3616, "UtcTime": "2020-10-22 08:29:56.162", "EventID": 12, "Category": "Registry object added or deleted (rule: RegistryEvent)", "tags": ["mordorDataset"], "SeverityValue": 2, "Keywords": -9223372036854775808, "EventType": "CreateKey", "Version": 2, "SourceModuleName": "eventlog", "SourceModuleType": "im_msvistalog", "Domain": "NT AUTHORITY", "host": "wec.internal.cloudapp.net", "EventTypeOrignal": "INFO", "RecordNumber": 735896, "ThreadID": 4132, "Task": 12, "Message": "Registry object added or deleted:\r\nRuleName: -\r\nEventType: CreateKey\r\nUtcTime: 2020-10-22 08:29:56.162\r\nProcessGuid: {fddc55f3-b92a-5f8f-2300-000000000400}\r\nProcessId: 1556\r\nImage: C:\\windows\\system32\\svchost.exe\r\nTargetObject: HKU\\S-1-5-21-2323213074-4052461197-1785501644-1104\\Software\\Microsoft\\Windows\\CurrentVersion\\Explorer\\FileExts", "Hostname": "MORDORDC.theshire.local", "RuleName": "-", "@version": "1", "UserID": "S-1-5-18", "ProcessGuid": "{fddc55f3-b92a-5f8f-2300-000000000400}", "Opcode": "Info"}
{"Channel": "Microsoft-Windows-Sysmon/Operational", "Domain": "NT AUTHORITY", "RecordNumber": 664447, "ProviderGuid": "{5770385F-C22A-43E0-BF4C-06F5698FFBD9}", "SeverityValue": 2, "ProcessId": "10132", "ProcessGuid": "{42c2e005-e3e3-5f80-2d08-000000000400}", "Hostname": "WORKSTATION5.theshire.local", "ExecutionProcessID": 3120, "Message": "Dns query:\r\nRuleName: -\r\nUtcTime: 2020-10-09 22:27:56.454\r\nProcessGuid: {42c2e005-e3e3-5f80-2d08-000000000400}\r\nProcessId: 10132\r\nQueryName: login.live.com\r\nQueryStatus: 0\r\nQueryResults: type:  5 login.msa.msidentity.com;type:  5 www.tm.lg.prod.aadmsa.akadns.net;::ffff:40.90.23.208;::ffff:40.90.23.153;::ffff:40.90.23.247;::ffff:40.90.137.126;::ffff:40.90.137.125;::ffff:40.90.23.154;::ffff:40.90.137.124;::ffff:40.90.23.206;\r\nImage: C:\\Windows\\System32\\MicrosoftEdgeCP.exe", "RuleName": "-", "SourceName": "Microsoft-Windows-Sysmon", "SourceModuleName": "eventlog", "Task": 22, "EventTime": "2020-10-09 18:27:58", "UserID": "S-1-5-18", "QueryResults": "type:  5 login.msa.msidentity.com;type:  5 www.tm.lg.prod.aadmsa.akadns.net;::ffff:40.90.23.208;::ffff:40.90.23.153;::ffff:40.90.23.247;::ffff:40.90.137.126;::ffff:40.90.137.125;::ffff:40.90.23.154;::ffff:40.90.137.124;::ffff:40.90.23.206;", "@timestamp": "2020-10-09T22:30:26.587Z", "Severity": "INFO", "host": "wec.internal.cloudapp.net", "port": 58623, "Category": "Dns query (rule: DnsQuery)", "QueryName": "login.live.com", "EventReceivedTime": "2020-10-09 18:30:19", "ThreadID": 1092, "Version": 5, "tags": ["mordorDataset"], "OpcodeValue": 0, "Image": "C:\\Windows\\System32\\MicrosoftEdgeCP.exe", "@version": "1", "EventType": "INFO", "QueryStatus": "0", "Keywords": -9223372036854775808, "Opcode": "Info", "EventID": 22, "AccountName": "SYSTEM", "AccountType": "User", "UtcTime": "2020-10-09 22:27:56.454", "SourceModuleType": "im_msvistalog"}
{"Keywords": "0x8020000000000000", "Task": "12801", "ObjectServer": "Security", "TimeCreated": "2020-10-22T02:58:02.560Z", "RestrictedSidCount": "0", "SubjectUserSid": "S-1-5-21-3940915590-64593676-1414006259-500", "ObjectName": "\\REGISTRY\\MACHINE\\SOFTWARE\\Microsoft\\.NETFramework", "SubjectLogonId": "0xc61d9", "ResourceAttributes": "-", "PrivilegeList": "-", "TransactionId": "{00000000-0000-0000-0000-000000000000}", "AccessMask": "0x20019", "SourceName": "Microsoft-Windows-Security-Auditing", "SubjectDomainName": "WORKSTATION5", "ObjectType": "Key", "ProcessName": "C:\\Windows\\System32\\WindowsPowerShell\\v1.0\\powershell.exe", "AccessReason": "-", "ProcessId": "0x2564", "SubjectUserName": "wardog", "AccessList": "%%1538\n\t\t\t\t%%4432\n\t\t\t\t%%4435\n\t\t\t\t%%4436\n\t\t\t\t", "@timestamp": "2020-10-22T02:58:02.560Z", "HandleId": "0x874", "Hostname": "WORKSTATION5", "Channel": "Security", "Level": "0", "EventID": 4656, "ProviderGuid": "{54849625-5478-4994-a5ba-3e3b0328c30d}", "Message": "A handle to an object was requested.\r\n\r\nSubject:\r\n\tSecurity ID:\t\tS-1-5-21-3940915590-64593676-1414006259-500\r\n\tAccount Name:\t\twardog\r\n\tAccount Domain:\t\tWORKSTATION5\r\n\tLogon ID:\t\t0xC61D9\r\n\r\nObject:\r\n\tObject Server:\t\tSecurity\r\n\tObject Type:\t\tKey\r\n\tObject Name:\t\t\\REGISTRY\\MACHINE\\SOFTWARE\\Microsoft\\.NETFramework\r\n\tHandle ID:\t\t0x874\r\n\tResource Attributes:\t-\r\n\r\nProcess Information:\r\n\tProcess ID:\t\t0x2564\r\n\tProcess Name:\t\tC:\\Windows\\System32\\WindowsPowerShell\\v1.0\\powershell.exe\r\n\r\nAccess Request Information:\r\n\tTransaction ID:\t\t{00000000-0000-0000-0000-000000000000}\r\n\tAccesses:\t\tREAD_CONTROL\r\n\t\t\t\tQuery key value\r\n\t\t\t\tEnumerate sub-keys\r\n\t\t\t\tNotify about changes to keys\r\n\t\t\t\t\r\n\tAccess Reasons:\t\t-\r\n\tAccess Mask:\t\t0x20019\r\n\tPrivileges Used for Access Check:\t-\r\n\tRestricted SID Count:\t0"}
{"Keywords": -9223372036854775808, "SeverityValue": 2, "TargetObject": "HKLM\\SOFTWARE\\Microsoft\\EnterpriseCertificates\\Disallowed", "EventTypeOrignal": "INFO", "EventID": 12, "ProviderGuid": "{5770385F-C22A-43E0-BF4C-06F5698FFBD9}", "ExecutionProcessID": 3392, "host": "wec.internal.cloudapp.net", "Channel": "Microsoft-Windows-Sysmon/Operational", "UserID": "S-1-5-18", "AccountType": "User", "ThreadID": 5552, "ProcessGuid": "{d273d0f0-e865-5f64-0c00-000000000800}", "EventReceivedTime": "2020-09-18 13:08:58", "Opcode": "Info", "EventTime": "2020-09-18 13:07:00", "@timestamp": "2020-09-18T17:08:58.160Z", "SourceModuleType": "im_msvistalog", "port": 64545, "AccountName": "SYSTEM", "RecordNumber": 1723984, "Task": 12, "Domain": "NT AUTHORITY", "@version": "1", "OpcodeValue": 0, "SourceModuleName": "eventlog", "Severity": "INFO", "SourceName": "Microsoft-Windows-Sysmon", "Version": 2, "Image": "C:\\windows\\system32\\WerFault.exe", "Category": "Registry object added or deleted (rule: RegistryEvent)", "UtcTime": "2020-09-18 17:07:00.402", "Hostname": "WORKSTATION6.theshire.local", "RuleName": "-", "tags": ["mordorDataset"]}
{"SourceName": "Microsoft-Windows-Sysmon", "ProviderGuid": "{5770385f-c22a-43e0-bf4c-06f5698ffbd9}", "Level": "4", "Keywords": "0x8000000000000000", "Channel": "Microsoft-Windows-Sysmon/Operational", "Hostname": "Pedro01", "TimeCreated": "2022-08-04T08:21:26.490Z", "@timestamp": "2022-08-04T08:21:26.490Z", "EventID": 10, "Message": "Process accessed:\r\nRuleName: -\r\nUtcTime: 2022-08-04 15:21:26.486\r\nSourceProcessGUID: {625b42a0-6b36-62e9-1b00-000000000900}\r\nSourceProcessId: 1048\r\nSourceThreadId: 1244\r\nSourceImage: C:\\Windows\\System32\\VBoxService.exe\r\nTargetProcessGUID: {625b42a0-4126-62e9-6700-000000000900}\r\nTargetProcessId: 4536\r\nTargetImage: C:\\Windows\\system32\\svchost.exe\r\nGrantedAccess: 0x1400\r\nCallTrace: C:\\Windows\\SYSTEM32\\ntdll.dll+9c524|C:\\Windows\\System32\\KERNELBASE.dll+2730e|C:\\Windows\\System32\\VBoxService.exe+13357|C:\\Windows\\System32\\VBoxService.exe+145d4|C:\\Windows\\System32\\VBoxService.exe+1487e|C:\\Windows\\System32\\VBoxService.exe+102bb|C:\\Windows\\System32\\VBoxService.exe+10dc0|C:\\Windows\\System32\\VBoxService.exe+17ee|C:\\Windows\\System32\\VBoxService.exe+3234f|C:\\Windows\\System32\\VBoxService.exe+35f1c|C:\\Windows\\System32\\VBoxService.exe+103663|C:\\Windows\\System32\\VBoxService.exe+1036f7|C:\\Windows\\System32\\KERNEL32.DLL+17944|C:\\Windows\\SYSTEM32\\ntdll.dll+6ce71\r\nSourceUser: NT AUTHORITY\\SYSTEM\r\nTargetUser: PEDRO01\\IT01-Pedro", "Task": "10", "RuleName": "-", "UtcTime": "2022-08-04 15:21:26.486", "SourceProcessGUID": "{625b42a0-6b36-62e9-1b00-000000000900}", "SourceProcessId": "1048", "SourceThreadId": "1244", "SourceImage": "C:\\Windows\\System32\\VBoxService.exe", "TargetProcessGUID": "{625b42a0-4126-62e9-6700-000000000900}", "TargetProcessId": "4536", "TargetImage": "C:\\Windows\\system32\\svchost.exe", "GrantedAccess": "0x1400", "CallTrace": "C:\\Windows\\SYSTEM32\\ntdll.dll+9c524|C:\\Windows\\System32\\KERNELBASE.dll+2730e|C:\\Windows\\System32\\VBoxService.exe+13357|C:\\Windows\\System32\\VBoxService.exe+145d4|C:\\Windows\\System32\\VBoxService.exe+1487e|C:\\Windows\\System32\\VBoxService.exe+102bb|C:\\Windows\\System32\\VBoxService.exe+10dc0|C:\\Windows\\System32\\VBoxService.exe+17ee|C:\\Windows\\System32\\VBoxService.exe+3234f|C:\\Windows\\System32\\VBoxService.exe+35f1c|C:\\Windows\\System32\\VBoxService.exe+103663|C:\\Windows\\System32\\VBoxService.exe+1036f7|C:\\Windows\\System32\\KERNEL32.DLL+17944|C:\\Windows\\SYSTEM32\\ntdll.dll+6ce71", "SourceUser": "NT AUTHORITY\\SYSTEM", "TargetUser": "PEDRO01\\IT01-Pedro"}
{"Task": 12807, "EventReceivedTime": "2020-07-21 23:27:54", "Opcode": "Info", "port": 55069, "TargetHandleId": "0x2b90", "SeverityValue": 2, "SubjectUserSid": "S-1-5-21-2253742117-2054739524-205962475-1104", "Keywords": -9214364837600034816, "ProviderGuid": "{54849625-5478-4994-A5BA-3E3B0328C30D}", "@version": "1", "SourceProcessId": "0x2374", "TargetProcessId": "0x4", "Version": 0, "SourceModuleType": "im_msvistalog", "tags": ["mordorDataset"], "SubjectUserName": "pgustavo", "SourceName": "Microsoft-Windows-Security-Auditing", "ProcessId": "0x2374", "Channel": "Security", "SourceModuleName": "eventlog", "Message": "An attempt was made to duplicate a handle to an object.\r\n\r\nSubject:\r\n\tSecurity ID:\t\tS-1-5-21-2253742117-2054739524-205962475-1104\r\n\tAccount Name:\t\tpgustavo\r\n\tAccount Domain:\t\tMORDOR\r\n\tLogon ID:\t\t0x24579A8\r\n\r\nSource Handle Information:\r\n\tSource Handle ID:\t0x414\r\n\tSource Process ID:\t0x2374\r\n\r\nNew Handle Information:\r\n\tTarget Handle ID:\t0x2b90\r\n\tTarget Process ID:\t0x4", "Category": "Handle Manipulation", "SubjectDomainName": "MORDOR", "@timestamp": "2020-07-22T03:27:54.772Z", "Hostname": "WORKSTATION5.mordor.local", "SubjectLogonId": "0x24579a8", "host": "wec.internal.cloudapp.net", "SourceHandleId": "0x414", "ExecutionProcessID": 4, "EventType": "AUDIT_SUCCESS", "OpcodeValue": 0, "EventTime": "2020-07-21 23:27:53", "Severity": "INFO", "EventID": 4690, "ThreadID": 8792, "RecordNumber": 253386}
{"ImageLoaded": "C:\\Windows\\System32\\clbcatq.dll", "SeverityValue": 2, "EventReceivedTime": "2020-09-20 12:16:50", "EventID": 7, "ProviderGuid": "{5770385F-C22A-43E0-BF4C-06F5698FFBD9}", "ExecutionProcessID": 3392, "Channel": "Microsoft-Windows-Sysmon/Operational", "host": "wec.internal.cloudapp.net", "AccountType": "User", "ProcessGuid": "{d273d0f0-8065-5f67-ca06-000000000800}", "Opcode": "Info", "EventTime": "2020-09-20 12:16:48", "Signed": "true", "SourceModuleType": "im_msvistalog", "AccountName": "SYSTEM", "Domain": "NT AUTHORITY", "@version": "1", "OpcodeValue": 0, "SignatureStatus": "Valid", "Severity": "INFO", "Hashes": "SHA1=7DE7C7E87CFA639E8C4DF269E38FB69A391D6790,MD5=4B179D7C6AA9424831847BA6BACDB260,SHA256=F0541B07D7B00C8D09BC72DF7E2D974F83482E42CD88B4E8260B832B7A71682E,IMPHASH=70F94828FF194145825265FE7BA88C95", "SourceName": "Microsoft-Windows-Sysmon", "Description": "COM+ Configuration Catalog", "Category": "Image loaded (rule: ImageLoad)", "Company": "Microsoft Corporation", "Keywords": -9223372036854775808, "FileVersion": "2001.12.10941.16384 (WinBuild.160101.0800)", "UserID": "S-1-5-18", "ThreadID": 5552, "EventType": "INFO", "@timestamp": "2020-09-20T16:16:50.904Z", "port": 64545, "RecordNumber": 2974442, "Task": 7, "Signature": "Microsoft Windows", "SourceModuleName": "eventlog", "Version": 3, "Product": "Microsoft® Windows® Operating System", "Image": "C:\\Program Files\\Common Files\\microsoft shared\\ClickToRun\\OfficeC2RClient.exe", "OriginalFileName": "CLBCATQ.DLL", "UtcTime": "2020-09-20 16:16:48.963", "Hostname": "WORKSTATION6.theshire.local", "RuleName": "-", "tags": ["mordorDataset"]}
{"SourceName": "Microsoft-Windows-Sysmon", "ProviderGuid": "{5770385f-c22a-43e0-bf4c-06f5698ffbd9}", "Level": "4", "Keywords": "0x8000000000000000", "Channel": "Microsoft-Windows-Sysmon/Operational", "Hostname": "DESKTOP-CQF82L6", "TimeCreated": "2022-07-05T02:02:14.118Z", "@timestamp": "2022-07-05T02:02:14.118Z", "EventID": 10, "Message": "Process accessed:\r\nRuleName: -\r\nUtcTime: 2022-07-05 21:02:14.110\r\nSourceProcessGUID: {01e2a015-a601-62c4-7607-000000000700}\r\nSourceProcessId: 2088\r\nSourceThreadId: 2816\r\nSourceImage: C:\\Windows\\System32\\RuntimeBroker.exe\r\nTargetProcessGUID: {01e2a015-a6d2-62c4-b507-000000000700}\r\nTargetProcessId: 9128\r\nTargetImage: C:\\Windows\\system32\\backgroundTaskHost.exe\r\nGrantedAccess: 0x1000\r\nCallTrace: C:\\Windows\\SYSTEM32\\ntdll.dll+9de14|C:\\Windows\\System32\\RPCRT4.dll+3c344|C:\\Windows\\System32\\combase.dll+3943c|C:\\Windows\\System32\\RuntimeBroker.exe+2a47|C:\\Windows\\System32\\RuntimeBroker.exe+288b|C:\\Windows\\System32\\RPCRT4.dll+79633|C:\\Windows\\System32\\RPCRT4.dll+dd77b|C:\\Windows\\System32\\RPCRT4.dll+1ba89|C:\\Windows\\System32\\combase.dll+2333c|C:\\Windows\\System32\\combase.dll+d02b3|C:\\Windows\\System32\\combase.dll+d003e|C:\\Windows\\System32\\combase.dll+2b9b6|C:\\Windows\\System32\\combase.dll+9ad83|C:\\Windows\\System32\\combase.dll+1cf7d|C:\\Windows\\System32\\combase.dll+760f6|C:\\Windows\\System32\\combase.dll+fc274|C:\\Windows\\System32\\combase.dll+780b9|C:\\Windows\\System32\\RPCRT4.dll+5a408|C:\\Windows\\System32\\RPCRT4.dll+3a266|C:\\Windows\\System32\\RPCRT4.dll+39e96|C:\\Windows\\System32\\RPCRT4.dll+4885f|C:\\Windows\\System32\\RPCRT4.dll+47e18|C:\\Windows\\System32\\RPCRT4.dll+47401|C:\\Windows\\System32\\RPCRT4.dll+46e6e\r\nSourceUser: DESKTOP-CQF82L6\\pedro\r\nTargetUser: DESKTOP-CQF82L6\\pedro", "Task": "10", "RuleName": "-", "UtcTime": "2022-07-05 21:02:14.110", "SourceProcessGUID": "{01e2a015-a601-62c4-7607-000000000700}", "SourceProcessId": "2088", "SourceThreadId": "2816", "SourceImage": "C:\\Windows\\System32\\RuntimeBroker.exe", "TargetProcessGUID": "{01e2a015-a6d2-62c4-b507-000000000700}", "TargetProcessId": "9128", "TargetImage": "C:\\Windows\\system32\\backgroundTaskHost.exe", "GrantedAccess": "0x1000", "CallTrace": "C:\\Windows\\SYSTEM32\\ntdll.dll+9de14|C:\\Windows\\System32\\RPCRT4.dll+3c344|C:\\Windows\\System32\\combase.dll+3943c|C:\\Windows\\System32\\RuntimeBroker.exe+2a47|C:\\Windows\\System32\\RuntimeBroker.exe+288b|C:\\Windows\\System32\\RPCRT4.dll+79633|C:\\Windows\\System32\\RPCRT4.dll+dd77b|C:\\Windows\\System32\\RPCRT4.dll+1ba89|C:\\Windows\\System32\\combase.dll+2333c|C:\\Windows\\System32\\combase.dll+d02b3|C:\\Windows\\System32\\combase.dll+d003e|C:\\Windows\\System32\\combase.dll+2b9b6|C:\\Windows\\System32\\combase.dll+9ad83|C:\\Windows\\System32\\combase.dll+1cf7d|C:\\Windows\\System32\\combase.dll+760f6|C:\\Windows\\System32\\combase.dll+fc274|C:\\Windows\\System32\\combase.dll+780b9|C:\\Windows\\System32\\RPCRT4.dll+5a408|C:\\Windows\\System32\\RPCRT4.dll+3a266|C:\\Windows\\System32\\RPCRT4.dll+39e96|C:\\Windows\\System32\\RPCRT4.dll+4885f|C:\\Windows\\System32\\RPCRT4.dll+47e18|C:\\Windows\\System32\\RPCRT4.dll+47401|C:\\Windows\\System32\\RPCRT4.dll+46e6e", "SourceUser": "DESKTOP-CQF82L6\\pedro", "TargetUser": "DESKTOP-CQF82L6\\pedro"}
{"RecordNumber": 683601, "ProcessId": "5116", "TargetImage": "C:\\windows\\system32\\backgroundTaskHost.exe", "ExecutionProcessID": 3120, "SourceName": "Microsoft-Windows-Sysmon", "SourceModuleName": "eventlog", "Task": 10, "GrantedAccess": "0x1010", "EventTime": "2020-10-09 18:31:27", "UserID": "S-1-5-18", "CallTrace": "C:\\windows\\SYSTEM32\\ntdll.dll+9d104|C:\\windows\\System32\\RPCRT4.dll+2d2f4|C:\\windows\\System32\\combase.dll+b84ab|C:\\windows\\System32\\windows.storage.dll+12edf4|C:\\windows\\System32\\windows.storage.dll+b1d2e|C:\\windows\\System32\\windows.storage.dll+b1cc6|C:\\windows\\System32\\windows.storage.dll+1b7128|C:\\windows\\System32\\windows.storage.dll+3d51e|C:\\windows\\System32\\RPCRT4.dll+76a53|C:\\windows\\System32\\RPCRT4.dll+da036|C:\\windows\\System32\\RPCRT4.dll+38359|C:\\windows\\System32\\combase.dll+a5cd3|C:\\windows\\System32\\RPCRT4.dll+59b4b|C:\\windows\\System32\\combase.dll+8d0a3|C:\\windows\\System32\\combase.dll+8ce93|C:\\windows\\System32\\combase.dll+82b74|C:\\windows\\System32\\combase.dll+c37e6|C:\\windows\\System32\\combase.dll+8a4ba|C:\\windows\\System32\\combase.dll+8809f|C:\\windows\\System32\\combase.dll+8b17d|C:\\windows\\System32\\combase.dll+4019c|C:\\windows\\System32\\combase.dll+40a01|C:\\windows\\System32\\combase.dll+62f6d|C:\\windows\\System32\\user32.dll+15c7d", "@timestamp": "2020-10-09T22:31:35.445Z", "Severity": "INFO", "EventReceivedTime": "2020-10-09 18:31:35", "EventType": "INFO", "EventID": 10, "UtcTime": "2020-10-09 22:31:27.616", "Channel": "Microsoft-Windows-Sysmon/Operational", "Domain": "NT AUTHORITY", "ProviderGuid": "{5770385F-C22A-43E0-BF4C-06F5698FFBD9}", "SeverityValue": 2, "Hostname": "WORKSTATION5.theshire.local", "Message": "Process accessed:\r\nRuleName: -\r\nUtcTime: 2020-10-09 22:31:27.616\r\nSourceProcessGUID: {42c2e005-e4bb-5f80-6208-000000000400}\r\nSourceProcessId: 5116\r\nSourceThreadId: 2948\r\nSourceImage: C:\\Windows\\System32\\RuntimeBroker.exe\r\nTargetProcessGUID: {42c2e005-e4bb-5f80-6008-000000000400}\r\nTargetProcessId: 10296\r\nTargetImage: C:\\windows\\system32\\backgroundTaskHost.exe\r\nGrantedAccess: 0x1010\r\nCallTrace: C:\\windows\\SYSTEM32\\ntdll.dll+9d104|C:\\windows\\System32\\RPCRT4.dll+2d2f4|C:\\windows\\System32\\combase.dll+b84ab|C:\\windows\\System32\\windows.storage.dll+12edf4|C:\\windows\\System32\\windows.storage.dll+b1d2e|C:\\windows\\System32\\windows.storage.dll+b1cc6|C:\\windows\\System32\\windows.storage.dll+1b7128|C:\\windows\\System32\\windows.storage.dll+3d51e|C:\\windows\\System32\\RPCRT4.dll+76a53|C:\\windows\\System32\\RPCRT4.dll+da036|C:\\windows\\System32\\RPCRT4.dll+38359|C:\\windows\\System32\\combase.dll+a5cd3|C:\\windows\\System32\\RPCRT4.dll+59b4b|C:\\windows\\System32\\combase.dll+8d0a3|C:\\windows\\System32\\combase.dll+8ce93|C:\\windows\\System32\\combase.dll+82b74|C:\\windows\\System32\\combase.dll+c37e6|C:\\windows\\System32\\combase.dll+8a4ba|C:\\windows\\System32\\combase.dll+8809f|C:\\windows\\System32\\combase.dll+8b17d|C:\\windows\\System32\\combase.dll+4019c|C:\\windows\\System32\\combase.dll+40a01|C:\\windows\\System32\\combase.dll+62f6d|C:\\windows\\System32\\user32.dll+15c7d", "SourceProcessId": "5116", "RuleName": "-", "TargetProcessId": "10296", "SourceProcessGUID": "{42c2e005-e4bb-5f80-6208-000000000400}", "SourceThreadId": "2948", "SourceImage": "C:\\Windows\\System32\\RuntimeBroker.exe", "TargetProcessGUID": "{42c2e005-e4bb-5f80-6008-000000000400}", "Category": "Process accessed (rule: ProcessAccess)", "host": "wec.internal.cloudapp.net", "port": 58623, "tags": ["mordorDataset"], "ThreadID": 820, "Version": 3, "OpcodeValue": 0, "@version": "1", "Keywords": -9223372036854775808, "Opcode": "Info", "AccountName": "SYSTEM", "AccountType": "User", "SourceModuleType": "im_msvistalog"}
{"Keywords": -9223372036854775808, "SeverityValue": 2, "SourceImage": "C:\\windows\\system32\\svchost.exe", "EventID": 10, "ProviderGuid": "{5770385F-C22A-43E0-BF4C-06F5698FFBD9}", "ExecutionProcessID": 3392, "Channel": "Microsoft-Windows-Sysmon/Operational", "host": "wec.internal.cloudapp.net", "AccountType": "User", "UserID": "S-1-5-18", "SourceProcessGUID": "{d273d0f0-e868-5f64-2200-000000000800}", "ThreadID": 5552, "TargetImage": "C:\\windows\\system32\\svchost.exe", "GrantedAccess": "0x3000", "EventType": "INFO", "Opcode": "Info", "EventTime": "2020-09-20 12:17:24", "EventReceivedTime": "2020-09-20 12:17:25", "@timestamp": "2020-09-20T16:17:25.431Z", "SourceModuleType": "im_msvistalog", "port": 64545, "AccountName": "SYSTEM", "RecordNumber": 2975866, "SourceProcessId": "1656", "SourceThreadId": "1712", "Task": 10, "Domain": "NT AUTHORITY", "@version": "1", "OpcodeValue": 0, "SourceModuleName": "eventlog", "TargetProcessGUID": "{d273d0f0-e8da-5f64-e400-000000000800}", "Severity": "INFO", "SourceName": "Microsoft-Windows-Sysmon", "Version": 3, "TargetProcessId": "8260", "Category": "Process accessed (rule: ProcessAccess)", "CallTrace": "C:\\windows\\SYSTEM32\\ntdll.dll+9c534|C:\\windows\\System32\\KERNELBASE.dll+305fe|c:\\windows\\system32\\sysmain.dll+44b1f|c:\\windows\\system32\\sysmain.dll+1e899|c:\\windows\\system32\\sysmain.dll+1e7be|c:\\windows\\system32\\sysmain.dll+1e6a5|c:\\windows\\system32\\sysmain.dll+1e509|c:\\windows\\system32\\sysmain.dll+1c32b|c:\\windows\\system32\\sysmain.dll+1bf95|c:\\windows\\system32\\sysmain.dll+74b0d|c:\\windows\\system32\\sysmain.dll+73b32|c:\\windows\\system32\\sysmain.dll+601a3|C:\\windows\\system32\\svchost.exe+314c|C:\\windows\\System32\\sechost.dll+2de2|C:\\windows\\System32\\KERNEL32.DLL+17bd4|C:\\windows\\SYSTEM32\\ntdll.dll+6ce51", "UtcTime": "2020-09-20 16:17:24.167", "Hostname": "WORKSTATION6.theshire.local", "RuleName": "-", "tags": ["mordorDataset"]}
{"SourceName": "Microsoft-Windows-Sysmon", "ProviderGuid": "{5770385f-c22a-43e0-bf4c-06f5698ffbd9}", "Level": "4", "Keywords": "0x8000000000000000", "Channel": "Microsoft-Windows-Sysmon/Operational", "Hostname": "pedro-computer", "TimeCreated": "2022-08-18T03:47:58.324Z", "@timestamp": "2022-08-18T03:47:58.324Z", "EventID": 10, "Message": "Process accessed:\r\nRuleName: -\r\nUtcTime: 2022-08-18 22:47:58.316\r\nSourceProcessGUID: {564ff025-a9e3-62fe-1e00-000000000700}\r\nSourceProcessId: 1172\r\nSourceThreadId: 1204\r\nSourceImage: C:\\Windows\\System32\\VBoxService.exe\r\nTargetProcessGUID: {564ff025-7fb5-62fe-2300-000000000700}\r\nTargetProcessId: 1280\r\nTargetImage: C:\\Windows\\System32\\svchost.exe\r\nGrantedAccess: 0x1400\r\nCallTrace: C:\\Windows\\SYSTEM32\\ntdll.dll+9c524|C:\\Windows\\System32\\KERNELBASE.dll+2730e|C:\\Windows\\System32\\VBoxService.exe+13317|C:\\Windows\\System32\\VBoxService.exe+14569|C:\\Windows\\System32\\VBoxService.exe+1483e|C:\\Windows\\System32\\VBoxService.exe+1027b|C:\\Windows\\System32\\VBoxService.exe+10d80|C:\\Windows\\System32\\VBoxService.exe+17ee|C:\\Windows\\System32\\VBoxService.exe+3230f|C:\\Windows\\System32\\VBoxService.exe+35edc|C:\\Windows\\System32\\VBoxService.exe+103653|C:\\Windows\\System32\\VBoxService.exe+1036e7|C:\\Windows\\System32\\KERNEL32.DLL+17944|C:\\Windows\\SYSTEM32\\ntdll.dll+6ce71", "Task": "10", "RuleName": "-", "UtcTime": "2022-08-18 22:47:58.316", "SourceProcessGUID": "{564ff025-a9e3-62fe-1e00-000000000700}", "SourceProcessId": "1172", "SourceThreadId": "1204", "SourceImage": "C:\\Windows\\System32\\VBoxService.exe", "TargetProcessGUID": "{564ff025-7fb5-62fe-2300-000000000700}", "TargetProcessId": "1280", "TargetImage": "C:\\Windows\\System32\\svchost.exe", "GrantedAccess": "0x1400", "CallTrace": "C:\\Windows\\SYSTEM32\\ntdll.dll+9c524|C:\\Windows\\System32\\KERNELBASE.dll+2730e|C:\\Windows\\System32\\VBoxService.exe+13317|C:\\Windows\\System32\\VBoxService.exe+14569|C:\\Windows\\System32\\VBoxService.exe+1483e|C:\\Windows\\System32\\VBoxService.exe+1027b|C:\\Windows\\System32\\VBoxService.exe+10d80|C:\\Windows\\System32\\VBoxService.exe+17ee|C:\\Windows\\System32\\VBoxService.exe+3230f|C:\\Windows\\System32\\VBoxService.exe+35edc|C:\\Windows\\System32\\VBoxService.exe+103653|C:\\Windows\\System32\\VBoxService.exe+1036e7|C:\\Windows\\System32\\KERNEL32.DLL+17944|C:\\Windows\\SYSTEM32\\ntdll.dll+6ce71"}
{"SourceName": "Microsoft-Windows-Sysmon", "ProviderGuid": "{5770385f-c22a-43e0-bf4c-06f5698ffbd9}", "Level": "4", "Keywords": "0x8000000000000000", "Channel": "Microsoft-Windows-Sysmon/Operational", "Hostname": "pedro-computer", "TimeCreated": "2022-08-18T05:35:50.692Z", "@timestamp": "2022-08-18T05:35:50.692Z", "EventID": 10, "Message": "Process accessed:\r\nRuleName: -\r\nUtcTime: 2022-08-19 00:35:50.687\r\nSourceProcessGUID: {564ff025-a9e3-62fe-1e00-000000000700}\r\nSourceProcessId: 1172\r\nSourceThreadId: 1204\r\nSourceImage: C:\\Windows\\System32\\VBoxService.exe\r\nTargetProcessGUID: {564ff025-a9e0-62fe-1900-000000000700}\r\nTargetProcessId: 724\r\nTargetImage: C:\\Windows\\system32\\svchost.exe\r\nGrantedAccess: 0x1400\r\nCallTrace: C:\\Windows\\SYSTEM32\\ntdll.dll+9c524|C:\\Windows\\System32\\KERNELBASE.dll+2730e|C:\\Windows\\System32\\VBoxService.exe+13317|C:\\Windows\\System32\\VBoxService.exe+145bf|C:\\Windows\\System32\\VBoxService.exe+1483e|C:\\Windows\\System32\\VBoxService.exe+1027b|C:\\Windows\\System32\\VBoxService.exe+10d80|C:\\Windows\\System32\\VBoxService.exe+17ee|C:\\Windows\\System32\\VBoxService.exe+3230f|C:\\Windows\\System32\\VBoxService.exe+35edc|C:\\Windows\\System32\\VBoxService.exe+103653|C:\\Windows\\System32\\VBoxService.exe+1036e7|C:\\Windows\\System32\\KERNEL32.DLL+17944|C:\\Windows\\SYSTEM32\\ntdll.dll+6ce71", "Task": "10", "RuleName": "-", "UtcTime": "2022-08-19 00:35:50.687", "SourceProcessGUID": "{564ff025-a9e3-62fe-1e00-000000000700}", "SourceProcessId": "1172", "SourceThreadId": "1204", "SourceImage": "C:\\Windows\\System32\\VBoxService.exe", "TargetProcessGUID": "{564ff025-a9e0-62fe-1900-000000000700}", "TargetProcessId": "724", "TargetImage": "C:\\Windows\\system32\\svchost.exe", "GrantedAccess": "0x1400", "CallTrace": "C:\\Windows\\SYSTEM32\\ntdll.dll+9c524|C:\\Windows\\System32\\KERNELBASE.dll+2730e|C:\\Windows\\System32\\VBoxService.exe+13317|C:\\Windows\\System32\\VBoxService.exe+145bf|C:\\Windows\\System32\\VBoxService.exe+1483e|C:\\Windows\\System32\\VBoxService.exe+1027b|C:\\Windows\\System32\\VBoxService.exe+10d80|C:\\Windows\\System32\\VBoxService.exe+17ee|C:\\Windows\\System32\\VBoxService.exe+3230f|C:\\Windows\\System32\\VBoxService.exe+35edc|C:\\Windows\\System32\\VBoxService.exe+103653|C:\\Windows\\System32\\VBoxService.exe+1036e7|C:\\Windows\\System32\\KERNEL32.DLL+17944|C:\\Windows\\SYSTEM32\\ntdll.dll+6ce71"}
{"SourceName": "Microsoft-Windows-Security-Auditing", "ProviderGuid": "{54849625-5478-4994-a5ba-3e3b0328c30d}", "Level": "0", "Keywords": "0x8020000000000000", "Channel": "Security", "Hostname": "DC01.pandalab.com", "TimeCreated": "2023-07-19T09:03:48.774Z", "@timestamp": "2023-07-19T09:03:48.774Z", "EventID": 4661, "Message": "A handle to an object was requested.\r\n\r\nSubject :\r\n\tSecurity ID:\t\tS-1-5-21-477444970-2264162048-1418806404-500\r\n\tAccount Name:\t\tAdministrator\r\n\tAccount Domain:\t\tPANDALAB\r\n\tLogon ID:\t\t0x627B7\r\n\r\nObject:\r\n\tObject Server:\tSecurity Account Manager\r\n\tObject Type:\tSAM_DOMAIN\r\n\tObject Name:\tCN=Builtin,DC=pandalab,DC=com\r\n\tHandle ID:\t0x285430f8240\r\n\r\nProcess Information:\r\n\tProcess ID:\t0x258\r\n\tProcess Name:\tC:\\Windows\\System32\\lsass.exe\r\n\r\nAccess Request Information:\r\n\tTransaction ID:\t{00000000-0000-0000-0000-000000000000}\r\n\tAccesses:\tDELETE\r\n\t\t\t\tREAD_CONTROL\r\n\t\t\t\tWRITE_DAC\r\n\t\t\t\tWRITE_OWNER\r\n\t\t\t\tReadPasswordParameters\r\n\t\t\t\tWritePasswordParameters\r\n\t\t\t\tReadOtherParameters\r\n\t\t\t\tWriteOtherParameters\r\n\t\t\t\tCreateUser\r\n\t\t\t\tCreateGlobalGroup\r\n\t\t\t\tCreateLocalGroup\r\n\t\t\t\tGetLocalGroupMembership\r\n\t\t\t\tListAccounts\r\n\t\t\t\t\r\n\tAccess Reasons:\t\t-\r\n\tAccess Mask:\t0xF01FF\r\n\tPrivileges Used for Access Check:\t-\r\n\tProperties:\t---\r\n\t{19195a5a-6da0-11d0-afd3-00c04fd930c9}\r\nDELETE\r\nREAD_CONTROL\r\nWRITE_DAC\r\nWRITE_OWNER\r\nReadPasswordParameters\r\nWritePasswordParameters\r\nReadOtherParameters\r\nWriteOtherParameters\r\nCreateUser\r\nCreateGlobalGroup\r\nCreateLocalGroup\r\nGetLocalGroupMembership\r\nListAccounts\r\n\t\t{c7407360-20bf-11d0-a768-00aa006e0529}\r\n\t\t\t{bf9679a4-0de6-11d0-a285-00aa003049e2}\r\n\t\t\t{bf9679a5-0de6-11d0-a285-00aa003049e2}\r\n\t\t\t{bf9679a6-0de6-11d0-a285-00aa003049e2}\r\n\t\t\t{bf9679bb-0de6-11d0-a285-00aa003049e2}\r\n\t\t\t{bf9679c2-0de6-11d0-a285-00aa003049e2}\r\n\t\t\t{bf9679c3-0de6-11d0-a285-00aa003049e2}\r\n\t\t\t{bf967a09-0de6-11d0-a285-00aa003049e2}\r\n\t\t\t{bf967a0b-0de6-11d0-a285-00aa003049e2}\r\n\t\t{b8119fd0-04f6-4762-ab7a-4986c76b3f9a}\r\n\t\t\t{bf967a34-0de6-11d0-a285-00aa003049e2}\r\n\t\t\t{bf967a33-0de6-11d0-a285-00aa003049e2}\r\n\t\t\t{bf9679c5-0de6-11d0-a285-00aa003049e2}\r\n\t\t\t{bf967a61-0de6-11d0-a285-00aa003049e2}\r\n\t\t\t{bf967977-0de6-11d0-a285-00aa003049e2}\r\n\t\t\t{bf96795e-0de6-11d0-a285-00aa003049e2}\r\n\t\t\t{bf9679ea-0de6-11d0-a285-00aa003049e2}\r\n\t\t{ab721a52-1e2f-11d0-9819-00aa0040529b}\r\n\r\n\tRestricted SID Count:\t0", "Task": "12803", "SubjectUserSid": "S-1-5-21-477444970-2264162048-1418806404-500", "SubjectUserName": "Administrator", "SubjectDomainName": "PANDALAB", "SubjectLogonId": "0x627b7", "ObjectServer": "Security Account Manager", "ObjectType": "SAM_DOMAIN", "ObjectName": "CN=Builtin,DC=pandalab,DC=com", "HandleId": "0x285430f8240", "TransactionId": "{00000000-0000-0000-0000-000000000000}", "AccessList": "%%1537\n\t\t\t\t%%1538\n\t\t\t\t%%1539\n\t\t\t\t%%1540\n\t\t\t\t%%5392\n\t\t\t\t%%5393\n\t\t\t\t%%5394\n\t\t\t\t%%5395\n\t\t\t\t%%5396\n\t\t\t\t%%5397\n\t\t\t\t%%5398\n\t\t\t\t%%5399\n\t\t\t\t%%5400\n\t\t\t\t", "AccessReason": "-", "AccessMask": "0xf01ff", "PrivilegeList": "-", "Properties": "---\n\t{19195a5a-6da0-11d0-afd3-00c04fd930c9}\n%%1537\n%%1538\n%%1539\n%%1540\n%%5392\n%%5393\n%%5394\n%%5395\n%%5396\n%%5397\n%%5398\n%%5399\n%%5400\n\t\t{c7407360-20bf-11d0-a768-00aa006e0529}\n\t\t\t{bf9679a4-0de6-11d0-a285-00aa003049e2}\n\t\t\t{bf9679a5-0de6-11d0-a285-00aa003049e2}\n\t\t\t{bf9679a6-0de6-11d0-a285-00aa003049e2}\n\t\t\t{bf9679bb-0de6-11d0-a285-00aa003049e2}\n\t\t\t{bf9679c2-0de6-11d0-a285-00aa003049e2}\n\t\t\t{bf9679c3-0de6-11d0-a285-00aa003049e2}\n\t\t\t{bf967a09-0de6-11d0-a285-00aa003049e2}\n\t\t\t{bf967a0b-0de6-11d0-a285-00aa003049e2}\n\t\t{b8119fd0-04f6-4762-ab7a-4986c76b3f9a}\n\t\t\t{bf967a34-0de6-11d0-a285-00aa003049e2}\n\t\t\t{bf967a33-0de6-11d0-a285-00aa003049e2}\n\t\t\t{bf9679c5-0de6-11d0-a285-00aa003049e2}\n\t\t\t{bf967a61-0de6-11d0-a285-00aa003049e2}\n\t\t\t{bf967977-0de6-11d0-a285-00aa003049e2}\n\t\t\t{bf96795e-0de6-11d0-a285-00aa003049e2}\n\t\t\t{bf9679ea-0de6-11d0-a285-00aa003049e2}\n\t\t{ab721a52-1e2f-11d0-9819-00aa0040529b}\n", "RestrictedSidCount": "0", "ProcessId": "0x258", "ProcessName": "C:\\Windows\\System32\\lsass.exe"}
{"RecordNumber": 668106, "ProcessId": "908", "TargetImage": "C:\\windows\\system32\\backgroundTaskHost.exe", "ExecutionProcessID": 3120, "SourceName": "Microsoft-Windows-Sysmon", "SourceModuleName": "eventlog", "Task": 10, "GrantedAccess": "0x1000", "EventTime": "2020-10-09 18:28:04", "UserID": "S-1-5-18", "CallTrace": "C:\\windows\\SYSTEM32\\ntdll.dll+9c534|C:\\windows\\SYSTEM32\\psmserviceexthost.dll+222a3|C:\\windows\\SYSTEM32\\psmserviceexthost.dll+37ea0|C:\\windows\\SYSTEM32\\psmserviceexthost.dll+37929|C:\\windows\\SYSTEM32\\psmserviceexthost.dll+686f8|C:\\windows\\SYSTEM32\\psmserviceexthost.dll+6e84a|C:\\windows\\SYSTEM32\\psmserviceexthost.dll+6f700|C:\\windows\\SYSTEM32\\psmserviceexthost.dll+34be4|C:\\windows\\SYSTEM32\\psmserviceexthost.dll+6f63e|C:\\windows\\SYSTEM32\\psmserviceexthost.dll+713b5|C:\\windows\\SYSTEM32\\psmserviceexthost.dll+50bda|C:\\windows\\SYSTEM32\\psmserviceexthost.dll+4500a|C:\\windows\\System32\\KERNEL32.DLL+17bd4|C:\\windows\\SYSTEM32\\ntdll.dll+6ce51", "@timestamp": "2020-10-09T22:30:29.309Z", "Severity": "INFO", "EventReceivedTime": "2020-10-09 18:30:29", "EventType": "INFO", "EventID": 10, "UtcTime": "2020-10-09 22:28:04.446", "Channel": "Microsoft-Windows-Sysmon/Operational", "Domain": "NT AUTHORITY", "ProviderGuid": "{5770385F-C22A-43E0-BF4C-06F5698FFBD9}", "SeverityValue": 2, "Hostname": "WORKSTATION5.theshire.local", "Message": "Process accessed:\r\nRuleName: -\r\nUtcTime: 2020-10-09 22:28:04.446\r\nSourceProcessGUID: {42c2e005-a298-5f7e-1000-000000000400}\r\nSourceProcessId: 908\r\nSourceThreadId: 824\r\nSourceImage: C:\\windows\\system32\\svchost.exe\r\nTargetProcessGUID: {42c2e005-e3ec-5f80-3c08-000000000400}\r\nTargetProcessId: 11384\r\nTargetImage: C:\\windows\\system32\\backgroundTaskHost.exe\r\nGrantedAccess: 0x1000\r\nCallTrace: C:\\windows\\SYSTEM32\\ntdll.dll+9c534|C:\\windows\\SYSTEM32\\psmserviceexthost.dll+222a3|C:\\windows\\SYSTEM32\\psmserviceexthost.dll+37ea0|C:\\windows\\SYSTEM32\\psmserviceexthost.dll+37929|C:\\windows\\SYSTEM32\\psmserviceexthost.dll+686f8|C:\\windows\\SYSTEM32\\psmserviceexthost.dll+6e84a|C:\\windows\\SYSTEM32\\psmserviceexthost.dll+6f700|C:\\windows\\SYSTEM32\\psmserviceexthost.dll+34be4|C:\\windows\\SYSTEM32\\psmserviceexthost.dll+6f63e|C:\\windows\\SYSTEM32\\psmserviceexthost.dll+713b5|C:\\windows\\SYSTEM32\\psmserviceexthost.dll+50bda|C:\\windows\\SYSTEM32\\psmserviceexthost.dll+4500a|C:\\windows\\System32\\KERNEL32.DLL+17bd4|C:\\windows\\SYSTEM32\\ntdll.dll+6ce51", "SourceProcessId": "908", "RuleName": "-", "TargetProcessId": "11384", "SourceProcessGUID": "{42c2e005-a298-5f7e-1000-000000000400}", "SourceThreadId": "824", "SourceImage": "C:\\windows\\system32\\svchost.exe", "TargetProcessGUID": "{42c2e005-e3ec-5f80-3c08-000000000400}", "Category": "Process accessed (rule: ProcessAccess)", "host": "wec.internal.cloudapp.net", "port": 58623, "tags": ["mordorDataset"], "ThreadID": 820, "Version": 3, "OpcodeValue": 0, "@version": "1", "Keywords": -9223372036854775808, "Opcode": "Info", "AccountName": "SYSTEM", "AccountType": "User", "SourceModuleType": "im_msvistalog"}
{"@version": "1", "EventType": "INFO", "Version": 1, "ThreadID": 6020, "EventTime": "2020-08-06 03:01:38", "Task": 106, "AccountType": "User", "Channel": "Microsoft-Windows-PowerShell/Operational", "SourceName": "Microsoft-Windows-PowerShell", "OpcodeValue": 20, "Hostname": "MORDORDC.theshire.local", "@timestamp": "2020-08-06T07:01:38.915Z", "Message": "CommandInvocation(Get-WindowsFeature): \"Get-WindowsFeature\"\r\nParameterBinding(Get-WindowsFeature): name=\"Name\"; value=\"DNS\"\r\nParameterBinding(Get-WindowsFeature): name=\"Verbose\"; value=\"True\"\r\nParameterBinding(Get-WindowsFeature): name=\"ErrorVariable\"; value=\"ev\"\r\n\r\n\r\nContext:\r\n        Severity = Informational\r\n        Host Name = Default Host\r\n        Host Version = 5.1.17763.1007\r\n        Host ID = 00fe7f57-0c2c-4b74-9d9e-717686b58e9c\r\n        Host Application = C:\\windows\\system32\\wbem\\wmiprvse.exe\r\n        Engine Version = 5.1.17763.1007\r\n        Runspace ID = 82c43977-de70-47a0-8761-83589cec4416\r\n        Pipeline ID = 13\r\n        Command Name = Get-WindowsFeature\r\n        Command Type = Cmdlet\r\n        Script Name = C:\\windows\\system32\\WindowsPowerShell\\v1.0\\Modules\\PSDesiredStateConfiguration\\DscResources\\MSFT_RoleResource\\MSFT_RoleResource.psm1\r\n        Command Path = \r\n        Sequence Number = 94\r\n        User = THESHIRE\\SYSTEM\r\n        Connected User = \r\n        Shell ID = Microsoft.PowerShell\r\n\r\n\r\nUser Data:\r\n\r\n", "Category": "Executing Pipeline", "Opcode": "To be used when operation is just executing a method", "SourceModuleName": "eventlog", "EventReceivedTime": "2020-08-06 03:01:38", "port": 60122, "AccountName": "SYSTEM", "ContextInfo": "        Severity = Informational\r\n        Host Name = Default Host\r\n        Host Version = 5.1.17763.1007\r\n        Host ID = 00fe7f57-0c2c-4b74-9d9e-717686b58e9c\r\n        Host Application = C:\\windows\\system32\\wbem\\wmiprvse.exe\r\n        Engine Version = 5.1.17763.1007\r\n        Runspace ID = 82c43977-de70-47a0-8761-83589cec4416\r\n        Pipeline ID = 13\r\n        Command Name = Get-WindowsFeature\r\n        Command Type = Cmdlet\r\n        Script Name = C:\\windows\\system32\\WindowsPowerShell\\v1.0\\Modules\\PSDesiredStateConfiguration\\DscResources\\MSFT_RoleResource\\MSFT_RoleResource.psm1\r\n        Command Path = \r\n        Sequence Number = 94\r\n        User = THESHIRE\\SYSTEM\r\n        Connected User = \r\n        Shell ID = Microsoft.PowerShell\r\n", "Payload": "CommandInvocation(Get-WindowsFeature): \"Get-WindowsFeature\"\r\nParameterBinding(Get-WindowsFeature): name=\"Name\"; value=\"DNS\"\r\nParameterBinding(Get-WindowsFeature): name=\"Verbose\"; value=\"True\"\r\nParameterBinding(Get-WindowsFeature): name=\"ErrorVariable\"; value=\"ev\"\r\n", "Domain": "NT AUTHORITY", "ExecutionProcessID": 6384, "host": "wec.internal.cloudapp.net", "Severity": "INFO", "ActivityID": "{FE45B800-EF20-0001-5B2E-FF248F6BD601}", "SeverityValue": 2, "EventID": 4103, "UserID": "S-1-5-18", "ProviderGuid": "{A0C1853B-5C40-4B15-8766-3CF1C58F985A}", "RecordNumber": 19335, "SourceModuleType": "im_msvistalog", "Keywords": 0, "tags": ["mordorDataset"]}
{"@timestamp": "2020-10-29T12:16:10.356Z", "TimeCreated": "2020-10-29T12:16:10.356Z", "SubjectLogonId": "0x3e5", "SubjectDomainName": "NT AUTHORITY", "ProviderGuid": "{54849625-5478-4994-a5ba-3e3b0328c30d}", "ObjectServer": "Security", "HandleId": "0x48e4", "SubjectUserSid": "S-1-5-19", "Level": "0", "Channel": "Security", "Task": "12801", "SourceName": "Microsoft-Windows-Security-Auditing", "Hostname": "WORKSTATION5", "ProcessName": "C:\\Windows\\System32\\svchost.exe", "ProcessId": "0xb84", "EventID": 4658, "Keywords": "0x8020000000000000", "SubjectUserName": "LOCAL SERVICE", "Message": "The handle to an object was closed.\r\n\r\nSubject :\r\n\tSecurity ID:\t\tS-1-5-19\r\n\tAccount Name:\t\tLOCAL SERVICE\r\n\tAccount Domain:\t\tNT AUTHORITY\r\n\tLogon ID:\t\t0x3E5\r\n\r\nObject:\r\n\tObject Server:\t\tSecurity\r\n\tHandle ID:\t\t0x48e4\r\n\r\nProcess Information:\r\n\tProcess ID:\t\t0xb84\r\n\tProcess Name:\t\tC:\\Windows\\System32\\svchost.exe"}
{"SourceName": "Microsoft-Windows-Sysmon", "ProviderGuid": "{5770385f-c22a-43e0-bf4c-06f5698ffbd9}", "Level": "4", "Keywords": "0x8000000000000000", "Channel": "Microsoft-Windows-Sysmon/Operational", "Hostname": "DC01.pandalab.com", "TimeCreated": "2023-07-19T12:21:26.346Z", "@timestamp": "2023-07-19T12:21:26.346Z", "EventID": 10, "Message": "Process accessed:\r\nRuleName: -\r\nUtcTime: 2023-07-19 19:21:26.339\r\nSourceProcessGUID: {fe86be69-25d2-64b6-2000-000000001000}\r\nSourceProcessId: 1244\r\nSourceThreadId: 1348\r\nSourceImage: C:\\Windows\\System32\\VBoxService.exe\r\nTargetProcessGUID: {fe86be69-fbaf-64b5-4200-000000001000}\r\nTargetProcessId: 2348\r\nTargetImage: C:\\Windows\\system32\\dns.exe\r\nGrantedAccess: 0x1400\r\nCallTrace: C:\\Windows\\SYSTEM32\\ntdll.dll+9f934|C:\\Windows\\System32\\KERNELBASE.dll+44a5e|C:\\Windows\\System32\\VBoxService.exe+13bad|C:\\Windows\\System32\\VBoxService.exe+13a04|C:\\Windows\\System32\\VBoxService.exe+14d25|C:\\Windows\\System32\\VBoxService.exe+103d0|C:\\Windows\\System32\\VBoxService.exe+1bc5|C:\\Windows\\System32\\VBoxService.exe+1b2bb|C:\\Windows\\System32\\VBoxService.exe+200f5|C:\\Windows\\System32\\KERNEL32.DLL+14de0|C:\\Windows\\SYSTEM32\\ntdll.dll+7e3db\r\nSourceUser: NT AUTHORITY\\SYSTEM\r\nTargetUser: NT AUTHORITY\\SYSTEM", "Task": "10", "RuleName": "-", "UtcTime": "2023-07-19 19:21:26.339", "SourceProcessGUID": "{fe86be69-25d2-64b6-2000-000000001000}", "SourceProcessId": "1244", "SourceThreadId": "1348", "SourceImage": "C:\\Windows\\System32\\VBoxService.exe", "TargetProcessGUID": "{fe86be69-fbaf-64b5-4200-000000001000}", "TargetProcessId": "2348", "TargetImage": "C:\\Windows\\system32\\dns.exe", "GrantedAccess": "0x1400", "CallTrace": "C:\\Windows\\SYSTEM32\\ntdll.dll+9f934|C:\\Windows\\System32\\KERNELBASE.dll+44a5e|C:\\Windows\\System32\\VBoxService.exe+13bad|C:\\Windows\\System32\\VBoxService.exe+13a04|C:\\Windows\\System32\\VBoxService.exe+14d25|C:\\Windows\\System32\\VBoxService.exe+103d0|C:\\Windows\\System32\\VBoxService.exe+1bc5|C:\\Windows\\System32\\VBoxService.exe+1b2bb|C:\\Windows\\System32\\VBoxService.exe+200f5|C:\\Windows\\System32\\KERNEL32.DLL+14de0|C:\\Windows\\SYSTEM32\\ntdll.dll+7e3db", "SourceUser": "NT AUTHORITY\\SYSTEM", "TargetUser": "NT AUTHORITY\\SYSTEM"}
