{"SourceName": "Microsoft-Windows-Sysmon", "ProviderGuid": "{5770385f-c22a-43e0-bf4c-06f5698ffbd9}", "Level": "4", "Keywords": "0x8000000000000000", "Channel": "Microsoft-Windows-Sysmon/Operational", "Hostname": "DESKTOP-CQF82L6", "TimeCreated": "2022-07-05T02:02:10.558Z", "@timestamp": "2022-07-05T02:02:10.558Z", "EventID": 10, "Message": "Process accessed:\r\nRuleName: -\r\nUtcTime: 2022-07-05 21:02:10.547\r\nSourceProcessGUID: {01e2a015-d09b-62bd-2100-000000000700}\r\nSourceProcessId: 1244\r\nSourceThreadId: 1376\r\nSourceImage: C:\\Windows\\System32\\VBoxService.exe\r\nTargetProcessGUID: {01e2a015-a5f2-62c4-6d07-000000000700}\r\nTargetProcessId: 5784\r\nTargetImage: C:\\Windows\\system32\\backgroundTaskHost.exe\r\nGrantedAccess: 0x1400\r\nCallTrace: C:\\Windows\\SYSTEM32\\ntdll.dll+9d204|C:\\Windows\\System32\\KERNELBASE.dll+2c13e|C:\\Windows\\System32\\VBoxService.exe+13357|C:\\Windows\\System32\\VBoxService.exe+145a9|C:\\Windows\\System32\\VBoxService.exe+1487e|C:\\Windows\\System32\\VBoxService.exe+102bb|C:\\Windows\\System32\\VBoxService.exe+10dc0|C:\\Windows\\System32\\VBoxService.exe+17ee|C:\\Windows\\System32\\VBoxService.exe+3234f|C:\\Windows\\System32\\VBoxService.exe+35f1c|C:\\Windows\\System32\\VBoxService.exe+103663|C:\\Windows\\System32\\VBoxService.exe+1036f7|C:\\Windows\\System32\\KERNEL32.DLL+17034|C:\\Windows\\SYSTEM32\\ntdll.dll+52651\r\nSourceUser: NT AUTHORITY\\SYSTEM\r\nTargetUser: DESKTOP-CQF82L6\\pedro", "Task": "10", "RuleName": "-", "UtcTime": "2022-07-05 21:02:10.547", "SourceProcessGUID": "{01e2a015-d09b-62bd-2100-000000000700}", "SourceProcessId": "1244", "SourceThreadId": "1376", "SourceImage": "C:\\Windows\\System32\\VBoxService.exe", "TargetProcessGUID": "{01e2a015-a5f2-62c4-6d07-000000000700}", "TargetProcessId": "5784", "TargetImage": "C:\\Windows\\system32\\backgroundTaskHost.exe", "GrantedAccess": "0x1400", "CallTrace": "C:\\Windows\\SYSTEM32\\ntdll.dll+9d204|C:\\Windows\\System32\\KERNELBASE.dll+2c13e|C:\\Windows\\System32\\VBoxService.exe+13357|C:\\Windows\\System32\\VBoxService.exe+145a9|C:\\Windows\\System32\\VBoxService.exe+1487e|C:\\Windows\\System32\\VBoxService.exe+102bb|C:\\Windows\\System32\\VBoxService.exe+10dc0|C:\\Windows\\System32\\VBoxService.exe+17ee|C:\\Windows\\System32\\VBoxService.exe+3234f|C:\\Windows\\System32\\VBoxService.exe+35f1c|C:\\Windows\\System32\\VBoxService.exe+103663|C:\\Windows\\System32\\VBoxService.exe+1036f7|C:\\Windows\\System32\\KERNEL32.DLL+17034|C:\\Windows\\SYSTEM32\\ntdll.dll+52651", "SourceUser": "NT AUTHORITY\\SYSTEM", "TargetUser": "DESKTOP-CQF82L6\\pedro"}
{"SourceName": "Microsoft-Windows-Sysmon", "ProviderGuid": "{5770385f-c22a-43e0-bf4c-06f5698ffbd9}", "Level": "4", "Keywords": "0x8000000000000000", "Channel": "Microsoft-Windows-Sysmon/Operational", "Hostname": "Pedro01", "TimeCreated": "2022-08-03T07:30:27.974Z", "@timestamp": "2022-08-03T07:30:27.974Z", "EventID": 10, "Message": "Process accessed:\r\nRuleName: -\r\nUtcTime: 2022-08-04 02:30:27.967\r\nSourceProcessGUID: {625b42a0-2f3a-62eb-9505-000000000900}\r\nSourceProcessId: 7712\r\nSourceThreadId: 8924\r\nSourceImage: C:\\Windows\\System32\\RuntimeBroker.exe\r\nTargetProcessGUID: {625b42a0-2f2e-62eb-8905-000000000900}\r\nTargetProcessId: 4224\r\nTargetImage: C:\\Windows\\system32\\backgroundTaskHost.exe\r\nGrantedAccess: 0x40\r\nCallTrace: C:\\Windows\\SYSTEM32\\ntdll.dll+9c524|C:\\Windows\\System32\\KERNELBASE.dll+2730e|C:\\Windows\\System32\\shcore.dll+1bd0c|C:\\Windows\\System32\\shcore.dll+1be4e|C:\\Windows\\System32\\RPCRT4.dll+76963|C:\\Windows\\System32\\RPCRT4.dll+da036|C:\\Windows\\System32\\RPCRT4.dll+38299|C:\\Windows\\System32\\combase.dll+a542f|C:\\Windows\\System32\\RPCRT4.dll+59a8b|C:\\Windows\\System32\\combase.dll+28263|C:\\Windows\\System32\\combase.dll+28053|C:\\Windows\\System32\\combase.dll+a8006|C:\\Windows\\System32\\combase.dll+5b72a|C:\\Windows\\System32\\combase.dll+a3c7d|C:\\Windows\\System32\\combase.dll+6a07c|C:\\Windows\\System32\\combase.dll+6a8e1|C:\\Windows\\System32\\combase.dll+6c088|C:\\Windows\\System32\\RPCRT4.dll+548d8|C:\\Windows\\System32\\RPCRT4.dll+2c931|C:\\Windows\\System32\\RPCRT4.dll+2c480|C:\\Windows\\System32\\RPCRT4.dll+1a6bf|C:\\Windows\\System32\\RPCRT4.dll+19d1a|C:\\Windows\\System32\\RPCRT4.dll+19301|C:\\Windows\\System32\\RPCRT4.dll+18d6e\r\nSourceUser: PEDRO01\\IT01-Pedro\r\nTargetUser: PEDRO01\\IT01-Pedro", "Task": "10", "RuleName": "-", "UtcTime": "2022-08-04 02:30:27.967", "SourceProcessGUID": "{625b42a0-2f3a-62eb-9505-000000000900}", "SourceProcessId": "7712", "SourceThreadId": "8924", "SourceImage": "C:\\Windows\\System32\\RuntimeBroker.exe", "TargetProcessGUID": "{625b42a0-2f2e-62eb-8905-000000000900}", "TargetProcessId": "4224", "TargetImage": "C:\\Windows\\system32\\backgroundTaskHost.exe", "GrantedAccess": "0x40", "CallTrace": "C:\\Windows\\SYSTEM32\\ntdll.dll+9c524|C:\\Windows\\System32\\KERNELBASE.dll+2730e|C:\\Windows\\System32\\shcore.dll+1bd0c|C:\\Windows\\System32\\shcore.dll+1be4e|C:\\Windows\\System32\\RPCRT4.dll+76963|C:\\Windows\\System32\\RPCRT4.dll+da036|C:\\Windows\\System32\\RPCRT4.dll+38299|C:\\Windows\\System32\\combase.dll+a542f|C:\\Windows\\System32\\RPCRT4.dll+59a8b|C:\\Windows\\System32\\combase.dll+28263|C:\\Windows\\System32\\combase.dll+28053|C:\\Windows\\System32\\combase.dll+a8006|C:\\Windows\\System32\\combase.dll+5b72a|C:\\Windows\\System32\\combase.dll+a3c7d|C:\\Windows\\System32\\combase.dll+6a07c|C:\\Windows\\System32\\combase.dll+6a8e1|C:\\Windows\\System32\\combase.dll+6c088|C:\\Windows\\System32\\RPCRT4.dll+548d8|C:\\Windows\\System32\\RPCRT4.dll+2c931|C:\\Windows\\System32\\RPCRT4.dll+2c480|C:\\Windows\\System32\\RPCRT4.dll+1a6bf|C:\\Windows\\System32\\RPCRT4.dll+19d1a|C:\\Windows\\System32\\RPCRT4.dll+19301|C:\\Windows\\System32\\RPCRT4.dll+18d6e", "SourceUser": "PEDRO01\\IT01-Pedro", "TargetUser": "PEDRO01\\IT01-Pedro"}
{"@timestamp": "2020-10-22T08:30:41.601Z", "ProcessId": "7944", "OpcodeValue": 0, "AccountName": "SYSTEM", "port": 58121, "AccountType": "User", "Severity": "INFO", "TargetObject": "HKLM\\SOFTWARE\\Microsoft\\EnterpriseCertificates\\Disallowed\\CTLs", "EventTime": "2020-10-22 04:30:00", "SourceName": "Microsoft-Windows-Sysmon", "ProviderGuid": "{5770385F-C22A-43E0-BF4C-06F5698FFBD9}", "Channel": "Microsoft-Windows-Sysmon/Operational", "Image": "C:\\windows\\system32\\wbem\\wmiprvse.exe", "EventReceivedTime": "2020-10-22 04:30:41", "ExecutionProcessID": 3616, "UtcTime": "2020-10-22 08:30:00.412", "EventID": 12, "Category": "Registry object added or deleted (rule: RegistryEvent)", "tags": ["mordorDataset"], "SeverityValue": 2, "Keywords": -9223372036854775808, "EventType": "CreateKey", "Version": 2, "SourceModuleName": "eventlog", "SourceModuleType": "im_msvistalog", "Domain": "NT AUTHORITY", "host": "wec.internal.cloudapp.net", "EventTypeOrignal": "INFO", "RecordNumber": 748071, "ThreadID": 4132, "Task": 12, "Message": "Registry object added or deleted:\r\nRuleName: -\r\nEventType: CreateKey\r\nUtcTime: 2020-10-22 08:30:00.412\r\nProcessGuid: {fddc55f3-4301-5f91-1406-000000000400}\r\nProcessId: 7944\r\nImage: C:\\windows\\system32\\wbem\\wmiprvse.exe\r\nTargetObject: HKLM\\SOFTWARE\\Microsoft\\EnterpriseCertificates\\Disallowed\\CTLs", "Hostname": "MORDORDC.theshire.local", "RuleName": "-", "@version": "1", "UserID": "S-1-5-18", "ProcessGuid": "{fddc55f3-4301-5f91-1406-000000000400}", "Opcode": "Info"}
{"SourceName": "Microsoft-Windows-Sysmon", "ProviderGuid": "{5770385f-c22a-43e0-bf4c-06f5698ffbd9}", "Level": "4", "Keywords": "0x8000000000000000", "Channel": "Microsoft-Windows-Sysmon/Operational", "Hostname": "pedro-computer", "TimeCreated": "2022-08-18T06:57:16.002Z", "@timestamp": "2022-08-18T06:57:16.002Z", "EventID": 10, "Message": "Process accessed:\r\nRuleName: -\r\nUtcTime: 2022-08-18 13:57:15.986\r\nSourceProcessGUID: {564ff025-4d71-62fe-1e00-000000000600}\r\nSourceProcessId: 1136\r\nSourceThreadId: 1164\r\nSourceImage: C:\\Windows\\System32\\VBoxService.exe\r\nTargetProcessGUID: {564ff025-234b-62fe-3e00-000000000600}\r\nTargetProcessId: 2272\r\nTargetImage: C:\\Windows\\System32\\svchost.exe\r\nGrantedAccess: 0x1400\r\nCallTrace: C:\\Windows\\SYSTEM32\\ntdll.dll+9c524|C:\\Windows\\System32\\KERNELBASE.dll+2730e|C:\\Windows\\System32\\VBoxService.exe+13317|C:\\Windows\\System32\\VBoxService.exe+14569|C:\\Windows\\System32\\VBoxService.exe+1483e|C:\\Windows\\System32\\VBoxService.exe+1027b|C:\\Windows\\System32\\VBoxService.exe+10d80|C:\\Windows\\System32\\VBoxService.exe+17ee|C:\\Windows\\System32\\VBoxService.exe+3230f|C:\\Windows\\System32\\VBoxService.exe+35edc|C:\\Windows\\System32\\VBoxService.exe+103653|C:\\Windows\\System32\\VBoxService.exe+1036e7|C:\\Windows\\System32\\KERNEL32.DLL+17944|C:\\Windows\\SYSTEM32\\ntdll.dll+6ce71", "Task": "10", "RuleName": "-", "UtcTime": "2022-08-18 13:57:15.986", "SourceProcessGUID": "{564ff025-4d71-62fe-1e00-000000000600}", "SourceProcessId": "1136", "SourceThreadId": "1164", "SourceImage": "C:\\Windows\\System32\\VBoxService.exe", "TargetProcessGUID": "{564ff025-234b-62fe-3e00-000000000600}", "TargetProcessId": "2272", "TargetImage": "C:\\Windows\\System32\\svchost.exe", "GrantedAccess": "0x1400", "CallTrace": "C:\\Windows\\SYSTEM32\\ntdll.dll+9c524|C:\\Windows\\System32\\KERNELBASE.dll+2730e|C:\\Windows\\System32\\VBoxService.exe+13317|C:\\Windows\\System32\\VBoxService.exe+14569|C:\\Windows\\System32\\VBoxService.exe+1483e|C:\\Windows\\System32\\VBoxService.exe+1027b|C:\\Windows\\System32\\VBoxService.exe+10d80|C:\\Windows\\System32\\VBoxService.exe+17ee|C:\\Windows\\System32\\VBoxService.exe+3230f|C:\\Windows\\System32\\VBoxService.exe+35edc|C:\\Windows\\System32\\VBoxService.exe+103653|C:\\Windows\\System32\\VBoxService.exe+1036e7|C:\\Windows\\System32\\KERNEL32.DLL+17944|C:\\Windows\\SYSTEM32\\ntdll.dll+6ce71"}
{"Keywords": -9214364837600034816, "SeverityValue": 2, "SubjectDomainName": "NT AUTHORITY", "EventID": 4663, "ProviderGuid": "{54849625-5478-4994-A5BA-3E3B0328C30D}", "ExecutionProcessID": 4, "Channel": "security", "host": "wec.internal.cloudapp.net", "SubjectUserSid": "S-1-5-19", "ObjectType": "Key", "EventReceivedTime": "2020-09-18 15:00:29", "ThreadID": 5604, "ProcessId": "0x900", "EventType": "AUDIT_SUCCESS", "Opcode": "Info", "EventTime": "2020-09-18 15:00:27", "Message": "An attempt was made to access an object.\r\n\r\nSubject:\r\n\tSecurity ID:\t\tS-1-5-19\r\n\tAccount Name:\t\tLOCAL SERVICE\r\n\tAccount Domain:\t\tNT AUTHORITY\r\n\tLogon ID:\t\t0x3E5\r\n\r\nObject:\r\n\tObject Server:\t\tSecurity\r\n\tObject Type:\t\tKey\r\n\tObject Name:\t\t\\REGISTRY\\MACHINE\\SYSTEM\\ControlSet001\\Control\\Lsa\r\n\tHandle ID:\t\t0x714\r\n\tResource Attributes:\t-\r\n\r\nProcess Information:\r\n\tProcess ID:\t\t0x900\r\n\tProcess Name:\t\tC:\\Windows\\System32\\svchost.exe\r\n\r\nAccess Request Information:\r\n\tAccesses:\t\tQuery key value\r\n\t\t\t\t\r\n\tAccess Mask:\t\t0x1", "@timestamp": "2020-09-18T19:00:29.098Z", "ObjectServer": "Security", "SubjectLogonId": "0x3e5", "AccessMask": "0x1", "port": 64545, "ProcessName": "C:\\Windows\\System32\\svchost.exe", "RecordNumber": 475774, "SubjectUserName": "LOCAL SERVICE", "SourceModuleType": "im_msvistalog", "Task": 12801, "@version": "1", "OpcodeValue": 0, "SourceModuleName": "eventlog", "Severity": "INFO", "HandleId": "0x714", "ObjectName": "\\REGISTRY\\MACHINE\\SYSTEM\\ControlSet001\\Control\\Lsa", "SourceName": "Microsoft-Windows-Security-Auditing", "Version": 1, "AccessList": "%%4432\r\n\t\t\t\t", "Category": "Registry", "ResourceAttributes": "-", "Hostname": "WORKSTATION6.theshire.local", "tags": ["mordorDataset"]}
{"SourceName": "Microsoft-Windows-Sysmon", "ProviderGuid": "{5770385f-c22a-43e0-bf4c-06f5698ffbd9}", "Level": "4", "Keywords": "0x8000000000000000", "Channel": "Microsoft-Windows-Sysmon/Operational", "Hostname": "DESKTOP-CQF82L6", "TimeCreated": "2022-07-05T02:01:24.145Z", "@timestamp": "2022-07-05T02:01:24.145Z", "EventID": 10, "Message": "Process accessed:\r\nRuleName: -\r\nUtcTime: 2022-07-05 21:01:24.142\r\nSourceProcessGUID: {01e2a015-d09b-62bd-2100-000000000700}\r\nSourceProcessId: 1244\r\nSourceThreadId: 1376\r\nSourceImage: C:\\Windows\\System32\\VBoxService.exe\r\nTargetProcessGUID: {01e2a015-d0af-62bd-5600-000000000700}\r\nTargetProcessId: 3356\r\nTargetImage: C:\\Windows\\system32\\wbem\\unsecapp.exe\r\nGrantedAccess: 0x1400\r\nCallTrace: C:\\Windows\\SYSTEM32\\ntdll.dll+9d204|C:\\Windows\\System32\\KERNELBASE.dll+2c13e|C:\\Windows\\System32\\VBoxService.exe+13357|C:\\Windows\\System32\\VBoxService.exe+145d4|C:\\Windows\\System32\\VBoxService.exe+1487e|C:\\Windows\\System32\\VBoxService.exe+102bb|C:\\Windows\\System32\\VBoxService.exe+10dc0|C:\\Windows\\System32\\VBoxService.exe+17ee|C:\\Windows\\System32\\VBoxService.exe+3234f|C:\\Windows\\System32\\VBoxService.exe+35f1c|C:\\Windows\\System32\\VBoxService.exe+103663|C:\\Windows\\System32\\VBoxService.exe+1036f7|C:\\Windows\\System32\\KERNEL32.DLL+17034|C:\\Windows\\SYSTEM32\\ntdll.dll+52651\r\nSourceUser: NT AUTHORITY\\SYSTEM\r\nTargetUser: NT AUTHORITY\\SYSTEM", "Task": "10", "RuleName": "-", "UtcTime": "2022-07-05 21:01:24.142", "SourceProcessGUID": "{01e2a015-d09b-62bd-2100-000000000700}", "SourceProcessId": "1244", "SourceThreadId": "1376", "SourceImage": "C:\\Windows\\System32\\VBoxService.exe", "TargetProcessGUID": "{01e2a015-d0af-62bd-5600-000000000700}", "TargetProcessId": "3356", "TargetImage": "C:\\Windows\\system32\\wbem\\unsecapp.exe", "GrantedAccess": "0x1400", "CallTrace": "C:\\Windows\\SYSTEM32\\ntdll.dll+9d204|C:\\Windows\\System32\\KERNELBASE.dll+2c13e|C:\\Windows\\System32\\VBoxService.exe+13357|C:\\Windows\\System32\\VBoxService.exe+145d4|C:\\Windows\\System32\\VBoxService.exe+1487e|C:\\Windows\\System32\\VBoxService.exe+102bb|C:\\Windows\\System32\\VBoxService.exe+10dc0|C:\\Windows\\System32\\VBoxService.exe+17ee|C:\\Windows\\System32\\VBoxService.exe+3234f|C:\\Windows\\System32\\VBoxService.exe+35f1c|C:\\Windows\\System32\\VBoxService.exe+103663|C:\\Windows\\System32\\VBoxService.exe+1036f7|C:\\Windows\\System32\\KERNEL32.DLL+17034|C:\\Windows\\SYSTEM32\\ntdll.dll+52651", "SourceUser": "NT AUTHORITY\\SYSTEM", "TargetUser": "NT AUTHORITY\\SYSTEM"}
{"RecordNumber": 658885, "ProcessId": "9696", "TargetImage": "C:\\Windows\\SystemApps\\Microsoft.MicrosoftEdge_8wekyb3d8bbwe\\MicrosoftEdge.exe", "ExecutionProcessID": 3120, "SourceName": "Microsoft-Windows-Sysmon", "SourceModuleName": "eventlog", "Task": 10, "GrantedAccess": "0x1000", "EventTime": "2020-10-09 18:27:50", "UserID": "S-1-5-18", "CallTrace": "C:\\windows\\SYSTEM32\\ntdll.dll+9c534|C:\\windows\\System32\\KERNELBASE.dll+305fe|C:\\Windows\\System32\\twinapi.appcore.dll+2dbeb|C:\\Windows\\System32\\twinapi.appcore.dll+35ae1|C:\\Windows\\System32\\twinapi.appcore.dll+2762f|C:\\windows\\System32\\windows.storage.dll+13cfaf|C:\\windows\\System32\\windows.storage.dll+13cec1|C:\\windows\\System32\\windows.storage.dll+13ce6b|C:\\windows\\System32\\windows.storage.dll+1bce59|C:\\windows\\System32\\windows.storage.dll+18b15e|C:\\windows\\System32\\windows.storage.dll+1c11b8|C:\\windows\\System32\\windows.storage.dll+1c1de2|C:\\windows\\System32\\windows.storage.dll+964d2|C:\\windows\\System32\\windows.storage.dll+129a4f|C:\\windows\\System32\\windows.storage.dll+13ccfd|C:\\windows\\System32\\windows.storage.dll+13c9bc|C:\\windows\\System32\\windows.storage.dll+13c946|C:\\windows\\System32\\windows.storage.dll+1c02bf|C:\\windows\\System32\\windows.storage.dll+8f1d6|C:\\windows\\System32\\windows.storage.dll+8f0b2|C:\\windows\\System32\\RPCRT4.dll+76a53|C:\\windows\\System32\\RPCRT4.dll+da036|C:\\windows\\System32\\RPCRT4.dll+38359|C:\\windows\\System32\\combase.dll+a5cd3", "@timestamp": "2020-10-09T22:30:05.790Z", "Severity": "INFO", "EventReceivedTime": "2020-10-09 18:30:05", "EventType": "INFO", "EventID": 10, "UtcTime": "2020-10-09 22:27:50.899", "Channel": "Microsoft-Windows-Sysmon/Operational", "Domain": "NT AUTHORITY", "ProviderGuid": "{5770385F-C22A-43E0-BF4C-06F5698FFBD9}", "SeverityValue": 2, "Hostname": "WORKSTATION5.theshire.local", "Message": "Process accessed:\r\nRuleName: -\r\nUtcTime: 2020-10-09 22:27:50.899\r\nSourceProcessGUID: {42c2e005-e3e2-5f80-2a08-000000000400}\r\nSourceProcessId: 9696\r\nSourceThreadId: 9788\r\nSourceImage: C:\\Windows\\System32\\RuntimeBroker.exe\r\nTargetProcessGUID: {42c2e005-e3de-5f80-2408-000000000400}\r\nTargetProcessId: 8232\r\nTargetImage: C:\\Windows\\SystemApps\\Microsoft.MicrosoftEdge_8wekyb3d8bbwe\\MicrosoftEdge.exe\r\nGrantedAccess: 0x1000\r\nCallTrace: C:\\windows\\SYSTEM32\\ntdll.dll+9c534|C:\\windows\\System32\\KERNELBASE.dll+305fe|C:\\Windows\\System32\\twinapi.appcore.dll+2dbeb|C:\\Windows\\System32\\twinapi.appcore.dll+35ae1|C:\\Windows\\System32\\twinapi.appcore.dll+2762f|C:\\windows\\System32\\windows.storage.dll+13cfaf|C:\\windows\\System32\\windows.storage.dll+13cec1|C:\\windows\\System32\\windows.storage.dll+13ce6b|C:\\windows\\System32\\windows.storage.dll+1bce59|C:\\windows\\System32\\windows.storage.dll+18b15e|C:\\windows\\System32\\windows.storage.dll+1c11b8|C:\\windows\\System32\\windows.storage.dll+1c1de2|C:\\windows\\System32\\windows.storage.dll+964d2|C:\\windows\\System32\\windows.storage.dll+129a4f|C:\\windows\\System32\\windows.storage.dll+13ccfd|C:\\windows\\System32\\windows.storage.dll+13c9bc|C:\\windows\\System32\\windows.storage.dll+13c946|C:\\windows\\System32\\windows.storage.dll+1c02bf|C:\\windows\\System32\\windows.storage.dll+8f1d6|C:\\windows\\System32\\windows.storage.dll+8f0b2|C:\\windows\\System32\\RPCRT4.dll+76a53|C:\\windows\\System32\\RPCRT4.dll+da036|C:\\windows\\System32\\RPCRT4.dll+38359|C:\\windows\\System32\\combase.dll+a5cd3", "SourceProcessId": "9696", "RuleName": "-", "TargetProcessId": "8232", "SourceProcessGUID": "{42c2e005-e3e2-5f80-2a08-000000000400}", "SourceThreadId": "9788", "SourceImage": "C:\\Windows\\System32\\RuntimeBroker.exe", "TargetProcessGUID": "{42c2e005-e3de-5f80-2408-000000000400}", "Category": "Process accessed (rule: ProcessAccess)", "host": "wec.internal.cloudapp.net", "port": 58623, "tags": ["mordorDataset"], "ThreadID": 820, "Version": 3, "OpcodeValue": 0, "@version": "1", "Keywords": -9223372036854775808, "Opcode": "Info", "AccountName": "SYSTEM", "AccountType": "User", "SourceModuleType": "im_msvistalog"}
{"Keywords": -9223372036854775808, "SeverityValue": 2, "SourceImage": "C:\\windows\\system32\\svchost.exe", "EventID": 10, "ProviderGuid": "{5770385F-C22A-43E0-BF4C-06F5698FFBD9}", "ExecutionProcessID": 3392, "Channel": "Microsoft-Windows-Sysmon/Operational", "host": "wec.internal.cloudapp.net", "AccountType": "User", "UserID": "S-1-5-18", "SourceProcessGUID": "{d273d0f0-e867-5f64-1300-000000000800}", "ThreadID": 5552, "TargetImage": "C:\\windows\\System32\\svchost.exe", "GrantedAccess": "0x1000", "EventType": "INFO", "Opcode": "Info", "EventTime": "2020-09-20 12:16:12", "EventReceivedTime": "2020-09-20 12:16:13", "@timestamp": "2020-09-20T16:16:13.399Z", "SourceModuleType": "im_msvistalog", "port": 64545, "AccountName": "SYSTEM", "RecordNumber": 2974053, "SourceProcessId": "428", "SourceThreadId": "6472", "Task": 10, "Domain": "NT AUTHORITY", "@version": "1", "OpcodeValue": 0, "SourceModuleName": "eventlog", "TargetProcessGUID": "{d273d0f0-e899-5f64-9e00-000000000800}", "Severity": "INFO", "SourceName": "Microsoft-Windows-Sysmon", "Version": 3, "TargetProcessId": "6604", "Category": "Process accessed (rule: ProcessAccess)", "CallTrace": "C:\\windows\\SYSTEM32\\ntdll.dll+9c534|C:\\windows\\System32\\KERNELBASE.dll+6aec5|c:\\windows\\system32\\lsm.dll+1184f|c:\\windows\\system32\\lsm.dll+1172e|C:\\windows\\System32\\RPCRT4.dll+76a53|C:\\windows\\System32\\RPCRT4.dll+da036|C:\\windows\\System32\\RPCRT4.dll+37b1c|C:\\windows\\System32\\RPCRT4.dll+54998|C:\\windows\\System32\\RPCRT4.dll+2c951|C:\\windows\\System32\\RPCRT4.dll+2c20b|C:\\windows\\System32\\RPCRT4.dll+1a86f|C:\\windows\\System32\\RPCRT4.dll+19d1a|C:\\windows\\System32\\RPCRT4.dll+19301|C:\\windows\\System32\\RPCRT4.dll+18d6e|C:\\windows\\System32\\RPCRT4.dll+169a5|C:\\windows\\SYSTEM32\\ntdll.dll+333ed|C:\\windows\\SYSTEM32\\ntdll.dll+34142|C:\\windows\\System32\\KERNEL32.DLL+17bd4|C:\\windows\\SYSTEM32\\ntdll.dll+6ce51", "UtcTime": "2020-09-20 16:16:12.015", "Hostname": "WORKSTATION6.theshire.local", "RuleName": "-", "tags": ["mordorDataset"]}
{"SourceName": "Microsoft-Windows-Sysmon", "ProviderGuid": "{5770385f-c22a-43e0-bf4c-06f5698ffbd9}", "Level": "4", "Keywords": "0x8000000000000000", "Channel": "Microsoft-Windows-Sysmon/Operational", "Hostname": "Pedro01", "TimeCreated": "2022-08-03T07:30:18.760Z", "@timestamp": "2022-08-03T07:30:18.760Z", "EventID": 7, "Message": "Image loaded:\r\nRuleName: -\r\nUtcTime: 2022-08-04 02:30:18.738\r\nProcessGuid: {625b42a0-2f33-62eb-9105-000000000900}\r\nProcessId: 9160\r\nImage: C:\\Windows\\System32\\RuntimeBroker.exe\r\nImageLoaded: C:\\Windows\\System32\\msxml6.dll\r\nFileVersion: 6.30.18362.1\r\nDescription: MSXML 6.0\r\nProduct: Microsoft XML Core Services\r\nCompany: Microsoft Corporation\r\nOriginalFileName: MSXML6.dll\r\nHashes: SHA1=D7E67DE47486B1B8E11E934DDF5DD7E0FC793073,MD5=B167E5E1DFDC7C130EF55375F57CE9C7,SHA256=00CDFA4020DF29284089342189756E0702FE8C6914F6388506198E34E0E8364E,IMPHASH=710151239A53A1AF126E16EC22DE421E\r\nSigned: true\r\nSignature: Microsoft Windows\r\nSignatureStatus: Valid\r\nUser: PEDRO01\\IT01-Pedro", "Task": "7", "RuleName": "-", "UtcTime": "2022-08-04 02:30:18.738", "ProcessGuid": "{625b42a0-2f33-62eb-9105-000000000900}", "ProcessId": "9160", "Image": "C:\\Windows\\System32\\RuntimeBroker.exe", "ImageLoaded": "C:\\Windows\\System32\\msxml6.dll", "FileVersion": "6.30.18362.1", "Description": "MSXML 6.0", "Product": "Microsoft XML Core Services", "Company": "Microsoft Corporation", "OriginalFileName": "MSXML6.dll", "Hashes": "SHA1=D7E67DE47486B1B8E11E934DDF5DD7E0FC793073,MD5=B167E5E1DFDC7C130EF55375F57CE9C7,SHA256=00CDFA4020DF29284089342189756E0702FE8C6914F6388506198E34E0E8364E,IMPHASH=710151239A53A1AF126E16EC22DE421E", "Signed": "true", "Signature": "Microsoft Windows", "SignatureStatus": "Valid", "User": "PEDRO01\\IT01-Pedro"}
{"@timestamp": "2020-10-29T08:23:21.622Z", "TimeCreated": "2020-10-29T08:23:21.622Z", "IsExecutable": "false", "Archived": "true", "Hashes": "SHA1=13624E392010BDB71F9B47FCAB8B8E82C4A7C74D,MD5=11009AFE0DB7D8D83BB4197BF61581BD,SHA256=16C8A95A2957EEF56629FAB34BF2EC6F0DBB5DE541325F5EF65F93751601304F,IMPHASH=00000000000000000000000000000000", "ProviderGuid": "{5770385f-c22a-43e0-bf4c-06f5698ffbd9}", "TargetFilename": "C:\\Users\\pgustavo\\AppData\\Local\\Microsoft\\Windows\\SchCache\\MORDORDC.THESHIRE.LOCAL.sch", "Image": "C:\\ProgramData\\SharpView.exe", "UtcTime": "2020-10-30 00:23:21.620", "ProcessGuid": "{14475cd4-5cf8-5f9b-7801-000000000500}", "User": "THESHIRE\\pgustavo", "Level": "4", "Channel": "Microsoft-Windows-Sysmon/Operational", "Task": "23", "RuleName": "-", "SourceName": "Microsoft-Windows-Sysmon", "Hostname": "WORKSTATION5.theshire.local", "ProcessId": "3752", "EventID": 23, "Keywords": "0x8000000000000000", "Message": "File Delete:\r\nRuleName: -\r\nUtcTime: 2020-10-30 00:23:21.620\r\nProcessGuid: {14475cd4-5cf8-5f9b-7801-000000000500}\r\nProcessId: 3752\r\nUser: THESHIRE\\pgustavo\r\nImage: C:\\ProgramData\\SharpView.exe\r\nTargetFilename: C:\\Users\\pgustavo\\AppData\\Local\\Microsoft\\Windows\\SchCache\\MORDORDC.THESHIRE.LOCAL.sch\r\nHashes: SHA1=13624E392010BDB71F9B47FCAB8B8E82C4A7C74D,MD5=11009AFE0DB7D8D83BB4197BF61581BD,SHA256=16C8A95A2957EEF56629FAB34BF2EC6F0DBB5DE541325F5EF65F93751601304F,IMPHASH=00000000000000000000000000000000\r\nIsExecutable: false\r\nArchived: true"}
{"tags": ["mordorDataset"], "@version": "1", "EventType": "CreateKey", "Version": 2, "ThreadID": 4364, "EventTime": "2020-08-06 02:28:41", "Task": 12, "AccountType": "User", "Channel": "Microsoft-Windows-Sysmon/Operational", "EventTypeOrignal": "INFO", "SourceName": "Microsoft-Windows-Sysmon", "Hostname": "WORKSTATION5.theshire.local", "@timestamp": "2020-08-06T06:28:42.175Z", "OpcodeValue": 0, "Message": "Registry object added or deleted:\r\nRuleName: -\r\nEventType: CreateKey\r\nUtcTime: 2020-08-06 06:28:41.772\r\nProcessGuid: {297bc33e-5c33-5f2b-3800-000000000400}\r\nProcessId: 2440\r\nImage: C:\\windows\\system32\\svchost.exe\r\nTargetObject: HKCR", "SourceModuleName": "eventlog", "ProcessId": "2440", "EventReceivedTime": "2020-08-06 02:28:42", "port": 60122, "AccountName": "SYSTEM", "UtcTime": "2020-08-06 06:28:41.772", "Domain": "NT AUTHORITY", "ExecutionProcessID": 3284, "host": "wec.internal.cloudapp.net", "Severity": "INFO", "TargetObject": "HKCR", "SeverityValue": 2, "EventID": 12, "UserID": "S-1-5-18", "ProviderGuid": "{5770385F-C22A-43E0-BF4C-06F5698FFBD9}", "RecordNumber": 299684, "Image": "C:\\windows\\system32\\svchost.exe", "Keywords": -9223372036854775808, "ProcessGuid": "{297bc33e-5c33-5f2b-3800-000000000400}", "SourceModuleType": "im_msvistalog", "RuleName": "-"}
{"Image": "C:\\windows\\system32\\svchost.exe", "ProcessId": "876", "EventID": 13, "tags": ["mordorDataset"], "RecordNumber": 425761, "ProviderGuid": "{5770385F-C22A-43E0-BF4C-06F5698FFBD9}", "SourceName": "Microsoft-Windows-Sysmon", "OpcodeValue": 0, "EventTime": "2020-09-14 08:06:25", "AccountName": "SYSTEM", "host": "wec.internal.cloudapp.net", "SeverityValue": 2, "ExecutionProcessID": 3524, "AccountType": "User", "Category": "Registry value set (rule: RegistryEvent)", "SourceModuleName": "eventlog", "Domain": "NT AUTHORITY", "Message": "Registry value set:\r\nRuleName: -\r\nEventType: SetValue\r\nUtcTime: 2020-09-14 12:06:25.768\r\nProcessGuid: {2d351099-43cd-5f5f-0e00-000000000400}\r\nProcessId: 876\r\nImage: C:\\windows\\system32\\svchost.exe\r\nTargetObject: \\REGISTRY\\A\\{880a2083-1f4b-4b97-aa60-39a324efa5ef}\\WorkItems\\{563779ca-3046-4986-8d7f-e199d4ada6f4}\\Name\r\nDetails: ContentDeliveryManager.Background.SubscribedContent-338388.UpdatePlacementTask", "port": 60427, "UserID": "S-1-5-18", "UtcTime": "2020-09-14 12:06:25.768", "@timestamp": "2020-09-14T12:06:27.630Z", "ThreadID": 4688, "Severity": "INFO", "EventTypeOrignal": "INFO", "EventType": "SetValue", "Channel": "Microsoft-Windows-Sysmon/Operational", "TargetObject": "\\REGISTRY\\A\\{880a2083-1f4b-4b97-aa60-39a324efa5ef}\\WorkItems\\{563779ca-3046-4986-8d7f-e199d4ada6f4}\\Name", "Details": "ContentDeliveryManager.Background.SubscribedContent-338388.UpdatePlacementTask", "Opcode": "Info", "EventReceivedTime": "2020-09-14 08:06:27", "@version": "1", "Task": 13, "SourceModuleType": "im_msvistalog", "RuleName": "-", "Hostname": "WORKSTATION5.theshire.local", "Keywords": -9223372036854775808, "Version": 2, "ProcessGuid": "{2d351099-43cd-5f5f-0e00-000000000400}"}
{"@version": "1", "EventType": "AUDIT_SUCCESS", "ThreadID": 6520, "ObjectName": "ServicesActive", "ObjectType": "SC_MANAGER OBJECT", "Channel": "Security", "OpcodeValue": 0, "SubjectDomainName": "NT AUTHORITY", "Hostname": "WORKSTATION6.theshire.local", "@timestamp": "2020-08-06T06:26:37.319Z", "Category": "Other Object Access Events", "AccessMask": "0x5", "ProcessId": "0x2dc", "AccessList": "%%7168\r\n\t\t\t\t%%7170\r\n\t\t\t\t", "ProcessName": "C:\\Windows\\System32\\services.exe", "ResourceAttributes": "-", "host": "wec.internal.cloudapp.net", "SubjectUserName": "LOCAL SERVICE", "Severity": "INFO", "SeverityValue": 2, "SourceModuleType": "im_msvistalog", "TransactionId": "{00000000-0000-0000-0000-000000000000}", "SubjectLogonId": "0x3e5", "Version": 1, "EventTime": "2020-08-06 02:26:36", "Task": 12804, "AccessReason": "-", "PrivilegeList": "-", "SourceName": "Microsoft-Windows-Security-Auditing", "Opcode": "Info", "Message": "A handle to an object was requested.\r\n\r\nSubject:\r\n\tSecurity ID:\t\tS-1-5-19\r\n\tAccount Name:\t\tLOCAL SERVICE\r\n\tAccount Domain:\t\tNT AUTHORITY\r\n\tLogon ID:\t\t0x3E5\r\n\r\nObject:\r\n\tObject Server:\t\tSC Manager\r\n\tObject Type:\t\tSC_MANAGER OBJECT\r\n\tObject Name:\t\tServicesActive\r\n\tHandle ID:\t\t0x21849e4b520\r\n\tResource Attributes:\t-\r\n\r\nProcess Information:\r\n\tProcess ID:\t\t0x2dc\r\n\tProcess Name:\t\tC:\\Windows\\System32\\services.exe\r\n\r\nAccess Request Information:\r\n\tTransaction ID:\t\t{00000000-0000-0000-0000-000000000000}\r\n\tAccesses:\t\tConnect to service controller\r\n\t\t\t\tEnumerate services\r\n\t\t\t\t\r\n\tAccess Reasons:\t\t-\r\n\tAccess Mask:\t\t0x5\r\n\tPrivileges Used for Access Check:\t-\r\n\tRestricted SID Count:\t0", "SourceModuleName": "eventlog", "EventReceivedTime": "2020-08-06 02:26:37", "port": 60122, "RestrictedSidCount": "0", "ExecutionProcessID": 4, "ObjectServer": "SC Manager", "SubjectUserSid": "S-1-5-19", "HandleId": "0x21849e4b520", "EventID": 4656, "ProviderGuid": "{54849625-5478-4994-A5BA-3E3B0328C30D}", "RecordNumber": 91075, "Keywords": -9214364837600034816, "tags": ["mordorDataset"]}
{"SourceName": "Microsoft-Windows-Sysmon", "ProviderGuid": "{5770385f-c22a-43e0-bf4c-06f5698ffbd9}", "Level": "4", "Keywords": "0x8000000000000000", "Channel": "Microsoft-Windows-Sysmon/Operational", "Hostname": "DC01.pandalab.com", "TimeCreated": "2023-07-19T09:02:30.293Z", "@timestamp": "2023-07-19T09:02:30.293Z", "EventID": 10, "Message": "Process accessed:\r\nRuleName: -\r\nUtcTime: 2023-07-19 16:02:30.288\r\nSourceProcessGUID: {fe86be69-25d2-64b6-2000-000000001000}\r\nSourceProcessId: 1244\r\nSourceThreadId: 1348\r\nSourceImage: C:\\Windows\\System32\\VBoxService.exe\r\nTargetProcessGUID: {fe86be69-3dcc-64b6-5f01-000000001000}\r\nTargetProcessId: 5836\r\nTargetImage: C:\\Windows\\System32\\RuntimeBroker.exe\r\nGrantedAccess: 0x1400\r\nCallTrace: C:\\Windows\\SYSTEM32\\ntdll.dll+9f934|C:\\Windows\\System32\\KERNELBASE.dll+44a5e|C:\\Windows\\System32\\VBoxService.exe+13bad|C:\\Windows\\System32\\VBoxService.exe+13a2f|C:\\Windows\\System32\\VBoxService.exe+14d25|C:\\Windows\\System32\\VBoxService.exe+103d0|C:\\Windows\\System32\\VBoxService.exe+1bc5|C:\\Windows\\System32\\VBoxService.exe+1b2bb|C:\\Windows\\System32\\VBoxService.exe+200f5|C:\\Windows\\System32\\KERNEL32.DLL+14de0|C:\\Windows\\SYSTEM32\\ntdll.dll+7e3db\r\nSourceUser: NT AUTHORITY\\SYSTEM\r\nTargetUser: PANDALAB\\Administrator", "Task": "10", "RuleName": "-", "UtcTime": "2023-07-19 16:02:30.288", "SourceProcessGUID": "{fe86be69-25d2-64b6-2000-000000001000}", "SourceProcessId": "1244", "SourceThreadId": "1348", "SourceImage": "C:\\Windows\\System32\\VBoxService.exe", "TargetProcessGUID": "{fe86be69-3dcc-64b6-5f01-000000001000}", "TargetProcessId": "5836", "TargetImage": "C:\\Windows\\System32\\RuntimeBroker.exe", "GrantedAccess": "0x1400", "CallTrace": "C:\\Windows\\SYSTEM32\\ntdll.dll+9f934|C:\\Windows\\System32\\KERNELBASE.dll+44a5e|C:\\Windows\\System32\\VBoxService.exe+13bad|C:\\Windows\\System32\\VBoxService.exe+13a2f|C:\\Windows\\System32\\VBoxService.exe+14d25|C:\\Windows\\System32\\VBoxService.exe+103d0|C:\\Windows\\System32\\VBoxService.exe+1bc5|C:\\Windows\\System32\\VBoxService.exe+1b2bb|C:\\Windows\\System32\\VBoxService.exe+200f5|C:\\Windows\\System32\\KERNEL32.DLL+14de0|C:\\Windows\\SYSTEM32\\ntdll.dll+7e3db", "SourceUser": "NT AUTHORITY\\SYSTEM", "TargetUser": "PANDALAB\\Administrator"}
{"SourceName": "Microsoft-Windows-Sysmon", "ProviderGuid": "{5770385f-c22a-43e0-bf4c-06f5698ffbd9}", "Level": "4", "Keywords": "0x8000000000000000", "Channel": "Microsoft-Windows-Sysmon/Operational", "Hostname": "DESKTOP-CQF82L6", "TimeCreated": "2022-07-05T02:02:13.605Z", "@timestamp": "2022-07-05T02:02:13.605Z", "EventID": 12, "Message": "Registry object added or deleted:\r\nRuleName: -\r\nEventType: CreateKey\r\nUtcTime: 2022-07-05 21:02:13.594\r\nProcessGuid: {01e2a015-a6d4-62c4-b607-000000000700}\r\nProcessId: 8976\r\nImage: C:\\Windows\\system32\\BackgroundTaskHost.exe\r\nTargetObject: \\REGISTRY\\A\\{f0649895-1108-d7a3-fdd7-3185193eb9d8}\\LocalState\r\nUser: DESKTOP-CQF82L6\\pedro", "Task": "12", "RuleName": "-", "EventType": "CreateKey", "UtcTime": "2022-07-05 21:02:13.594", "ProcessGuid": "{01e2a015-a6d4-62c4-b607-000000000700}", "ProcessId": "8976", "Image": "C:\\Windows\\system32\\BackgroundTaskHost.exe", "TargetObject": "\\REGISTRY\\A\\{f0649895-1108-d7a3-fdd7-3185193eb9d8}\\LocalState", "User": "DESKTOP-CQF82L6\\pedro"}
{"@version": "1", "EventType": "INFO", "AccountType": "User", "ThreadID": 4364, "Channel": "Microsoft-Windows-Sysmon/Operational", "OpcodeValue": 0, "OriginalFileName": "wbemcomn.dll", "Hostname": "WORKSTATION5.theshire.local", "@timestamp": "2020-08-06T06:28:49.671Z", "ProcessId": "3336", "Signed": "true", "host": "wec.internal.cloudapp.net", "SignatureStatus": "Valid", "Severity": "INFO", "SeverityValue": 2, "Image": "C:\\Windows\\System32\\wbem\\WmiPrvSE.exe", "SourceModuleType": "im_msvistalog", "FileVersion": "10.0.18362.1 (WinBuild.160101.0800)", "Version": 3, "Company": "Microsoft Corporation", "EventTime": "2020-08-06 02:28:49", "Task": 7, "Signature": "Microsoft Windows", "SourceName": "Microsoft-Windows-Sysmon", "Message": "Image loaded:\r\nRuleName: -\r\nUtcTime: 2020-08-06 06:28:49.098\r\nProcessGuid: {297bc33e-a321-5f2b-dd03-000000000400}\r\nProcessId: 3336\r\nImage: C:\\Windows\\System32\\wbem\\WmiPrvSE.exe\r\nImageLoaded: C:\\Windows\\System32\\wbemcomn.dll\r\nFileVersion: 10.0.18362.1 (WinBuild.160101.0800)\r\nDescription: WMI\r\nProduct: Microsoft® Windows® Operating System\r\nCompany: Microsoft Corporation\r\nOriginalFileName: wbemcomn.dll\r\nHashes: SHA1=55E3CFD45165D85D68E41DCFA8CDEE7A49748535,MD5=AF1FF79545FD839C3DD08BE291DCDFA0,SHA256=5E3CA3FB6DF4300CE08FAA4DDE075E0289546FA22091C11B2041A2F326B4CF6B,IMPHASH=1DA3FF19E9F7A598F95DC9DD3B4992F3\r\nSigned: true\r\nSignature: Microsoft Windows\r\nSignatureStatus: Valid", "SourceModuleName": "eventlog", "ImageLoaded": "C:\\Windows\\System32\\wbemcomn.dll", "EventReceivedTime": "2020-08-06 02:28:49", "port": 60122, "AccountName": "SYSTEM", "UtcTime": "2020-08-06 06:28:49.098", "Domain": "NT AUTHORITY", "ExecutionProcessID": 3284, "Hashes": "SHA1=55E3CFD45165D85D68E41DCFA8CDEE7A49748535,MD5=AF1FF79545FD839C3DD08BE291DCDFA0,SHA256=5E3CA3FB6DF4300CE08FAA4DDE075E0289546FA22091C11B2041A2F326B4CF6B,IMPHASH=1DA3FF19E9F7A598F95DC9DD3B4992F3", "Description": "WMI", "UserID": "S-1-5-18", "EventID": 7, "Product": "Microsoft® Windows® Operating System", "ProviderGuid": "{5770385F-C22A-43E0-BF4C-06F5698FFBD9}", "RecordNumber": 300665, "Keywords": -9223372036854775808, "ProcessGuid": "{297bc33e-a321-5f2b-dd03-000000000400}", "tags": ["mordorDataset"], "RuleName": "-"}
{"Keywords": -9223372036854775808, "SeverityValue": 2, "SourceImage": "C:\\windows\\System32\\WindowsPowerShell\\v1.0\\powershell.exe", "EventID": 10, "ProviderGuid": "{5770385F-C22A-43E0-BF4C-06F5698FFBD9}", "ExecutionProcessID": 3172, "Channel": "Microsoft-Windows-Sysmon/Operational", "host": "wec.internal.cloudapp.net", "AccountType": "User", "UserID": "S-1-5-18", "SourceProcessGUID": "{b34bc01c-a92a-5f69-7e02-000000000900}", "ThreadID": 4048, "TargetImage": "C:\\windows\\system32\\svchost.exe", "GrantedAccess": "0x40", "EventType": "INFO", "Opcode": "Info", "EventTime": "2020-09-22 04:11:49", "EventReceivedTime": "2020-09-22 04:12:04", "@timestamp": "2020-09-22T08:12:47.319Z", "SourceModuleType": "im_msvistalog", "port": 64545, "AccountName": "SYSTEM", "RecordNumber": 3366750, "SourceProcessId": "5972", "SourceThreadId": "7956", "Task": 10, "Domain": "NT AUTHORITY", "@version": "1", "OpcodeValue": 0, "SourceModuleName": "eventlog", "TargetProcessGUID": "{b34bc01c-226b-5f69-1200-000000000900}", "Severity": "INFO", "SourceName": "Microsoft-Windows-Sysmon", "Version": 3, "TargetProcessId": "60", "Category": "Process accessed (rule: ProcessAccess)", "CallTrace": "C:\\windows\\SYSTEM32\\ntdll.dll+9c534|C:\\windows\\System32\\KERNELBASE.dll+305fe|UNKNOWN(0000017C418A9649)", "UtcTime": "2020-09-22 08:11:49.647", "Hostname": "WORKSTATION5.theshire.local", "RuleName": "-", "tags": ["mordorDataset"]}
{"RecordNumber": 369873, "UserID": "S-1-5-18", "EventTime": "2020-09-01 21:44:10", "ExecutionProcessID": 3120, "ThreadID": 4312, "ProcessId": "6976", "ProcessGuid": "{ff90ade3-f8ea-5f4e-7c04-000000000400}", "Image": "C:\\Windows\\System32\\RuntimeBroker.exe", "Description": "GDI Client DLL", "ImageLoaded": "C:\\Windows\\System32\\gdi32full.dll", "SignatureStatus": "Valid", "OriginalFileName": "gdi32", "ProviderGuid": "{5770385F-C22A-43E0-BF4C-06F5698FFBD9}", "@version": "1", "UtcTime": "2020-09-02 01:44:10.880", "Hashes": "SHA1=8AAB3BA2B03CCDE649733F4410FD14C5CC50D86B,MD5=84E6E43C1A11F29DF44E8204BFFCCF0E,SHA256=F469CC0AC1D5987455AFD4DAB53F59B76AB10C88655E01226FEF1F7C13740D54,IMPHASH=4D32F6E2211CD04CA28C2CD4FAC607E8", "Channel": "Microsoft-Windows-Sysmon/Operational", "Category": "Image loaded (rule: ImageLoad)", "AccountName": "SYSTEM", "Severity": "INFO", "Hostname": "WORKSTATION5.theshire.local", "@timestamp": "2020-09-02T01:44:11.685Z", "Product": "Microsoft® Windows® Operating System", "EventReceivedTime": "2020-09-01 21:44:11", "SourceModuleType": "im_msvistalog", "tags": ["mordorDataset"], "SourceName": "Microsoft-Windows-Sysmon", "host": "wec.internal.cloudapp.net", "Signed": "true", "Domain": "NT AUTHORITY", "OpcodeValue": 0, "Message": "Image loaded:\r\nRuleName: -\r\nUtcTime: 2020-09-02 01:44:10.880\r\nProcessGuid: {ff90ade3-f8ea-5f4e-7c04-000000000400}\r\nProcessId: 6976\r\nImage: C:\\Windows\\System32\\RuntimeBroker.exe\r\nImageLoaded: C:\\Windows\\System32\\gdi32full.dll\r\nFileVersion: 10.0.18362.1016 (WinBuild.160101.0800)\r\nDescription: GDI Client DLL\r\nProduct: Microsoft® Windows® Operating System\r\nCompany: Microsoft Corporation\r\nOriginalFileName: gdi32\r\nHashes: SHA1=8AAB3BA2B03CCDE649733F4410FD14C5CC50D86B,MD5=84E6E43C1A11F29DF44E8204BFFCCF0E,SHA256=F469CC0AC1D5987455AFD4DAB53F59B76AB10C88655E01226FEF1F7C13740D54,IMPHASH=4D32F6E2211CD04CA28C2CD4FAC607E8\r\nSigned: true\r\nSignature: Microsoft Windows\r\nSignatureStatus: Valid", "SeverityValue": 2, "port": 57603, "Keywords": -9223372036854775808, "AccountType": "User", "Version": 3, "RuleName": "-", "FileVersion": "10.0.18362.1016 (WinBuild.160101.0800)", "Company": "Microsoft Corporation", "SourceModuleName": "eventlog", "EventType": "INFO", "Task": 7, "Opcode": "Info", "EventID": 7, "Signature": "Microsoft Windows"}
{"SourceName": "Microsoft-Windows-Sysmon", "ProviderGuid": "{5770385f-c22a-43e0-bf4c-06f5698ffbd9}", "Level": "4", "Keywords": "0x8000000000000000", "Channel": "Microsoft-Windows-Sysmon/Operational", "Hostname": "Pedro01", "TimeCreated": "2022-08-08T12:30:47.436Z", "@timestamp": "2022-08-08T12:30:47.436Z", "EventID": 10, "Message": "Process accessed:\r\nRuleName: -\r\nUtcTime: 2022-08-08 19:30:47.430\r\nSourceProcessGUID: {625b42a0-6b36-62e9-1b00-000000000900}\r\nSourceProcessId: 1048\r\nSourceThreadId: 1244\r\nSourceImage: C:\\Windows\\System32\\VBoxService.exe\r\nTargetProcessGUID: {625b42a0-411f-62e9-6200-000000000900}\r\nTargetProcessId: 4072\r\nTargetImage: C:\\Windows\\Explorer.EXE\r\nGrantedAccess: 0x1400\r\nCallTrace: C:\\Windows\\SYSTEM32\\ntdll.dll+9c524|C:\\Windows\\System32\\KERNELBASE.dll+2730e|C:\\Windows\\System32\\VBoxService.exe+13357|C:\\Windows\\System32\\VBoxService.exe+145d4|C:\\Windows\\System32\\VBoxService.exe+1487e|C:\\Windows\\System32\\VBoxService.exe+102bb|C:\\Windows\\System32\\VBoxService.exe+10dc0|C:\\Windows\\System32\\VBoxService.exe+17ee|C:\\Windows\\System32\\VBoxService.exe+3234f|C:\\Windows\\System32\\VBoxService.exe+35f1c|C:\\Windows\\System32\\VBoxService.exe+103663|C:\\Windows\\System32\\VBoxService.exe+1036f7|C:\\Windows\\System32\\KERNEL32.DLL+17944|C:\\Windows\\SYSTEM32\\ntdll.dll+6ce71\r\nSourceUser: NT AUTHORITY\\SYSTEM\r\nTargetUser: PEDRO01\\IT01-Pedro", "Task": "10", "RuleName": "-", "UtcTime": "2022-08-08 19:30:47.430", "SourceProcessGUID": "{625b42a0-6b36-62e9-1b00-000000000900}", "SourceProcessId": "1048", "SourceThreadId": "1244", "SourceImage": "C:\\Windows\\System32\\VBoxService.exe", "TargetProcessGUID": "{625b42a0-411f-62e9-6200-000000000900}", "TargetProcessId": "4072", "TargetImage": "C:\\Windows\\Explorer.EXE", "GrantedAccess": "0x1400", "CallTrace": "C:\\Windows\\SYSTEM32\\ntdll.dll+9c524|C:\\Windows\\System32\\KERNELBASE.dll+2730e|C:\\Windows\\System32\\VBoxService.exe+13357|C:\\Windows\\System32\\VBoxService.exe+145d4|C:\\Windows\\System32\\VBoxService.exe+1487e|C:\\Windows\\System32\\VBoxService.exe+102bb|C:\\Windows\\System32\\VBoxService.exe+10dc0|C:\\Windows\\System32\\VBoxService.exe+17ee|C:\\Windows\\System32\\VBoxService.exe+3234f|C:\\Windows\\System32\\VBoxService.exe+35f1c|C:\\Windows\\System32\\VBoxService.exe+103663|C:\\Windows\\System32\\VBoxService.exe+1036f7|C:\\Windows\\System32\\KERNEL32.DLL+17944|C:\\Windows\\SYSTEM32\\ntdll.dll+6ce71", "SourceUser": "NT AUTHORITY\\SYSTEM", "TargetUser": "PEDRO01\\IT01-Pedro"}
{"SourceName": "Microsoft-Windows-Sysmon", "ProviderGuid": "{5770385f-c22a-43e0-bf4c-06f5698ffbd9}", "Level": "4", "Keywords": "0x8000000000000000", "Channel": "Microsoft-Windows-Sysmon/Operational", "Hostname": "Pedro01", "TimeCreated": "2022-08-03T07:30:40.469Z", "@timestamp": "2022-08-03T07:30:40.469Z", "EventID": 7, "Message": "Image loaded:\r\nRuleName: -\r\nUtcTime: 2022-08-04 02:30:40.450\r\nProcessGuid: {625b42a0-2f50-62eb-9a05-000000000900}\r\nProcessId: 112\r\nImage: C:\\Windows\\System32\\conhost.exe\r\nImageLoaded: C:\\Windows\\System32\\windows.storage.dll\r\nFileVersion: 10.0.18362.1 (WinBuild.160101.0800)\r\nDescription: Microsoft WinRT Storage API\r\nProduct: Microsoft® Windows® Operating System\r\nCompany: Microsoft Corporation\r\nOriginalFileName: Windows.Storage.dll\r\nHashes: SHA1=135C87A66E6BE2BDBB722266267539E34DDF5977,MD5=F3913371878E8D5AE7A89E4A6F599292,SHA256=BEC42B40532B3C9795B7B0701BED6CAA6D6B0B5ED08A4848B1A83567E7B1EE2D,IMPHASH=9A1722E6C03865FD52C77DD1DC77F055\r\nSigned: true\r\nSignature: Microsoft Windows\r\nSignatureStatus: Valid\r\nUser: PEDRO01\\pedro", "Task": "7", "RuleName": "-", "UtcTime": "2022-08-04 02:30:40.450", "ProcessGuid": "{625b42a0-2f50-62eb-9a05-000000000900}", "ProcessId": "112", "Image": "C:\\Windows\\System32\\conhost.exe", "ImageLoaded": "C:\\Windows\\System32\\windows.storage.dll", "FileVersion": "10.0.18362.1 (WinBuild.160101.0800)", "Description": "Microsoft WinRT Storage API", "Product": "Microsoft® Windows® Operating System", "Company": "Microsoft Corporation", "OriginalFileName": "Windows.Storage.dll", "Hashes": "SHA1=135C87A66E6BE2BDBB722266267539E34DDF5977,MD5=F3913371878E8D5AE7A89E4A6F599292,SHA256=BEC42B40532B3C9795B7B0701BED6CAA6D6B0B5ED08A4848B1A83567E7B1EE2D,IMPHASH=9A1722E6C03865FD52C77DD1DC77F055", "Signed": "true", "Signature": "Microsoft Windows", "SignatureStatus": "Valid", "User": "PEDRO01\\pedro"}
